DEBUG [2018-10-27 16:19:12] C:\Users\Tc\Desktop\众瑞\zhongrui\server\libs\utils\log.py 52 debug 19768 20164 
 	 [PublicAPIView : get_verification_code]Training complete in 2.709139 real seconds 

DEBUG [2018-10-27 16:20:08] C:\Users\Tc\Desktop\众瑞\zhongrui\server\libs\utils\log.py 52 debug 19768 7980 
 	 [UserAPIView : register]Training complete in 7.632107 real seconds 

DEBUG [2018-10-27 16:20:29] C:\Users\Tc\Desktop\众瑞\zhongrui\server\libs\utils\log.py 52 debug 19768 4576 
 	 [UserAPIView : login]Training complete in 4.654197 real seconds 

DEBUG [2018-10-27 16:20:36] C:\Users\Tc\Desktop\众瑞\zhongrui\server\libs\utils\log.py 52 debug 19768 2440 
 	 [PublicAPIView : teamquery]Training complete in 0.625368 real seconds 

DEBUG [2018-10-27 16:21:22] C:\Users\Tc\Desktop\众瑞\zhongrui\server\libs\utils\log.py 52 debug 19768 17728 
 	 [PublicAPIView : activation]Training complete in 1.225585 real seconds 

DEBUG [2018-10-27 16:21:27] C:\Users\Tc\Desktop\众瑞\zhongrui\server\libs\utils\log.py 52 debug 19768 19760 
 	 [PublicAPIView : teamquery]Training complete in 0.536523 real seconds 

DEBUG [2018-10-27 16:21:33] C:\Users\Tc\Desktop\众瑞\zhongrui\server\libs\utils\log.py 52 debug 19768 8412 
 	 [PublicAPIView : userquery]Training complete in 0.330115 real seconds 

DEBUG [2018-10-27 16:21:46] C:\Users\Tc\Desktop\众瑞\zhongrui\server\libs\utils\log.py 52 debug 19768 12640 
 	 [UserAPIView : login]Training complete in 3.257448 real seconds 

DEBUG [2018-10-27 16:21:55] C:\Users\Tc\Desktop\众瑞\zhongrui\server\libs\utils\log.py 52 debug 19768 9896 
 	 [PublicAPIView : teamquery]Training complete in 0.666198 real seconds 

DEBUG [2018-10-27 16:22:17] C:\Users\Tc\Desktop\众瑞\zhongrui\server\libs\utils\log.py 52 debug 19768 19972 
 	 [PublicAPIView : userquery]Training complete in 0.613360 real seconds 

DEBUG [2018-10-27 16:22:27] C:\Users\Tc\Desktop\众瑞\zhongrui\server\libs\utils\log.py 52 debug 19768 7704 
 	 [UserAPIView : login]Training complete in 3.089688 real seconds 

DEBUG [2018-10-27 16:23:03] C:\Users\Tc\Desktop\众瑞\zhongrui\server\libs\utils\log.py 52 debug 19768 18816 
 	 [PublicAPIView : tgbzlimitquery]Training complete in 0.307136 real seconds 

DEBUG [2018-10-27 16:23:20] C:\Users\Tc\Desktop\众瑞\zhongrui\server\libs\utils\log.py 52 debug 19768 18356 
 	 [PublicAPIView : tgbz]Training complete in 2.147252 real seconds 

DEBUG [2018-10-27 16:23:29] C:\Users\Tc\Desktop\众瑞\zhongrui\server\libs\utils\log.py 52 debug 19768 20148 
 	 [PublicAPIView : teamquery]Training complete in 0.612344 real seconds 

DEBUG [2018-10-27 16:23:35] C:\Users\Tc\Desktop\众瑞\zhongrui\server\libs\utils\log.py 52 debug 19768 8448 
 	 [OrderAPIView : orderquery]Training complete in 0.392908 real seconds 

DEBUG [2018-10-27 16:24:22] C:\Users\Tc\Desktop\众瑞\zhongrui\server\libs\utils\log.py 52 debug 19768 16424 
 	 [ServerAdmin : login]Training complete in 3.853653 real seconds 

DEBUG [2018-10-27 16:28:06] C:\Users\Tc\Desktop\众瑞\zhongrui\server\libs\utils\log.py 52 debug 19768 21068 
 	 [ServerAdmin : matchquery]Training complete in 1.282256 real seconds 

DEBUG [2018-10-27 16:28:06] C:\Users\Tc\Desktop\众瑞\zhongrui\server\libs\utils\log.py 52 debug 19768 16408 
 	 [ServerAdmin : matchquery]Training complete in 1.302352 real seconds 

DEBUG [2018-10-27 16:28:07] C:\Users\Tc\Desktop\众瑞\zhongrui\server\libs\utils\log.py 52 debug 19768 20948 
 	 [ServerAdmin : userquery]Training complete in 6.622293 real seconds 

DEBUG [2018-10-27 16:28:20] C:\Users\Tc\Desktop\众瑞\zhongrui\server\libs\utils\log.py 52 debug 19768 17456 
 	 [ServerAdmin : tgbzquery]Training complete in 13.464737 real seconds 

DEBUG [2018-10-27 16:28:25] C:\Users\Tc\Desktop\众瑞\zhongrui\server\libs\utils\log.py 52 debug 19768 11148 
 	 [ServerAdmin : jsbzquery]Training complete in 10.996383 real seconds 

DEBUG [2018-10-27 16:28:36] C:\Users\Tc\Desktop\众瑞\zhongrui\server\libs\utils\log.py 52 debug 19768 21296 
 	 [ServerAdmin : tgbzquery]Training complete in 15.548610 real seconds 

DEBUG [2018-10-27 16:32:01] C:\Users\Tc\Desktop\众瑞\zhongrui\server\libs\utils\log.py 52 debug 19768 20560 
 	 [ServerAdmin : ordersplit]Training complete in 4.100518 real seconds 

DEBUG [2018-10-27 16:32:21] C:\Users\Tc\Desktop\众瑞\zhongrui\server\libs\utils\log.py 52 debug 19768 18568 
 	 [ServerAdmin : tgbzquery]Training complete in 9.904362 real seconds 

DEBUG [2018-10-27 16:32:32] C:\Users\Tc\Desktop\众瑞\zhongrui\server\libs\utils\log.py 52 debug 19768 18712 
 	 [ServerAdmin : tgbzquery]Training complete in 21.011642 real seconds 

DEBUG [2018-10-27 16:33:21] C:\Users\Tc\Desktop\众瑞\zhongrui\server\libs\utils\log.py 52 debug 19768 18024 
 	 [ServerAdmin : matchadd]Training complete in 3.738189 real seconds 

DEBUG [2018-10-27 16:33:48] C:\Users\Tc\Desktop\众瑞\zhongrui\server\libs\utils\log.py 52 debug 19768 9000 
 	 [ServerAdmin : jsbzquery]Training complete in 24.148265 real seconds 

DEBUG [2018-10-27 16:35:12] C:\Users\Tc\Desktop\众瑞\zhongrui\server\libs\utils\log.py 52 debug 19768 8080 
 	 [ServerAdmin : matchadd]Training complete in 3.597428 real seconds 

DEBUG [2018-10-27 16:35:19] C:\Users\Tc\Desktop\众瑞\zhongrui\server\libs\utils\log.py 52 debug 19768 8656 
 	 [ServerAdmin : matchquery]Training complete in 0.641280 real seconds 

DEBUG [2018-10-27 16:35:19] C:\Users\Tc\Desktop\众瑞\zhongrui\server\libs\utils\log.py 52 debug 19768 14916 
 	 [ServerAdmin : matchquery]Training complete in 0.653758 real seconds 

DEBUG [2018-10-27 16:35:25] C:\Users\Tc\Desktop\众瑞\zhongrui\server\libs\utils\log.py 52 debug 19768 13736 
 	 [ServerAdmin : match]Training complete in 3.568068 real seconds 

DEBUG [2018-10-27 16:35:36] C:\Users\Tc\Desktop\众瑞\zhongrui\server\libs\utils\log.py 52 debug 19768 18968 
 	 [PublicAPIView : userquery]Training complete in 0.587460 real seconds 

DEBUG [2018-10-27 16:35:44] C:\Users\Tc\Desktop\众瑞\zhongrui\server\libs\utils\log.py 52 debug 19768 15132 
 	 [OrderAPIView : orderquery]Training complete in 0.441101 real seconds 

DEBUG [2018-10-27 16:36:00] C:\Users\Tc\Desktop\众瑞\zhongrui\server\libs\utils\log.py 52 debug 19768 14672 
 	 [PublicAPIView : orderobjquery]Training complete in 0.710101 real seconds 

ERROR [2018-10-27 16:36:15] C:\Users\Tc\Desktop\众瑞\zhongrui\server\libs\utils\log.py 31 error 19768 13116 
 	 'NoneType' object has no attribute 'split' 

DEBUG [2018-10-27 16:37:55] C:\Users\Tc\Desktop\众瑞\zhongrui\server\libs\utils\log.py 52 debug 19768 11832 
 	 [PublicAPIView : userquery]Training complete in 0.804847 real seconds 

DEBUG [2018-10-27 16:38:13] C:\Users\Tc\Desktop\众瑞\zhongrui\server\libs\utils\log.py 52 debug 19768 15328 
 	 [UserAPIView : login]Training complete in 4.057198 real seconds 

DEBUG [2018-10-27 16:38:20] C:\Users\Tc\Desktop\众瑞\zhongrui\server\libs\utils\log.py 52 debug 19768 12920 
 	 [OrderAPIView : orderquery]Training complete in 0.331114 real seconds 

DEBUG [2018-10-27 16:38:26] C:\Users\Tc\Desktop\众瑞\zhongrui\server\libs\utils\log.py 52 debug 19768 9080 
 	 [OrderAPIView : orderquery]Training complete in 0.574462 real seconds 

DEBUG [2018-10-27 16:38:33] C:\Users\Tc\Desktop\众瑞\zhongrui\server\libs\utils\log.py 52 debug 19768 788 
 	 [PublicAPIView : orderobjquery]Training complete in 0.919495 real seconds 

DEBUG [2018-10-27 16:38:47] C:\Users\Tc\Desktop\众瑞\zhongrui\server\libs\utils\log.py 52 debug 19768 14840 
 	 [PublicAPIView : orderobconfirm]Training complete in 8.381531 real seconds 

DEBUG [2018-10-27 16:38:51] C:\Users\Tc\Desktop\众瑞\zhongrui\server\libs\utils\log.py 52 debug 19768 6548 
 	 [OrderAPIView : orderquery]Training complete in 0.404916 real seconds 

DEBUG [2018-10-27 16:40:46] C:\Users\Tc\Desktop\众瑞\zhongrui\server\libs\utils\log.py 52 debug 21332 328 
 	 [OrderAPIView : orderquery]Training complete in 0.623486 real seconds 

DEBUG [2018-10-27 16:40:53] C:\Users\Tc\Desktop\众瑞\zhongrui\server\libs\utils\log.py 52 debug 21332 19544 
 	 [OrderAPIView : orderquery]Training complete in 0.685209 real seconds 

DEBUG [2018-10-27 16:41:02] C:\Users\Tc\Desktop\众瑞\zhongrui\server\libs\utils\log.py 52 debug 21332 21268 
 	 [PublicAPIView : orderobjquery]Training complete in 0.894647 real seconds 

DEBUG [2018-10-27 16:45:19] C:\Users\Tc\Desktop\众瑞\zhongrui\server\libs\utils\log.py 52 debug 4824 17672 
 	 [PublicAPIView : orderobconfirm]Training complete in 9.040466 real seconds 

DEBUG [2018-10-27 16:45:24] C:\Users\Tc\Desktop\众瑞\zhongrui\server\libs\utils\log.py 52 debug 4824 15972 
 	 [OrderAPIView : orderquery]Training complete in 0.517616 real seconds 

DEBUG [2018-10-27 16:45:45] C:\Users\Tc\Desktop\众瑞\zhongrui\server\libs\utils\log.py 52 debug 4824 3496 
 	 [PublicAPIView : userquery]Training complete in 1.309577 real seconds 

DEBUG [2018-10-27 16:56:13] C:\Users\Tc\Desktop\众瑞\zhongrui\server\libs\utils\log.py 52 debug 4824 20720 
 	 [UserAPIView : login]Training complete in 3.303178 real seconds 

DEBUG [2018-10-27 16:56:21] C:\Users\Tc\Desktop\众瑞\zhongrui\server\libs\utils\log.py 52 debug 4824 20044 
 	 [PublicAPIView : tranlistbquery]Training complete in 0.358100 real seconds 

DEBUG [2018-10-27 16:56:31] C:\Users\Tc\Desktop\众瑞\zhongrui\server\libs\utils\log.py 52 debug 4824 8132 
 	 [PublicAPIView : tranlistbquery]Training complete in 0.272312 real seconds 

DEBUG [2018-10-27 16:59:37] C:\Users\Tc\Desktop\众瑞\zhongrui\server\libs\utils\log.py 52 debug 1828 17152 
 	 [PublicAPIView : tranlistbquery]Training complete in 0.485738 real seconds 

