DEBUG [2018-10-18 05:06:25] C:\Users\Tc\Desktop\众瑞\zhongrui\server\libs\utils\log.py 52 debug 11988 12360 
 	 [UserAPIView : login]Training complete in 1.068143 real seconds 

DEBUG [2018-10-18 05:06:29] C:\Users\Tc\Desktop\众瑞\zhongrui\server\libs\utils\log.py 52 debug 11988 11352 
 	 [PublicAPIView : userquery]Training complete in 0.042886 real seconds 

DEBUG [2018-10-18 05:08:06] C:\Users\Tc\Desktop\众瑞\zhongrui\server\libs\utils\log.py 52 debug 11988 9156 
 	 [PublicAPIView : userquery]Training complete in 0.035929 real seconds 

DEBUG [2018-10-18 05:08:14] C:\Users\Tc\Desktop\众瑞\zhongrui\server\libs\utils\log.py 52 debug 11988 2504 
 	 [PublicAPIView : userquery]Training complete in 0.022901 real seconds 

DEBUG [2018-10-18 05:09:07] C:\Users\Tc\Desktop\众瑞\zhongrui\server\libs\utils\log.py 52 debug 11988 4164 
 	 [PublicAPIView : userquery]Training complete in 0.033908 real seconds 

DEBUG [2018-10-18 05:09:20] C:\Users\Tc\Desktop\众瑞\zhongrui\server\libs\utils\log.py 52 debug 11988 2440 
 	 [PublicAPIView : tranlistbquery]Training complete in 0.027925 real seconds 

DEBUG [2018-10-18 05:09:20] C:\Users\Tc\Desktop\众瑞\zhongrui\server\libs\utils\log.py 52 debug 11988 4552 
 	 [PublicAPIView : userquery]Training complete in 0.061790 real seconds 

DEBUG [2018-10-18 05:09:24] C:\Users\Tc\Desktop\众瑞\zhongrui\server\libs\utils\log.py 52 debug 11988 10888 
 	 [PublicAPIView : userquery]Training complete in 0.018916 real seconds 

DEBUG [2018-10-18 05:09:27] C:\Users\Tc\Desktop\众瑞\zhongrui\server\libs\utils\log.py 52 debug 11988 1516 
 	 [PublicAPIView : tranlistbquery]Training complete in 0.007986 real seconds 

DEBUG [2018-10-18 05:09:27] C:\Users\Tc\Desktop\众瑞\zhongrui\server\libs\utils\log.py 52 debug 11988 13448 
 	 [PublicAPIView : userquery]Training complete in 0.057843 real seconds 

DEBUG [2018-10-18 05:09:35] C:\Users\Tc\Desktop\众瑞\zhongrui\server\libs\utils\log.py 52 debug 11988 11520 
 	 [PublicAPIView : userquery]Training complete in 0.026924 real seconds 

DEBUG [2018-10-18 05:12:48] C:\Users\Tc\Desktop\众瑞\zhongrui\server\libs\utils\log.py 52 debug 11988 2680 
 	 [UserAPIView : login]Training complete in 1.066149 real seconds 

DEBUG [2018-10-18 05:15:41] C:\Users\Tc\Desktop\众瑞\zhongrui\server\libs\utils\log.py 52 debug 6468 8284 
 	 [PublicAPIView : userquery]Training complete in 0.029920 real seconds 

DEBUG [2018-10-18 05:15:52] C:\Users\Tc\Desktop\众瑞\zhongrui\server\libs\utils\log.py 52 debug 6468 11744 
 	 [PublicAPIView : get_verification_code]Training complete in 1.354375 real seconds 

DEBUG [2018-10-18 05:17:11] C:\Users\Tc\Desktop\众瑞\zhongrui\server\libs\utils\log.py 52 debug 6468 7504 
 	 [UserAPIView : register]Training complete in 2.095380 real seconds 

DEBUG [2018-10-18 05:18:56] C:\Users\Tc\Desktop\众瑞\zhongrui\server\libs\utils\log.py 52 debug 6468 13428 
 	 [PublicAPIView : get_verification_code]Training complete in 1.237689 real seconds 

DEBUG [2018-10-18 05:20:45] C:\Users\Tc\Desktop\众瑞\zhongrui\server\libs\utils\log.py 52 debug 6468 10404 
 	 [UserAPIView : register]Training complete in 2.143258 real seconds 

DEBUG [2018-10-18 05:22:11] C:\Users\Tc\Desktop\众瑞\zhongrui\server\libs\utils\log.py 52 debug 2448 1304 
 	 [PublicAPIView : get_verification_code]Training complete in 1.270599 real seconds 

DEBUG [2018-10-18 05:22:18] C:\Users\Tc\Desktop\众瑞\zhongrui\server\libs\utils\log.py 52 debug 2448 2224 
 	 [UserAPIView : register]Training complete in 2.116299 real seconds 

DEBUG [2018-10-18 05:23:02] C:\Users\Tc\Desktop\众瑞\zhongrui\server\libs\utils\log.py 52 debug 2208 10320 
 	 [PublicAPIView : get_verification_code]Training complete in 1.325459 real seconds 

DEBUG [2018-10-18 05:23:10] C:\Users\Tc\Desktop\众瑞\zhongrui\server\libs\utils\log.py 52 debug 2208 9844 
 	 [UserAPIView : register]Training complete in 2.102374 real seconds 

DEBUG [2018-10-18 05:27:10] C:\Users\Tc\Desktop\众瑞\zhongrui\server\libs\utils\log.py 52 debug 8296 11748 
 	 [PublicAPIView : get_verification_code]Training complete in 1.077124 real seconds 

DEBUG [2018-10-18 05:31:58] C:\Users\Tc\Desktop\众瑞\zhongrui\server\libs\utils\log.py 52 debug 3372 9024 
 	 [PublicAPIView : get_verification_code]Training complete in 1.049520 real seconds 

DEBUG [2018-10-18 05:32:08] C:\Users\Tc\Desktop\众瑞\zhongrui\server\libs\utils\log.py 52 debug 3372 7300 
 	 [UserAPIView : register]Training complete in 2.133300 real seconds 

DEBUG [2018-10-18 05:34:00] C:\Users\Tc\Desktop\众瑞\zhongrui\server\libs\utils\log.py 52 debug 7372 10876 
 	 [UserAPIView : login]Training complete in 1.025259 real seconds 

DEBUG [2018-10-18 05:34:06] C:\Users\Tc\Desktop\众瑞\zhongrui\server\libs\utils\log.py 52 debug 7372 2948 
 	 [PublicAPIView : teamquery]Training complete in 0.017901 real seconds 

DEBUG [2018-10-18 05:37:12] C:\Users\Tc\Desktop\众瑞\zhongrui\server\libs\utils\log.py 52 debug 10528 7304 
 	 [PublicAPIView : activation]Training complete in 0.022945 real seconds 

DEBUG [2018-10-18 05:37:14] C:\Users\Tc\Desktop\众瑞\zhongrui\server\libs\utils\log.py 52 debug 10528 8204 
 	 [PublicAPIView : teamquery]Training complete in 0.012014 real seconds 

DEBUG [2018-10-18 05:38:07] C:\Users\Tc\Desktop\众瑞\zhongrui\server\libs\utils\log.py 52 debug 14156 7352 
 	 [PublicAPIView : teamquery]Training complete in 0.012957 real seconds 

DEBUG [2018-10-18 05:38:11] C:\Users\Tc\Desktop\众瑞\zhongrui\server\libs\utils\log.py 52 debug 14156 1684 
 	 [PublicAPIView : activation]Training complete in 0.023935 real seconds 

DEBUG [2018-10-18 05:38:13] C:\Users\Tc\Desktop\众瑞\zhongrui\server\libs\utils\log.py 52 debug 14156 6212 
 	 [PublicAPIView : teamquery]Training complete in 0.010969 real seconds 

DEBUG [2018-10-18 05:38:46] C:\Users\Tc\Desktop\众瑞\zhongrui\server\libs\utils\log.py 52 debug 14156 13884 
 	 [PublicAPIView : userquery]Training complete in 0.029942 real seconds 

DEBUG [2018-10-18 05:38:55] C:\Users\Tc\Desktop\众瑞\zhongrui\server\libs\utils\log.py 52 debug 14156 11040 
 	 [PublicAPIView : passwdupd]Training complete in 0.010972 real seconds 

DEBUG [2018-10-18 05:39:01] C:\Users\Tc\Desktop\众瑞\zhongrui\server\libs\utils\log.py 52 debug 14156 11204 
 	 [PublicAPIView : userquery]Training complete in 0.028914 real seconds 

DEBUG [2018-10-18 05:39:12] C:\Users\Tc\Desktop\众瑞\zhongrui\server\libs\utils\log.py 52 debug 14156 7272 
 	 [UserAPIView : login]Training complete in 1.036203 real seconds 

DEBUG [2018-10-18 05:39:16] C:\Users\Tc\Desktop\众瑞\zhongrui\server\libs\utils\log.py 52 debug 14156 1876 
 	 [OrderAPIView : orderquery]Training complete in 0.010970 real seconds 

DEBUG [2018-10-18 05:39:20] C:\Users\Tc\Desktop\众瑞\zhongrui\server\libs\utils\log.py 52 debug 14156 32 
 	 [PublicAPIView : teamquery]Training complete in 0.009973 real seconds 

DEBUG [2018-10-18 05:39:22] C:\Users\Tc\Desktop\众瑞\zhongrui\server\libs\utils\log.py 52 debug 14156 11872 
 	 [PublicAPIView : userquery]Training complete in 0.024932 real seconds 

DEBUG [2018-10-18 05:39:26] C:\Users\Tc\Desktop\众瑞\zhongrui\server\libs\utils\log.py 52 debug 14156 3988 
 	 [PublicAPIView : tgbzlimitquery]Training complete in 0.013969 real seconds 

DEBUG [2018-10-18 05:41:54] C:\Users\Tc\Desktop\众瑞\zhongrui\server\libs\utils\log.py 52 debug 14156 3560 
 	 [PublicAPIView : querylucky]Training complete in 0.007963 real seconds 

DEBUG [2018-10-18 05:50:37] C:\Users\Tc\Desktop\众瑞\zhongrui\server\libs\utils\log.py 52 debug 14156 12512 
 	 [PublicAPIView : tgbzlimitquery]Training complete in 0.008938 real seconds 

DEBUG [2018-10-18 05:52:19] C:\Users\Tc\Desktop\众瑞\zhongrui\server\libs\utils\log.py 52 debug 14156 6292 
 	 [PublicAPIView : tgbzlimitquery]Training complete in 0.003956 real seconds 

DEBUG [2018-10-18 05:52:44] C:\Users\Tc\Desktop\众瑞\zhongrui\server\libs\utils\log.py 52 debug 14156 6976 
 	 [PublicAPIView : tgbzlimitquery]Training complete in 0.005029 real seconds 

DEBUG [2018-10-18 05:52:57] C:\Users\Tc\Desktop\众瑞\zhongrui\server\libs\utils\log.py 52 debug 14156 6264 
 	 [PublicAPIView : tgbzlimitquery]Training complete in 0.004987 real seconds 

DEBUG [2018-10-18 05:59:13] C:\Users\Tc\Desktop\众瑞\zhongrui\server\libs\utils\log.py 52 debug 6120 3160 
 	 [PublicAPIView : xsrcquery]Training complete in 0.019994 real seconds 

DEBUG [2018-10-18 05:59:26] C:\Users\Tc\Desktop\众瑞\zhongrui\server\libs\utils\log.py 52 debug 6120 3496 
 	 [PublicAPIView : xsrcquery]Training complete in 0.048865 real seconds 

DEBUG [2018-10-18 05:59:33] C:\Users\Tc\Desktop\众瑞\zhongrui\server\libs\utils\log.py 52 debug 6120 10932 
 	 [PublicAPIView : xsrcquery]Training complete in 0.008977 real seconds 

DEBUG [2018-10-18 06:00:06] C:\Users\Tc\Desktop\众瑞\zhongrui\server\libs\utils\log.py 52 debug 6120 7200 
 	 [PublicAPIView : xsrcquery]Training complete in 0.006976 real seconds 

DEBUG [2018-10-18 06:00:30] C:\Users\Tc\Desktop\众瑞\zhongrui\server\libs\utils\log.py 52 debug 6120 4760 
 	 [PublicAPIView : tgbz]Training complete in 0.033908 real seconds 

DEBUG [2018-10-18 06:00:48] C:\Users\Tc\Desktop\众瑞\zhongrui\server\libs\utils\log.py 52 debug 6120 1052 
 	 [PublicAPIView : xsrcquery]Training complete in 0.013996 real seconds 

DEBUG [2018-10-18 06:01:19] C:\Users\Tc\Desktop\众瑞\zhongrui\server\libs\utils\log.py 52 debug 6120 6092 
 	 [PublicAPIView : xsrcquery]Training complete in 0.005985 real seconds 

DEBUG [2018-10-18 06:16:16] C:\Users\Tc\Desktop\众瑞\zhongrui\server\libs\utils\log.py 52 debug 1960 13560 
 	 [PublicAPIView : xsrcquery]Training complete in 0.009971 real seconds 

DEBUG [2018-10-18 06:16:16] C:\Users\Tc\Desktop\众瑞\zhongrui\server\libs\utils\log.py 52 debug 1960 804 
 	 [PublicAPIView : getluckyindex]Training complete in 0.121674 real seconds 

DEBUG [2018-10-18 06:16:25] C:\Users\Tc\Desktop\众瑞\zhongrui\server\libs\utils\log.py 52 debug 1960 3028 
 	 [PublicAPIView : getluckyindex]Training complete in 0.029879 real seconds 

DEBUG [2018-10-18 06:16:25] C:\Users\Tc\Desktop\众瑞\zhongrui\server\libs\utils\log.py 52 debug 1960 11292 
 	 [PublicAPIView : xsrcquery]Training complete in 0.005983 real seconds 

DEBUG [2018-10-18 06:17:07] C:\Users\Tc\Desktop\众瑞\zhongrui\server\libs\utils\log.py 52 debug 1960 7100 
 	 [PublicAPIView : getluckyindex]Training complete in 0.032911 real seconds 

DEBUG [2018-10-18 06:17:07] C:\Users\Tc\Desktop\众瑞\zhongrui\server\libs\utils\log.py 52 debug 1960 7904 
 	 [PublicAPIView : xsrcquery]Training complete in 0.001994 real seconds 

DEBUG [2018-10-18 06:17:10] C:\Users\Tc\Desktop\众瑞\zhongrui\server\libs\utils\log.py 52 debug 1960 9024 
 	 [PublicAPIView : xsrcquery]Training complete in 0.010968 real seconds 

DEBUG [2018-10-18 06:17:10] C:\Users\Tc\Desktop\众瑞\zhongrui\server\libs\utils\log.py 52 debug 1960 12008 
 	 [PublicAPIView : getluckyindex]Training complete in 0.054810 real seconds 

DEBUG [2018-10-18 06:17:20] C:\Users\Tc\Desktop\众瑞\zhongrui\server\libs\utils\log.py 52 debug 1960 4140 
 	 [PublicAPIView : getluckyindex]Training complete in 0.038841 real seconds 

DEBUG [2018-10-18 06:18:27] C:\Users\Tc\Desktop\众瑞\zhongrui\server\libs\utils\log.py 52 debug 13904 7268 
 	 [PublicAPIView : userquery]Training complete in 0.077787 real seconds 

DEBUG [2018-10-18 07:23:18] C:\Users\Tc\Desktop\众瑞\zhongrui\server\libs\utils\log.py 52 debug 8268 3496 
 	 [PublicAPIView : userquery]Training complete in 0.038897 real seconds 

DEBUG [2018-10-18 07:24:34] C:\Users\Tc\Desktop\众瑞\zhongrui\server\libs\utils\log.py 52 debug 8268 1140 
 	 [PublicAPIView : userquery]Training complete in 0.036891 real seconds 

DEBUG [2018-10-18 14:43:57] C:\Users\Tc\Desktop\众瑞\zhongrui\server\libs\utils\log.py 52 debug 8268 1408 
 	 [PublicAPIView : xsrcquery]Training complete in 0.022941 real seconds 

DEBUG [2018-10-18 14:44:03] C:\Users\Tc\Desktop\众瑞\zhongrui\server\libs\utils\log.py 52 debug 8268 11716 
 	 [PublicAPIView : userquery]Training complete in 0.038923 real seconds 

