DEBUG [2018-10-20 18:51:35] C:\Users\Tc\Desktop\众瑞\zhongrui\server\libs\utils\log.py 52 debug 5164 13856 
 	 [OrderAPIView : orderquery]Training complete in 0.084809 real seconds 

DEBUG [2018-10-20 18:51:37] C:\Users\Tc\Desktop\众瑞\zhongrui\server\libs\utils\log.py 52 debug 5164 10528 
 	 [OrderAPIView : orderquery]Training complete in 0.059795 real seconds 

DEBUG [2018-10-20 18:51:40] C:\Users\Tc\Desktop\众瑞\zhongrui\server\libs\utils\log.py 52 debug 5164 1700 
 	 [OrderAPIView : orderquery]Training complete in 0.100728 real seconds 

DEBUG [2018-10-20 18:51:45] C:\Users\Tc\Desktop\众瑞\zhongrui\server\libs\utils\log.py 52 debug 5164 32 
 	 [PublicAPIView : userquery]Training complete in 0.102757 real seconds 

DEBUG [2018-10-20 18:51:56] C:\Users\Tc\Desktop\众瑞\zhongrui\server\libs\utils\log.py 52 debug 5164 10992 
 	 [OrderAPIView : orderquery]Training complete in 0.072806 real seconds 

DEBUG [2018-10-20 18:51:59] C:\Users\Tc\Desktop\众瑞\zhongrui\server\libs\utils\log.py 52 debug 5164 15160 
 	 [OrderAPIView : orderquery]Training complete in 0.094772 real seconds 

DEBUG [2018-10-20 18:52:02] C:\Users\Tc\Desktop\众瑞\zhongrui\server\libs\utils\log.py 52 debug 5164 5620 
 	 [OrderAPIView : orderquery]Training complete in 0.319150 real seconds 

DEBUG [2018-10-20 18:52:04] C:\Users\Tc\Desktop\众瑞\zhongrui\server\libs\utils\log.py 52 debug 5164 8516 
 	 [PublicAPIView : orderobjquery]Training complete in 0.135675 real seconds 

DEBUG [2018-10-20 18:52:07] C:\Users\Tc\Desktop\众瑞\zhongrui\server\libs\utils\log.py 52 debug 5164 13380 
 	 [OrderAPIView : orderquery]Training complete in 0.207437 real seconds 

DEBUG [2018-10-20 18:52:10] C:\Users\Tc\Desktop\众瑞\zhongrui\server\libs\utils\log.py 52 debug 5164 12948 
 	 [PublicAPIView : orderobjquery]Training complete in 0.152589 real seconds 

DEBUG [2018-10-20 18:52:51] C:\Users\Tc\Desktop\众瑞\zhongrui\server\libs\utils\log.py 52 debug 4980 9648 
 	 [PublicAPIView : userquery]Training complete in 0.128714 real seconds 

DEBUG [2018-10-20 18:52:53] C:\Users\Tc\Desktop\众瑞\zhongrui\server\libs\utils\log.py 52 debug 4980 14944 
 	 [OrderAPIView : orderquery]Training complete in 0.073796 real seconds 

DEBUG [2018-10-20 18:52:55] C:\Users\Tc\Desktop\众瑞\zhongrui\server\libs\utils\log.py 52 debug 4980 1788 
 	 [OrderAPIView : orderquery]Training complete in 0.197515 real seconds 

DEBUG [2018-10-20 18:52:58] C:\Users\Tc\Desktop\众瑞\zhongrui\server\libs\utils\log.py 52 debug 4980 10140 
 	 [PublicAPIView : orderobjquery]Training complete in 0.138629 real seconds 

DEBUG [2018-10-20 19:00:36] C:\Users\Tc\Desktop\众瑞\zhongrui\server\libs\utils\log.py 52 debug 13080 7784 
 	 [PublicAPIView : orderobconfirm]Training complete in 0.714092 real seconds 

DEBUG [2018-10-20 19:00:37] C:\Users\Tc\Desktop\众瑞\zhongrui\server\libs\utils\log.py 52 debug 13080 2252 
 	 [OrderAPIView : orderquery]Training complete in 0.112699 real seconds 

DEBUG [2018-10-20 19:00:41] C:\Users\Tc\Desktop\众瑞\zhongrui\server\libs\utils\log.py 52 debug 13080 15616 
 	 [OrderAPIView : orderquery]Training complete in 0.122706 real seconds 

DEBUG [2018-10-20 19:03:25] C:\Users\Tc\Desktop\众瑞\zhongrui\server\libs\utils\log.py 52 debug 10652 1216 
 	 [OrderAPIView : orderquery]Training complete in 0.093749 real seconds 

DEBUG [2018-10-20 19:03:27] C:\Users\Tc\Desktop\众瑞\zhongrui\server\libs\utils\log.py 52 debug 10652 2592 
 	 [OrderAPIView : orderquery]Training complete in 0.132603 real seconds 

DEBUG [2018-10-20 19:03:30] C:\Users\Tc\Desktop\众瑞\zhongrui\server\libs\utils\log.py 52 debug 10652 6000 
 	 [OrderAPIView : orderquery]Training complete in 0.086806 real seconds 

DEBUG [2018-10-20 19:03:33] C:\Users\Tc\Desktop\众瑞\zhongrui\server\libs\utils\log.py 52 debug 10652 5980 
 	 [OrderAPIView : orderquery]Training complete in 0.151613 real seconds 

DEBUG [2018-10-20 19:08:51] C:\Users\Tc\Desktop\众瑞\zhongrui\server\libs\utils\log.py 52 debug 8504 12592 
 	 [OrderAPIView : orderquery]Training complete in 0.064826 real seconds 

DEBUG [2018-10-20 19:08:53] C:\Users\Tc\Desktop\众瑞\zhongrui\server\libs\utils\log.py 52 debug 8504 9572 
 	 [OrderAPIView : orderquery]Training complete in 0.083803 real seconds 

DEBUG [2018-10-20 19:08:55] C:\Users\Tc\Desktop\众瑞\zhongrui\server\libs\utils\log.py 52 debug 8504 15836 
 	 [OrderAPIView : orderquery]Training complete in 0.066860 real seconds 

DEBUG [2018-10-20 19:08:56] C:\Users\Tc\Desktop\众瑞\zhongrui\server\libs\utils\log.py 52 debug 8504 15648 
 	 [OrderAPIView : orderquery]Training complete in 0.066822 real seconds 

DEBUG [2018-10-20 19:09:06] C:\Users\Tc\Desktop\众瑞\zhongrui\server\libs\utils\log.py 52 debug 8504 13112 
 	 [OrderAPIView : orderquery]Training complete in 0.083762 real seconds 

DEBUG [2018-10-20 19:09:28] C:\Users\Tc\Desktop\众瑞\zhongrui\server\libs\utils\log.py 52 debug 8504 6232 
 	 [OrderAPIView : orderquery]Training complete in 0.065824 real seconds 

DEBUG [2018-10-20 19:09:34] C:\Users\Tc\Desktop\众瑞\zhongrui\server\libs\utils\log.py 52 debug 8504 15636 
 	 [OrderAPIView : orderquery]Training complete in 0.089723 real seconds 

DEBUG [2018-10-20 19:09:37] C:\Users\Tc\Desktop\众瑞\zhongrui\server\libs\utils\log.py 52 debug 8504 2468 
 	 [PublicAPIView : orderobjquery]Training complete in 0.162523 real seconds 

DEBUG [2018-10-20 19:09:39] C:\Users\Tc\Desktop\众瑞\zhongrui\server\libs\utils\log.py 52 debug 8504 896 
 	 [PublicAPIView : orderobconfirm]Training complete in 1.066123 real seconds 

DEBUG [2018-10-20 19:09:40] C:\Users\Tc\Desktop\众瑞\zhongrui\server\libs\utils\log.py 52 debug 8504 2632 
 	 [OrderAPIView : orderquery]Training complete in 0.167544 real seconds 

DEBUG [2018-10-20 19:11:27] C:\Users\Tc\Desktop\众瑞\zhongrui\server\libs\utils\log.py 52 debug 14140 12772 
 	 [OrderAPIView : orderquery]Training complete in 0.075798 real seconds 

DEBUG [2018-10-20 19:11:29] C:\Users\Tc\Desktop\众瑞\zhongrui\server\libs\utils\log.py 52 debug 14140 1516 
 	 [OrderAPIView : orderquery]Training complete in 0.167547 real seconds 

DEBUG [2018-10-20 19:11:35] C:\Users\Tc\Desktop\众瑞\zhongrui\server\libs\utils\log.py 52 debug 14140 5956 
 	 [PublicAPIView : orderobjquery]Training complete in 0.146609 real seconds 

DEBUG [2018-10-20 19:18:49] C:\Users\Tc\Desktop\众瑞\zhongrui\server\libs\utils\log.py 52 debug 7676 1920 
 	 [PublicAPIView : orderobjquery]Training complete in 0.204436 real seconds 

DEBUG [2018-10-20 19:22:06] C:\Users\Tc\Desktop\众瑞\zhongrui\server\libs\utils\log.py 52 debug 1796 16288 
 	 [PublicAPIView : orderobconfirm]Training complete in 0.867650 real seconds 

DEBUG [2018-10-20 19:22:07] C:\Users\Tc\Desktop\众瑞\zhongrui\server\libs\utils\log.py 52 debug 1796 5036 
 	 [OrderAPIView : orderquery]Training complete in 0.068833 real seconds 

DEBUG [2018-10-20 19:28:00] C:\Users\Tc\Desktop\众瑞\zhongrui\server\libs\utils\log.py 52 debug 9304 13280 
 	 [OrderAPIView : orderquery]Training complete in 0.173536 real seconds 

DEBUG [2018-10-20 19:28:01] C:\Users\Tc\Desktop\众瑞\zhongrui\server\libs\utils\log.py 52 debug 9304 12092 
 	 [OrderAPIView : orderquery]Training complete in 0.114687 real seconds 

DEBUG [2018-10-20 19:28:04] C:\Users\Tc\Desktop\众瑞\zhongrui\server\libs\utils\log.py 52 debug 9304 11972 
 	 [PublicAPIView : orderobjquery]Training complete in 0.249283 real seconds 

DEBUG [2018-10-20 19:32:43] C:\Users\Tc\Desktop\众瑞\zhongrui\server\libs\utils\log.py 52 debug 10428 15408 
 	 [UserAPIView : login]Training complete in 0.711080 real seconds 

DEBUG [2018-10-20 19:32:45] C:\Users\Tc\Desktop\众瑞\zhongrui\server\libs\utils\log.py 52 debug 10428 12724 
 	 [OrderAPIView : orderquery]Training complete in 0.118678 real seconds 

DEBUG [2018-10-20 19:33:43] C:\Users\Tc\Desktop\众瑞\zhongrui\server\libs\utils\log.py 52 debug 10428 13188 
 	 [PublicAPIView : orderobjquery]Training complete in 0.178508 real seconds 

DEBUG [2018-10-20 19:33:58] C:\Users\Tc\Desktop\众瑞\zhongrui\server\libs\utils\log.py 52 debug 3492 9132 
 	 [PublicAPIView : orderobconfirm]Training complete in 1.028222 real seconds 

DEBUG [2018-10-20 19:33:59] C:\Users\Tc\Desktop\众瑞\zhongrui\server\libs\utils\log.py 52 debug 3492 4368 
 	 [OrderAPIView : orderquery]Training complete in 0.075795 real seconds 

DEBUG [2018-10-20 19:34:04] C:\Users\Tc\Desktop\众瑞\zhongrui\server\libs\utils\log.py 52 debug 3492 11496 
 	 [PublicAPIView : orderobjquery]Training complete in 0.231367 real seconds 

DEBUG [2018-10-20 19:34:08] C:\Users\Tc\Desktop\众瑞\zhongrui\server\libs\utils\log.py 52 debug 3492 12616 
 	 [PublicAPIView : orderobconfirm]Training complete in 0.894615 real seconds 

DEBUG [2018-10-20 19:34:09] C:\Users\Tc\Desktop\众瑞\zhongrui\server\libs\utils\log.py 52 debug 3492 13928 
 	 [OrderAPIView : orderquery]Training complete in 0.209483 real seconds 

DEBUG [2018-10-20 19:34:12] C:\Users\Tc\Desktop\众瑞\zhongrui\server\libs\utils\log.py 52 debug 3492 5628 
 	 [OrderAPIView : orderquery]Training complete in 0.161556 real seconds 

DEBUG [2018-10-20 19:36:40] C:\Users\Tc\Desktop\众瑞\zhongrui\server\libs\utils\log.py 52 debug 7524 5080 
 	 [OrderAPIView : orderquery]Training complete in 0.147565 real seconds 

DEBUG [2018-10-20 19:36:42] C:\Users\Tc\Desktop\众瑞\zhongrui\server\libs\utils\log.py 52 debug 7524 14300 
 	 [OrderAPIView : orderquery]Training complete in 0.103718 real seconds 

DEBUG [2018-10-20 19:36:43] C:\Users\Tc\Desktop\众瑞\zhongrui\server\libs\utils\log.py 52 debug 7524 9124 
 	 [OrderAPIView : orderquery]Training complete in 0.121649 real seconds 

DEBUG [2018-10-20 19:36:45] C:\Users\Tc\Desktop\众瑞\zhongrui\server\libs\utils\log.py 52 debug 7524 4760 
 	 [PublicAPIView : orderobjquery]Training complete in 0.322133 real seconds 

DEBUG [2018-10-20 19:37:38] C:\Users\Tc\Desktop\众瑞\zhongrui\server\libs\utils\log.py 52 debug 2844 5712 
 	 [PublicAPIView : userquery]Training complete in 0.275270 real seconds 

DEBUG [2018-10-20 19:37:51] C:\Users\Tc\Desktop\众瑞\zhongrui\server\libs\utils\log.py 52 debug 2844 12584 
 	 [UserAPIView : login]Training complete in 0.678162 real seconds 

DEBUG [2018-10-20 19:37:53] C:\Users\Tc\Desktop\众瑞\zhongrui\server\libs\utils\log.py 52 debug 2844 10732 
 	 [PublicAPIView : userquery]Training complete in 0.239362 real seconds 

DEBUG [2018-10-20 19:37:55] C:\Users\Tc\Desktop\众瑞\zhongrui\server\libs\utils\log.py 52 debug 2844 11944 
 	 [OrderAPIView : orderquery]Training complete in 0.236371 real seconds 

DEBUG [2018-10-20 19:37:56] C:\Users\Tc\Desktop\众瑞\zhongrui\server\libs\utils\log.py 52 debug 2844 12492 
 	 [OrderAPIView : orderquery]Training complete in 0.229432 real seconds 

DEBUG [2018-10-20 19:38:00] C:\Users\Tc\Desktop\众瑞\zhongrui\server\libs\utils\log.py 52 debug 2844 1584 
 	 [PublicAPIView : orderobjquery]Training complete in 0.159574 real seconds 

DEBUG [2018-10-20 19:38:10] C:\Users\Tc\Desktop\众瑞\zhongrui\server\libs\utils\log.py 52 debug 2844 14348 
 	 [PublicAPIView : orderobconfirm]Training complete in 1.172823 real seconds 

DEBUG [2018-10-20 19:38:11] C:\Users\Tc\Desktop\众瑞\zhongrui\server\libs\utils\log.py 52 debug 2844 7056 
 	 [OrderAPIView : orderquery]Training complete in 0.119670 real seconds 

DEBUG [2018-10-20 19:38:14] C:\Users\Tc\Desktop\众瑞\zhongrui\server\libs\utils\log.py 52 debug 2844 5960 
 	 [OrderAPIView : orderquery]Training complete in 0.080777 real seconds 

DEBUG [2018-10-20 19:38:38] C:\Users\Tc\Desktop\众瑞\zhongrui\server\libs\utils\log.py 52 debug 2844 2568 
 	 [OrderAPIView : orderquery]Training complete in 0.084824 real seconds 

DEBUG [2018-10-20 19:38:40] C:\Users\Tc\Desktop\众瑞\zhongrui\server\libs\utils\log.py 52 debug 2844 10972 
 	 [PublicAPIView : orderobjquery]Training complete in 0.232367 real seconds 

DEBUG [2018-10-20 19:38:44] C:\Users\Tc\Desktop\众瑞\zhongrui\server\libs\utils\log.py 52 debug 2844 14504 
 	 [PublicAPIView : orderobconfirm]Training complete in 1.242683 real seconds 

DEBUG [2018-10-20 19:38:45] C:\Users\Tc\Desktop\众瑞\zhongrui\server\libs\utils\log.py 52 debug 2844 13064 
 	 [OrderAPIView : orderquery]Training complete in 0.081726 real seconds 

DEBUG [2018-10-20 19:38:51] C:\Users\Tc\Desktop\众瑞\zhongrui\server\libs\utils\log.py 52 debug 2844 5740 
 	 [OrderAPIView : orderquery]Training complete in 0.068843 real seconds 

DEBUG [2018-10-20 19:46:40] C:\Users\Tc\Desktop\众瑞\zhongrui\server\libs\utils\log.py 52 debug 2716 13764 
 	 [OrderAPIView : orderquery]Training complete in 0.079786 real seconds 

DEBUG [2018-10-20 19:46:42] C:\Users\Tc\Desktop\众瑞\zhongrui\server\libs\utils\log.py 52 debug 2716 9960 
 	 [OrderAPIView : orderquery]Training complete in 0.124202 real seconds 

DEBUG [2018-10-20 19:46:43] C:\Users\Tc\Desktop\众瑞\zhongrui\server\libs\utils\log.py 52 debug 2716 16352 
 	 [PublicAPIView : orderobjquery]Training complete in 0.144619 real seconds 

DEBUG [2018-10-20 19:46:48] C:\Users\Tc\Desktop\众瑞\zhongrui\server\libs\utils\log.py 52 debug 2716 6048 
 	 [PublicAPIView : orderobconfirm]Training complete in 0.968997 real seconds 

DEBUG [2018-10-20 19:46:49] C:\Users\Tc\Desktop\众瑞\zhongrui\server\libs\utils\log.py 52 debug 2716 10712 
 	 [OrderAPIView : orderquery]Training complete in 0.088763 real seconds 

DEBUG [2018-10-20 19:47:18] C:\Users\Tc\Desktop\众瑞\zhongrui\server\libs\utils\log.py 52 debug 2716 9168 
 	 [PublicAPIView : orderobjquery]Training complete in 0.135185 real seconds 

DEBUG [2018-10-20 19:47:20] C:\Users\Tc\Desktop\众瑞\zhongrui\server\libs\utils\log.py 52 debug 2716 15792 
 	 [PublicAPIView : orderobconfirm]Training complete in 0.897850 real seconds 

DEBUG [2018-10-20 19:47:21] C:\Users\Tc\Desktop\众瑞\zhongrui\server\libs\utils\log.py 52 debug 2716 7252 
 	 [OrderAPIView : orderquery]Training complete in 0.090759 real seconds 

DEBUG [2018-10-20 19:47:23] C:\Users\Tc\Desktop\众瑞\zhongrui\server\libs\utils\log.py 52 debug 2716 7760 
 	 [PublicAPIView : userquery]Training complete in 0.119682 real seconds 

DEBUG [2018-10-20 19:48:05] C:\Users\Tc\Desktop\众瑞\zhongrui\server\libs\utils\log.py 52 debug 2716 13028 
 	 [OrderAPIView : orderquery]Training complete in 0.079787 real seconds 

DEBUG [2018-10-20 19:48:06] C:\Users\Tc\Desktop\众瑞\zhongrui\server\libs\utils\log.py 52 debug 2716 5460 
 	 [OrderAPIView : orderquery]Training complete in 0.092751 real seconds 

DEBUG [2018-10-20 19:48:11] C:\Users\Tc\Desktop\众瑞\zhongrui\server\libs\utils\log.py 52 debug 2716 5052 
 	 [PublicAPIView : userquery]Training complete in 0.187457 real seconds 

DEBUG [2018-10-20 19:48:16] C:\Users\Tc\Desktop\众瑞\zhongrui\server\libs\utils\log.py 52 debug 2716 4484 
 	 [OrderAPIView : orderquery]Training complete in 0.117688 real seconds 

DEBUG [2018-10-20 19:48:29] C:\Users\Tc\Desktop\众瑞\zhongrui\server\libs\utils\log.py 52 debug 2716 2564 
 	 [OrderAPIView : orderquery]Training complete in 0.091753 real seconds 

DEBUG [2018-10-20 19:48:31] C:\Users\Tc\Desktop\众瑞\zhongrui\server\libs\utils\log.py 52 debug 2716 14628 
 	 [PublicAPIView : userquery]Training complete in 0.158573 real seconds 

DEBUG [2018-10-20 19:48:44] C:\Users\Tc\Desktop\众瑞\zhongrui\server\libs\utils\log.py 52 debug 2716 11552 
 	 [UserAPIView : login]Training complete in 0.617392 real seconds 

DEBUG [2018-10-20 19:48:47] C:\Users\Tc\Desktop\众瑞\zhongrui\server\libs\utils\log.py 52 debug 2716 12204 
 	 [PublicAPIView : userquery]Training complete in 0.101759 real seconds 

DEBUG [2018-10-20 19:48:49] C:\Users\Tc\Desktop\众瑞\zhongrui\server\libs\utils\log.py 52 debug 2716 9868 
 	 [OrderAPIView : orderquery]Training complete in 0.152585 real seconds 

DEBUG [2018-10-20 19:48:51] C:\Users\Tc\Desktop\众瑞\zhongrui\server\libs\utils\log.py 52 debug 2716 8496 
 	 [OrderAPIView : orderquery]Training complete in 0.072831 real seconds 

DEBUG [2018-10-20 19:48:53] C:\Users\Tc\Desktop\众瑞\zhongrui\server\libs\utils\log.py 52 debug 2716 16288 
 	 [PublicAPIView : orderobjquery]Training complete in 0.173537 real seconds 

DEBUG [2018-10-20 19:48:56] C:\Users\Tc\Desktop\众瑞\zhongrui\server\libs\utils\log.py 52 debug 2716 12052 
 	 [PublicAPIView : orderobconfirm]Training complete in 0.966407 real seconds 

DEBUG [2018-10-20 19:48:57] C:\Users\Tc\Desktop\众瑞\zhongrui\server\libs\utils\log.py 52 debug 2716 10276 
 	 [OrderAPIView : orderquery]Training complete in 0.073803 real seconds 

DEBUG [2018-10-20 19:49:32] C:\Users\Tc\Desktop\众瑞\zhongrui\server\libs\utils\log.py 52 debug 2716 9304 
 	 [PublicAPIView : userquery]Training complete in 0.145614 real seconds 

DEBUG [2018-10-20 19:49:40] C:\Users\Tc\Desktop\众瑞\zhongrui\server\libs\utils\log.py 52 debug 2716 15496 
 	 [UserAPIView : login]Training complete in 0.756981 real seconds 

DEBUG [2018-10-20 19:49:42] C:\Users\Tc\Desktop\众瑞\zhongrui\server\libs\utils\log.py 52 debug 2716 6504 
 	 [OrderAPIView : orderquery]Training complete in 0.097777 real seconds 

DEBUG [2018-10-20 19:49:44] C:\Users\Tc\Desktop\众瑞\zhongrui\server\libs\utils\log.py 52 debug 2716 6648 
 	 [PublicAPIView : userquery]Training complete in 0.153603 real seconds 

DEBUG [2018-10-20 19:49:46] C:\Users\Tc\Desktop\众瑞\zhongrui\server\libs\utils\log.py 52 debug 2716 7772 
 	 [OrderAPIView : orderquery]Training complete in 0.172497 real seconds 

DEBUG [2018-10-20 19:49:47] C:\Users\Tc\Desktop\众瑞\zhongrui\server\libs\utils\log.py 52 debug 2716 6056 
 	 [OrderAPIView : orderquery]Training complete in 0.211444 real seconds 

DEBUG [2018-10-20 19:49:49] C:\Users\Tc\Desktop\众瑞\zhongrui\server\libs\utils\log.py 52 debug 2716 4368 
 	 [PublicAPIView : orderobjquery]Training complete in 0.156612 real seconds 

DEBUG [2018-10-20 19:49:52] C:\Users\Tc\Desktop\众瑞\zhongrui\server\libs\utils\log.py 52 debug 2716 2432 
 	 [PublicAPIView : orderobconfirm]Training complete in 1.215751 real seconds 

DEBUG [2018-10-20 19:49:53] C:\Users\Tc\Desktop\众瑞\zhongrui\server\libs\utils\log.py 52 debug 2716 2040 
 	 [OrderAPIView : orderquery]Training complete in 0.058886 real seconds 

DEBUG [2018-10-20 19:49:55] C:\Users\Tc\Desktop\众瑞\zhongrui\server\libs\utils\log.py 52 debug 2716 15116 
 	 [PublicAPIView : userquery]Training complete in 0.167542 real seconds 

DEBUG [2018-10-20 19:53:18] C:\Users\Tc\Desktop\众瑞\zhongrui\server\libs\utils\log.py 52 debug 2716 2472 
 	 [PublicAPIView : tranlistbquery]Training complete in 0.178522 real seconds 

DEBUG [2018-10-20 19:53:21] C:\Users\Tc\Desktop\众瑞\zhongrui\server\libs\utils\log.py 52 debug 2716 5932 
 	 [PublicAPIView : tranlistbquery]Training complete in 0.065823 real seconds 

DEBUG [2018-10-20 19:53:34] C:\Users\Tc\Desktop\众瑞\zhongrui\server\libs\utils\log.py 52 debug 2716 14708 
 	 [PublicAPIView : userquery]Training complete in 0.109703 real seconds 

DEBUG [2018-10-20 19:54:35] C:\Users\Tc\Desktop\众瑞\zhongrui\server\libs\utils\log.py 52 debug 2716 14416 
 	 [PublicAPIView : userquery]Training complete in 0.132644 real seconds 

DEBUG [2018-10-20 19:54:35] C:\Users\Tc\Desktop\众瑞\zhongrui\server\libs\utils\log.py 52 debug 2716 13992 
 	 [OrderAPIView : orderquery]Training complete in 0.132644 real seconds 

