DEBUG [2018-10-25 00:53:08] C:\Users\Tc\Desktop\众瑞\zhongrui\server\libs\utils\log.py 52 debug 20652 20768 
 	 [ServerAdmin : userquery]Training complete in 0.873675 real seconds 

DEBUG [2018-10-25 00:53:12] C:\Users\Tc\Desktop\众瑞\zhongrui\server\libs\utils\log.py 52 debug 20652 8552 
 	 [ServerAdmin : matchquery]Training complete in 0.322137 real seconds 

DEBUG [2018-10-25 00:53:12] C:\Users\Tc\Desktop\众瑞\zhongrui\server\libs\utils\log.py 52 debug 20652 15536 
 	 [ServerAdmin : matchquery]Training complete in 0.337096 real seconds 

DEBUG [2018-10-25 00:53:13] C:\Users\Tc\Desktop\众瑞\zhongrui\server\libs\utils\log.py 52 debug 20652 16092 
 	 [ServerAdmin : tgbzquery]Training complete in 0.768941 real seconds 

DEBUG [2018-10-25 01:08:45] C:\Users\Tc\Desktop\众瑞\zhongrui\server\libs\utils\log.py 52 debug 15024 15948 
 	 [ServerAdmin : userquery]Training complete in 0.909581 real seconds 

DEBUG [2018-10-25 01:08:57] C:\Users\Tc\Desktop\众瑞\zhongrui\server\libs\utils\log.py 52 debug 15024 2036 
 	 [ServerAdmin : amountsend]Training complete in 0.589445 real seconds 

DEBUG [2018-10-25 01:08:58] C:\Users\Tc\Desktop\众瑞\zhongrui\server\libs\utils\log.py 52 debug 15024 14040 
 	 [ServerAdmin : userquery]Training complete in 0.892610 real seconds 

DEBUG [2018-10-25 01:09:20] C:\Users\Tc\Desktop\众瑞\zhongrui\server\libs\utils\log.py 52 debug 15024 19588 
 	 [ServerAdmin : matchquery]Training complete in 0.387963 real seconds 

DEBUG [2018-10-25 01:09:20] C:\Users\Tc\Desktop\众瑞\zhongrui\server\libs\utils\log.py 52 debug 15024 15988 
 	 [ServerAdmin : matchquery]Training complete in 0.408907 real seconds 

DEBUG [2018-10-25 01:09:23] C:\Users\Tc\Desktop\众瑞\zhongrui\server\libs\utils\log.py 52 debug 15024 3308 
 	 [ServerAdmin : tgbzquery]Training complete in 0.786898 real seconds 

DEBUG [2018-10-25 01:09:35] C:\Users\Tc\Desktop\众瑞\zhongrui\server\libs\utils\log.py 52 debug 15024 20828 
 	 [ServerAdmin : matchadd]Training complete in 0.669210 real seconds 

DEBUG [2018-10-25 01:09:37] C:\Users\Tc\Desktop\众瑞\zhongrui\server\libs\utils\log.py 52 debug 15024 10532 
 	 [ServerAdmin : jsbzquery]Training complete in 0.895600 real seconds 

DEBUG [2018-10-25 01:09:44] C:\Users\Tc\Desktop\众瑞\zhongrui\server\libs\utils\log.py 52 debug 15024 16548 
 	 [ServerAdmin : matchadd]Training complete in 0.733018 real seconds 

DEBUG [2018-10-25 01:09:46] C:\Users\Tc\Desktop\众瑞\zhongrui\server\libs\utils\log.py 52 debug 15024 13668 
 	 [ServerAdmin : matchquery]Training complete in 0.359041 real seconds 

DEBUG [2018-10-25 01:09:46] C:\Users\Tc\Desktop\众瑞\zhongrui\server\libs\utils\log.py 52 debug 15024 5900 
 	 [ServerAdmin : matchquery]Training complete in 0.395946 real seconds 

DEBUG [2018-10-25 01:09:48] C:\Users\Tc\Desktop\众瑞\zhongrui\server\libs\utils\log.py 52 debug 15024 18136 
 	 [ServerAdmin : match]Training complete in 0.963406 real seconds 

DEBUG [2018-10-25 01:09:53] C:\Users\Tc\Desktop\众瑞\zhongrui\server\libs\utils\log.py 52 debug 15024 5456 
 	 [ServerAdmin : matchquery]Training complete in 0.368015 real seconds 

DEBUG [2018-10-25 01:09:53] C:\Users\Tc\Desktop\众瑞\zhongrui\server\libs\utils\log.py 52 debug 15024 16920 
 	 [ServerAdmin : matchquery]Training complete in 0.378985 real seconds 

DEBUG [2018-10-25 01:12:51] C:\Users\Tc\Desktop\众瑞\zhongrui\server\libs\utils\log.py 52 debug 15024 6668 
 	 [UserAPIView : login]Training complete in 0.593424 real seconds 

DEBUG [2018-10-25 01:12:54] C:\Users\Tc\Desktop\众瑞\zhongrui\server\libs\utils\log.py 52 debug 15024 11984 
 	 [PublicAPIView : gqfhquery]Training complete in 0.137627 real seconds 

DEBUG [2018-10-25 01:12:57] C:\Users\Tc\Desktop\众瑞\zhongrui\server\libs\utils\log.py 52 debug 15024 21484 
 	 [OrderAPIView : orderquery]Training complete in 0.093755 real seconds 

DEBUG [2018-10-25 01:12:59] C:\Users\Tc\Desktop\众瑞\zhongrui\server\libs\utils\log.py 52 debug 15024 12292 
 	 [OrderAPIView : orderquery]Training complete in 0.059840 real seconds 

DEBUG [2018-10-25 01:13:05] C:\Users\Tc\Desktop\众瑞\zhongrui\server\libs\utils\log.py 52 debug 15024 13696 
 	 [PublicAPIView : orderobjquery]Training complete in 0.196421 real seconds 

DEBUG [2018-10-25 01:13:22] C:\Users\Tc\Desktop\众瑞\zhongrui\server\libs\utils\log.py 52 debug 15024 15676 
 	 [PublicAPIView : orderobjquery]Training complete in 0.217409 real seconds 

DEBUG [2018-10-25 12:23:10] C:\Users\Tc\Desktop\众瑞\zhongrui\server\libs\utils\log.py 52 debug 5564 15820 
 	 [OrderAPIView : orderquery]Training complete in 0.069813 real seconds 

DEBUG [2018-10-25 12:23:16] C:\Users\Tc\Desktop\众瑞\zhongrui\server\libs\utils\log.py 52 debug 5564 20728 
 	 [PublicAPIView : userquery]Training complete in 0.145608 real seconds 

DEBUG [2018-10-25 12:23:18] C:\Users\Tc\Desktop\众瑞\zhongrui\server\libs\utils\log.py 52 debug 5564 21328 
 	 [OrderAPIView : orderquery]Training complete in 0.043882 real seconds 

DEBUG [2018-10-25 12:23:20] C:\Users\Tc\Desktop\众瑞\zhongrui\server\libs\utils\log.py 52 debug 5564 20948 
 	 [OrderAPIView : orderquery]Training complete in 0.197423 real seconds 

DEBUG [2018-10-25 12:23:22] C:\Users\Tc\Desktop\众瑞\zhongrui\server\libs\utils\log.py 52 debug 5564 2860 
 	 [PublicAPIView : orderobjquery]Training complete in 0.213427 real seconds 

DEBUG [2018-10-25 12:23:26] C:\Users\Tc\Desktop\众瑞\zhongrui\server\libs\utils\log.py 52 debug 5564 14976 
 	 [PublicAPIView : userquery]Training complete in 0.167594 real seconds 

DEBUG [2018-10-25 12:23:34] C:\Users\Tc\Desktop\众瑞\zhongrui\server\libs\utils\log.py 52 debug 5564 9912 
 	 [UserAPIView : login]Training complete in 0.676222 real seconds 

DEBUG [2018-10-25 12:23:38] C:\Users\Tc\Desktop\众瑞\zhongrui\server\libs\utils\log.py 52 debug 5564 20444 
 	 [OrderAPIView : orderquery]Training complete in 0.091754 real seconds 

DEBUG [2018-10-25 12:23:40] C:\Users\Tc\Desktop\众瑞\zhongrui\server\libs\utils\log.py 52 debug 5564 12816 
 	 [PublicAPIView : orderobjquery]Training complete in 0.173572 real seconds 

DEBUG [2018-10-25 13:09:16] C:\Users\Tc\Desktop\众瑞\zhongrui\server\libs\utils\log.py 52 debug 20040 18992 
 	 [OrderAPIView : orderquery]Training complete in 0.075799 real seconds 

DEBUG [2018-10-25 15:03:46] C:\Users\Tc\Desktop\众瑞\zhongrui\server\libs\utils\log.py 52 debug 18460 6112 
 	 [PublicAPIView : get_verification_code]Training complete in 0.635300 real seconds 

DEBUG [2018-10-25 15:03:56] C:\Users\Tc\Desktop\众瑞\zhongrui\server\libs\utils\log.py 52 debug 18460 3216 
 	 [UserAPIView : register]Training complete in 1.347409 real seconds 

DEBUG [2018-10-25 15:04:20] C:\Users\Tc\Desktop\众瑞\zhongrui\server\libs\utils\log.py 52 debug 18460 13164 
 	 [PublicAPIView : get_verification_code]Training complete in 0.486702 real seconds 

DEBUG [2018-10-25 15:04:26] C:\Users\Tc\Desktop\众瑞\zhongrui\server\libs\utils\log.py 52 debug 18460 4604 
 	 [UserAPIView : register]Training complete in 1.331442 real seconds 

DEBUG [2018-10-25 15:04:53] C:\Users\Tc\Desktop\众瑞\zhongrui\server\libs\utils\log.py 52 debug 18460 3268 
 	 [PublicAPIView : get_verification_code]Training complete in 0.525594 real seconds 

DEBUG [2018-10-25 15:05:01] C:\Users\Tc\Desktop\众瑞\zhongrui\server\libs\utils\log.py 52 debug 18460 10936 
 	 [UserAPIView : register]Training complete in 1.317513 real seconds 

DEBUG [2018-10-25 15:05:22] C:\Users\Tc\Desktop\众瑞\zhongrui\server\libs\utils\log.py 52 debug 18460 10500 
 	 [PublicAPIView : get_verification_code]Training complete in 0.559506 real seconds 

DEBUG [2018-10-25 15:05:28] C:\Users\Tc\Desktop\众瑞\zhongrui\server\libs\utils\log.py 52 debug 18460 13012 
 	 [UserAPIView : register]Training complete in 1.492011 real seconds 

DEBUG [2018-10-25 15:05:50] C:\Users\Tc\Desktop\众瑞\zhongrui\server\libs\utils\log.py 52 debug 18460 19176 
 	 [PublicAPIView : get_verification_code]Training complete in 0.572469 real seconds 

DEBUG [2018-10-25 15:06:06] C:\Users\Tc\Desktop\众瑞\zhongrui\server\libs\utils\log.py 52 debug 18460 17756 
 	 [UserAPIView : register]Training complete in 1.449118 real seconds 

DEBUG [2018-10-25 15:06:19] C:\Users\Tc\Desktop\众瑞\zhongrui\server\libs\utils\log.py 52 debug 18460 19864 
 	 [PublicAPIView : get_verification_code]Training complete in 0.521611 real seconds 

DEBUG [2018-10-25 15:06:27] C:\Users\Tc\Desktop\众瑞\zhongrui\server\libs\utils\log.py 52 debug 18460 3820 
 	 [UserAPIView : register]Training complete in 1.335428 real seconds 

