DEBUG [2018-10-14 15:18:47] C:\Users\Tc\Desktop\众瑞\zhongrui\server\libs\utils\log.py 52 debug 11544 12688 
 	 [ServerAdmin : tgbzquery]Training complete in 1.048236 real seconds 

DEBUG [2018-10-14 15:19:18] C:\Users\Tc\Desktop\众瑞\zhongrui\server\libs\utils\log.py 52 debug 11544 304 
 	 [ServerAdmin : tgbzquery]Training complete in 1.036230 real seconds 

DEBUG [2018-10-14 15:20:10] C:\Users\Tc\Desktop\众瑞\zhongrui\server\libs\utils\log.py 52 debug 10288 14124 
 	 [ServerAdmin : tgbzquery]Training complete in 1.051187 real seconds 

DEBUG [2018-10-14 15:40:49] C:\Users\Tc\Desktop\众瑞\zhongrui\server\libs\utils\log.py 52 debug 10288 6184 
 	 [ServerAdmin : tgbzquery]Training complete in 1.039222 real seconds 

DEBUG [2018-10-14 15:40:55] C:\Users\Tc\Desktop\众瑞\zhongrui\server\libs\utils\log.py 52 debug 10288 11616 
 	 [ServerAdmin : tgbzquery]Training complete in 1.012295 real seconds 

DEBUG [2018-10-14 15:41:16] C:\Users\Tc\Desktop\众瑞\zhongrui\server\libs\utils\log.py 52 debug 10288 7824 
 	 [ServerAdmin : tgbzquery]Training complete in 1.015285 real seconds 

DEBUG [2018-10-14 15:41:18] C:\Users\Tc\Desktop\众瑞\zhongrui\server\libs\utils\log.py 52 debug 10288 10684 
 	 [ServerAdmin : tgbzquery]Training complete in 1.012337 real seconds 

DEBUG [2018-10-14 15:42:39] C:\Users\Tc\Desktop\众瑞\zhongrui\server\libs\utils\log.py 52 debug 6672 10580 
 	 [ServerAdmin : tgbzquery]Training complete in 1.079161 real seconds 

DEBUG [2018-10-14 15:45:18] C:\Users\Tc\Desktop\众瑞\zhongrui\server\libs\utils\log.py 52 debug 6672 4984 
 	 [ServerAdmin : tgbzquery]Training complete in 1.020268 real seconds 

DEBUG [2018-10-14 15:45:34] C:\Users\Tc\Desktop\众瑞\zhongrui\server\libs\utils\log.py 52 debug 6672 10720 
 	 [ServerAdmin : tgbzquery]Training complete in 1.040262 real seconds 

DEBUG [2018-10-14 15:46:02] C:\Users\Tc\Desktop\众瑞\zhongrui\server\libs\utils\log.py 52 debug 6672 6468 
 	 [ServerAdmin : tgbzquery]Training complete in 1.033237 real seconds 

DEBUG [2018-10-14 15:46:06] C:\Users\Tc\Desktop\众瑞\zhongrui\server\libs\utils\log.py 52 debug 6672 4928 
 	 [ServerAdmin : tgbzquery]Training complete in 1.039224 real seconds 

DEBUG [2018-10-14 15:46:23] C:\Users\Tc\Desktop\众瑞\zhongrui\server\libs\utils\log.py 52 debug 6672 9252 
 	 [ServerAdmin : tgbzquery]Training complete in 1.013291 real seconds 

DEBUG [2018-10-14 15:46:27] C:\Users\Tc\Desktop\众瑞\zhongrui\server\libs\utils\log.py 52 debug 6672 10632 
 	 [ServerAdmin : tgbzquery]Training complete in 1.036230 real seconds 

DEBUG [2018-10-14 15:47:41] C:\Users\Tc\Desktop\众瑞\zhongrui\server\libs\utils\log.py 52 debug 6672 6512 
 	 [ServerAdmin : tgbzquery]Training complete in 1.033237 real seconds 

DEBUG [2018-10-14 15:47:48] C:\Users\Tc\Desktop\众瑞\zhongrui\server\libs\utils\log.py 52 debug 6672 5712 
 	 [ServerAdmin : tgbzquery]Training complete in 1.040256 real seconds 

DEBUG [2018-10-14 15:48:19] C:\Users\Tc\Desktop\众瑞\zhongrui\server\libs\utils\log.py 52 debug 13256 10880 
 	 [ServerAdmin : tgbzquery]Training complete in 1.042215 real seconds 

DEBUG [2018-10-14 15:50:35] C:\Users\Tc\Desktop\众瑞\zhongrui\server\libs\utils\log.py 52 debug 13256 7348 
 	 [ServerAdmin : tgbzquery]Training complete in 1.046243 real seconds 

DEBUG [2018-10-14 15:50:41] C:\Users\Tc\Desktop\众瑞\zhongrui\server\libs\utils\log.py 52 debug 13256 4912 
 	 [ServerAdmin : tgbzquery]Training complete in 1.037228 real seconds 

DEBUG [2018-10-14 15:51:57] C:\Users\Tc\Desktop\众瑞\zhongrui\server\libs\utils\log.py 52 debug 13256 1972 
 	 [ServerAdmin : tgbzquery]Training complete in 1.016282 real seconds 

DEBUG [2018-10-14 15:52:00] C:\Users\Tc\Desktop\众瑞\zhongrui\server\libs\utils\log.py 52 debug 13256 10348 
 	 [ServerAdmin : tgbzquery]Training complete in 1.043214 real seconds 

DEBUG [2018-10-14 15:52:36] C:\Users\Tc\Desktop\众瑞\zhongrui\server\libs\utils\log.py 52 debug 13256 4588 
 	 [ServerAdmin : tgbzquery]Training complete in 1.020706 real seconds 

DEBUG [2018-10-14 15:57:59] C:\Users\Tc\Desktop\众瑞\zhongrui\server\libs\utils\log.py 52 debug 1412 7348 
 	 [ServerAdmin : tgbzquery]Training complete in 1.017310 real seconds 

DEBUG [2018-10-14 16:10:09] C:\Users\Tc\Desktop\众瑞\zhongrui\server\libs\utils\log.py 52 debug 1412 896 
 	 [ServerAdmin : tgbzquery]Training complete in 1.047204 real seconds 

DEBUG [2018-10-14 16:17:05] C:\Users\Tc\Desktop\众瑞\zhongrui\server\libs\utils\log.py 52 debug 1412 10588 
 	 [ServerAdmin : tgbzquery]Training complete in 1.055182 real seconds 

DEBUG [2018-10-14 16:18:12] C:\Users\Tc\Desktop\众瑞\zhongrui\server\libs\utils\log.py 52 debug 1412 5068 
 	 [ServerAdmin : tgbzquery]Training complete in 1.035232 real seconds 

DEBUG [2018-10-14 16:29:03] C:\Users\Tc\Desktop\众瑞\zhongrui\server\libs\utils\log.py 52 debug 1412 3328 
 	 [ServerAdmin : tgbzquery]Training complete in 1.012293 real seconds 

DEBUG [2018-10-14 16:30:09] C:\Users\Tc\Desktop\众瑞\zhongrui\server\libs\utils\log.py 52 debug 1412 10560 
 	 [ServerAdmin : tgbzquery]Training complete in 1.013350 real seconds 

DEBUG [2018-10-14 16:31:25] C:\Users\Tc\Desktop\众瑞\zhongrui\server\libs\utils\log.py 52 debug 1412 9120 
 	 [ServerAdmin : tgbzquery]Training complete in 1.027255 real seconds 

DEBUG [2018-10-14 16:32:23] C:\Users\Tc\Desktop\众瑞\zhongrui\server\libs\utils\log.py 52 debug 1412 12676 
 	 [ServerAdmin : tgbzquery]Training complete in 1.013292 real seconds 

DEBUG [2018-10-14 16:32:49] C:\Users\Tc\Desktop\众瑞\zhongrui\server\libs\utils\log.py 52 debug 1412 12648 
 	 [ServerAdmin : tgbzquery]Training complete in 1.059173 real seconds 

DEBUG [2018-10-14 16:33:20] C:\Users\Tc\Desktop\众瑞\zhongrui\server\libs\utils\log.py 52 debug 1412 2000 
 	 [ServerAdmin : tgbzquery]Training complete in 1.014287 real seconds 

DEBUG [2018-10-14 16:34:51] C:\Users\Tc\Desktop\众瑞\zhongrui\server\libs\utils\log.py 52 debug 1412 2156 
 	 [ServerAdmin : tgbzquery]Training complete in 1.032244 real seconds 

DEBUG [2018-10-14 16:35:06] C:\Users\Tc\Desktop\众瑞\zhongrui\server\libs\utils\log.py 52 debug 1412 10416 
 	 [ServerAdmin : tgbzquery]Training complete in 1.013290 real seconds 

DEBUG [2018-10-14 16:35:20] C:\Users\Tc\Desktop\众瑞\zhongrui\server\libs\utils\log.py 52 debug 1412 4836 
 	 [ServerAdmin : tgbzquery]Training complete in 1.019271 real seconds 

DEBUG [2018-10-14 16:35:47] C:\Users\Tc\Desktop\众瑞\zhongrui\server\libs\utils\log.py 52 debug 1412 9504 
 	 [ServerAdmin : tgbzquery]Training complete in 0.268285 real seconds 

DEBUG [2018-10-14 16:35:48] C:\Users\Tc\Desktop\众瑞\zhongrui\server\libs\utils\log.py 52 debug 1412 1044 
 	 [ServerAdmin : tgbzquery]Training complete in 1.015285 real seconds 

DEBUG [2018-10-14 16:35:50] C:\Users\Tc\Desktop\众瑞\zhongrui\server\libs\utils\log.py 52 debug 1412 4652 
 	 [ServerAdmin : tgbzquery]Training complete in 1.032281 real seconds 

DEBUG [2018-10-14 16:36:17] C:\Users\Tc\Desktop\众瑞\zhongrui\server\libs\utils\log.py 52 debug 1412 8260 
 	 [ServerAdmin : tgbzquery]Training complete in 1.043215 real seconds 

DEBUG [2018-10-14 16:36:20] C:\Users\Tc\Desktop\众瑞\zhongrui\server\libs\utils\log.py 52 debug 1412 3116 
 	 [ServerAdmin : tgbzquery]Training complete in 1.012294 real seconds 

DEBUG [2018-10-14 16:50:35] C:\Users\Tc\Desktop\众瑞\zhongrui\server\libs\utils\log.py 52 debug 1412 13948 
 	 [ServerAdmin : tgbzquery]Training complete in 1.012328 real seconds 

DEBUG [2018-10-14 16:59:56] C:\Users\Tc\Desktop\众瑞\zhongrui\server\libs\utils\log.py 52 debug 1412 3948 
 	 [ServerAdmin : tgbzquery]Training complete in 1.021272 real seconds 

DEBUG [2018-10-14 17:00:15] C:\Users\Tc\Desktop\众瑞\zhongrui\server\libs\utils\log.py 52 debug 1412 6628 
 	 [ServerAdmin : tgbzquery]Training complete in 1.056178 real seconds 

DEBUG [2018-10-14 17:01:27] C:\Users\Tc\Desktop\众瑞\zhongrui\server\libs\utils\log.py 52 debug 1412 14624 
 	 [ServerAdmin : tgbzquery]Training complete in 1.037228 real seconds 

DEBUG [2018-10-14 17:03:56] C:\Users\Tc\Desktop\众瑞\zhongrui\server\libs\utils\log.py 52 debug 14896 1720 
 	 [ServerAdmin : tgbzquery]Training complete in 1.016282 real seconds 

DEBUG [2018-10-14 17:55:46] C:\Users\Tc\Desktop\众瑞\zhongrui\server\libs\utils\log.py 52 debug 11492 13652 
 	 [ServerAdmin : tgbzquery]Training complete in 1.044210 real seconds 

DEBUG [2018-10-14 17:56:44] C:\Users\Tc\Desktop\众瑞\zhongrui\server\libs\utils\log.py 52 debug 2044 3496 
 	 [ServerAdmin : tgbzquery]Training complete in 1.055180 real seconds 

DEBUG [2018-10-14 17:56:47] C:\Users\Tc\Desktop\众瑞\zhongrui\server\libs\utils\log.py 52 debug 2044 7408 
 	 [ServerAdmin : tgbzquery]Training complete in 1.018277 real seconds 

DEBUG [2018-10-14 17:56:50] C:\Users\Tc\Desktop\众瑞\zhongrui\server\libs\utils\log.py 52 debug 2044 13076 
 	 [ServerAdmin : tgbzquery]Training complete in 1.015320 real seconds 

DEBUG [2018-10-14 17:56:56] C:\Users\Tc\Desktop\众瑞\zhongrui\server\libs\utils\log.py 52 debug 2044 15320 
 	 [ServerAdmin : tgbzquery]Training complete in 1.010298 real seconds 

DEBUG [2018-10-14 18:08:43] C:\Users\Tc\Desktop\众瑞\zhongrui\server\libs\utils\log.py 52 debug 14664 11492 
 	 [ServerAdmin : tgbzquery]Training complete in 1.056177 real seconds 

DEBUG [2018-10-14 18:08:55] C:\Users\Tc\Desktop\众瑞\zhongrui\server\libs\utils\log.py 52 debug 14664 2464 
 	 [ServerAdmin : tgbzquery]Training complete in 1.095071 real seconds 

DEBUG [2018-10-14 18:08:57] C:\Users\Tc\Desktop\众瑞\zhongrui\server\libs\utils\log.py 52 debug 14664 9864 
 	 [ServerAdmin : tgbzquery]Training complete in 1.145982 real seconds 

DEBUG [2018-10-14 18:53:30] C:\Users\Tc\Desktop\众瑞\zhongrui\server\libs\utils\log.py 52 debug 5432 14636 
 	 [ServerAdmin : tgbzquery]Training complete in 1.153574 real seconds 

DEBUG [2018-10-14 18:53:51] C:\Users\Tc\Desktop\众瑞\zhongrui\server\libs\utils\log.py 52 debug 5592 9596 
 	 [ServerAdmin : tgbzquery]Training complete in 1.029283 real seconds 

DEBUG [2018-10-14 18:53:57] C:\Users\Tc\Desktop\众瑞\zhongrui\server\libs\utils\log.py 52 debug 5592 7420 
 	 [ServerAdmin : tgbzquery]Training complete in 1.085101 real seconds 

DEBUG [2018-10-14 18:54:02] C:\Users\Tc\Desktop\众瑞\zhongrui\server\libs\utils\log.py 52 debug 5592 8392 
 	 [ServerAdmin : tgbzquery]Training complete in 1.128040 real seconds 

DEBUG [2018-10-14 18:54:07] C:\Users\Tc\Desktop\众瑞\zhongrui\server\libs\utils\log.py 52 debug 5592 9612 
 	 [ServerAdmin : tgbzquery]Training complete in 1.065158 real seconds 

DEBUG [2018-10-14 18:54:09] C:\Users\Tc\Desktop\众瑞\zhongrui\server\libs\utils\log.py 52 debug 5592 15052 
 	 [ServerAdmin : tgbzquery]Training complete in 1.012292 real seconds 

DEBUG [2018-10-14 18:54:12] C:\Users\Tc\Desktop\众瑞\zhongrui\server\libs\utils\log.py 52 debug 5592 14668 
 	 [ServerAdmin : tgbzquery]Training complete in 1.039229 real seconds 

DEBUG [2018-10-14 18:54:27] C:\Users\Tc\Desktop\众瑞\zhongrui\server\libs\utils\log.py 52 debug 5592 9572 
 	 [ServerAdmin : tgbzquery]Training complete in 1.015286 real seconds 

DEBUG [2018-10-14 18:56:18] C:\Users\Tc\Desktop\众瑞\zhongrui\server\libs\utils\log.py 52 debug 5592 14652 
 	 [ServerAdmin : tgbzquery]Training complete in 1.058145 real seconds 

DEBUG [2018-10-14 18:57:30] C:\Users\Tc\Desktop\众瑞\zhongrui\server\libs\utils\log.py 52 debug 5592 12572 
 	 [ServerAdmin : tgbzquery]Training complete in 1.051191 real seconds 

DEBUG [2018-10-14 18:57:36] C:\Users\Tc\Desktop\众瑞\zhongrui\server\libs\utils\log.py 52 debug 5592 896 
 	 [ServerAdmin : tgbzquery]Training complete in 1.050234 real seconds 

DEBUG [2018-10-14 18:57:42] C:\Users\Tc\Desktop\众瑞\zhongrui\server\libs\utils\log.py 52 debug 5592 12584 
 	 [ServerAdmin : tgbzquery]Training complete in 1.066166 real seconds 

DEBUG [2018-10-14 18:58:03] C:\Users\Tc\Desktop\众瑞\zhongrui\server\libs\utils\log.py 52 debug 5592 5664 
 	 [ServerAdmin : tgbzquery]Training complete in 1.010823 real seconds 

DEBUG [2018-10-14 18:59:23] C:\Users\Tc\Desktop\众瑞\zhongrui\server\libs\utils\log.py 52 debug 5592 2528 
 	 [ServerAdmin : tgbzquery]Training complete in 1.043213 real seconds 

DEBUG [2018-10-14 19:02:15] C:\Users\Tc\Desktop\众瑞\zhongrui\server\libs\utils\log.py 52 debug 5592 12848 
 	 [ServerAdmin : tgbzquery]Training complete in 1.039225 real seconds 

DEBUG [2018-10-14 19:04:35] C:\Users\Tc\Desktop\众瑞\zhongrui\server\libs\utils\log.py 52 debug 5592 14612 
 	 [ServerAdmin : tgbzquery]Training complete in 1.013425 real seconds 

DEBUG [2018-10-14 19:10:00] C:\Users\Tc\Desktop\众瑞\zhongrui\server\libs\utils\log.py 52 debug 11740 2752 
 	 [ServerAdmin : tgbzquery]Training complete in 1.050197 real seconds 

DEBUG [2018-10-14 19:10:10] C:\Users\Tc\Desktop\众瑞\zhongrui\server\libs\utils\log.py 52 debug 11740 14724 
 	 [ServerAdmin : tgbzquery]Training complete in 1.016280 real seconds 

DEBUG [2018-10-14 19:10:13] C:\Users\Tc\Desktop\众瑞\zhongrui\server\libs\utils\log.py 52 debug 11740 11852 
 	 [ServerAdmin : tgbzquery]Training complete in 1.035228 real seconds 

DEBUG [2018-10-14 19:10:16] C:\Users\Tc\Desktop\众瑞\zhongrui\server\libs\utils\log.py 52 debug 11740 9508 
 	 [ServerAdmin : tgbzquery]Training complete in 1.031301 real seconds 

DEBUG [2018-10-14 19:10:22] C:\Users\Tc\Desktop\众瑞\zhongrui\server\libs\utils\log.py 52 debug 11740 7204 
 	 [ServerAdmin : tgbzquery]Training complete in 1.045204 real seconds 

DEBUG [2018-10-14 19:10:33] C:\Users\Tc\Desktop\众瑞\zhongrui\server\libs\utils\log.py 52 debug 11740 14064 
 	 [ServerAdmin : tgbzquery]Training complete in 1.015283 real seconds 

DEBUG [2018-10-14 19:10:38] C:\Users\Tc\Desktop\众瑞\zhongrui\server\libs\utils\log.py 52 debug 11740 1040 
 	 [ServerAdmin : tgbzquery]Training complete in 1.063159 real seconds 

DEBUG [2018-10-14 19:10:40] C:\Users\Tc\Desktop\众瑞\zhongrui\server\libs\utils\log.py 52 debug 11740 9504 
 	 [ServerAdmin : tgbzquery]Training complete in 1.051203 real seconds 

DEBUG [2018-10-14 19:10:42] C:\Users\Tc\Desktop\众瑞\zhongrui\server\libs\utils\log.py 52 debug 11740 3004 
 	 [ServerAdmin : tgbzquery]Training complete in 1.038227 real seconds 

DEBUG [2018-10-14 19:10:44] C:\Users\Tc\Desktop\众瑞\zhongrui\server\libs\utils\log.py 52 debug 11740 9796 
 	 [ServerAdmin : tgbzquery]Training complete in 1.052186 real seconds 

DEBUG [2018-10-14 19:10:47] C:\Users\Tc\Desktop\众瑞\zhongrui\server\libs\utils\log.py 52 debug 11740 9920 
 	 [ServerAdmin : tgbzquery]Training complete in 1.056176 real seconds 

DEBUG [2018-10-14 19:10:51] C:\Users\Tc\Desktop\众瑞\zhongrui\server\libs\utils\log.py 52 debug 11740 2360 
 	 [ServerAdmin : tgbzquery]Training complete in 1.074160 real seconds 

DEBUG [2018-10-14 19:23:10] C:\Users\Tc\Desktop\众瑞\zhongrui\server\libs\utils\log.py 52 debug 11028 8044 
 	 [ServerAdmin : tgbzquery]Training complete in 1.060168 real seconds 

DEBUG [2018-10-14 19:24:09] C:\Users\Tc\Desktop\众瑞\zhongrui\server\libs\utils\log.py 52 debug 11028 9384 
 	 [ServerAdmin : tgbzquery]Training complete in 1.034234 real seconds 

DEBUG [2018-10-14 19:24:14] C:\Users\Tc\Desktop\众瑞\zhongrui\server\libs\utils\log.py 52 debug 11028 15804 
 	 [ServerAdmin : tgbzquery]Training complete in 1.034277 real seconds 

DEBUG [2018-10-14 19:28:23] C:\Users\Tc\Desktop\众瑞\zhongrui\server\libs\utils\log.py 52 debug 11028 16380 
 	 [ServerAdmin : tgbzquery]Training complete in 1.039231 real seconds 

DEBUG [2018-10-14 19:29:27] C:\Users\Tc\Desktop\众瑞\zhongrui\server\libs\utils\log.py 52 debug 11028 16312 
 	 [ServerAdmin : tgbzquery]Training complete in 1.034241 real seconds 

DEBUG [2018-10-14 19:29:47] C:\Users\Tc\Desktop\众瑞\zhongrui\server\libs\utils\log.py 52 debug 11028 12144 
 	 [ServerAdmin : tgbzquery]Training complete in 1.037228 real seconds 

DEBUG [2018-10-14 19:30:47] C:\Users\Tc\Desktop\众瑞\zhongrui\server\libs\utils\log.py 52 debug 11028 8888 
 	 [ServerAdmin : tgbzquery]Training complete in 1.047204 real seconds 

DEBUG [2018-10-14 19:32:24] C:\Users\Tc\Desktop\众瑞\zhongrui\server\libs\utils\log.py 52 debug 11028 5428 
 	 [ServerAdmin : tgbzquery]Training complete in 1.025260 real seconds 

DEBUG [2018-10-14 19:34:14] C:\Users\Tc\Desktop\众瑞\zhongrui\server\libs\utils\log.py 52 debug 11028 16152 
 	 [ServerAdmin : tgbzquery]Training complete in 1.013290 real seconds 

DEBUG [2018-10-14 19:34:16] C:\Users\Tc\Desktop\众瑞\zhongrui\server\libs\utils\log.py 52 debug 11028 15588 
 	 [ServerAdmin : tgbzquery]Training complete in 1.062163 real seconds 

DEBUG [2018-10-14 19:34:26] C:\Users\Tc\Desktop\众瑞\zhongrui\server\libs\utils\log.py 52 debug 11028 3064 
 	 [ServerAdmin : delorder]Training complete in 1.022317 real seconds 

DEBUG [2018-10-14 19:34:35] C:\Users\Tc\Desktop\众瑞\zhongrui\server\libs\utils\log.py 52 debug 11028 16052 
 	 [ServerAdmin : tgbzquery]Training complete in 1.011297 real seconds 

DEBUG [2018-10-14 19:35:38] C:\Users\Tc\Desktop\众瑞\zhongrui\server\libs\utils\log.py 52 debug 8224 15196 
 	 [ServerAdmin : delorder]Training complete in 1.067149 real seconds 

DEBUG [2018-10-14 19:35:43] C:\Users\Tc\Desktop\众瑞\zhongrui\server\libs\utils\log.py 52 debug 8224 16136 
 	 [ServerAdmin : tgbzquery]Training complete in 1.037226 real seconds 

DEBUG [2018-10-14 21:05:32] C:\Users\Tc\Desktop\众瑞\zhongrui\server\libs\utils\log.py 52 debug 8224 8520 
 	 [ServerAdmin : tgbzquery]Training complete in 1.028281 real seconds 

DEBUG [2018-10-14 21:05:37] C:\Users\Tc\Desktop\众瑞\zhongrui\server\libs\utils\log.py 52 debug 8224 15556 
 	 [ServerAdmin : tgbzquery]Training complete in 1.046214 real seconds 

DEBUG [2018-10-14 21:06:11] C:\Users\Tc\Desktop\众瑞\zhongrui\server\libs\utils\log.py 52 debug 8224 14868 
 	 [ServerAdmin : tgbzquery]Training complete in 1.021269 real seconds 

DEBUG [2018-10-14 21:06:25] C:\Users\Tc\Desktop\众瑞\zhongrui\server\libs\utils\log.py 52 debug 8224 7252 
 	 [ServerAdmin : tgbzquery]Training complete in 1.017280 real seconds 

DEBUG [2018-10-14 21:07:32] C:\Users\Tc\Desktop\众瑞\zhongrui\server\libs\utils\log.py 52 debug 8224 724 
 	 [ServerAdmin : tgbzquery]Training complete in 1.036231 real seconds 

DEBUG [2018-10-14 21:07:39] C:\Users\Tc\Desktop\众瑞\zhongrui\server\libs\utils\log.py 52 debug 8224 13912 
 	 [ServerAdmin : delorder]Training complete in 1.067148 real seconds 

DEBUG [2018-10-14 21:08:56] C:\Users\Tc\Desktop\众瑞\zhongrui\server\libs\utils\log.py 52 debug 8224 7792 
 	 [ServerAdmin : tgbzquery]Training complete in 1.059170 real seconds 

DEBUG [2018-10-14 21:09:03] C:\Users\Tc\Desktop\众瑞\zhongrui\server\libs\utils\log.py 52 debug 8224 10416 
 	 [ServerAdmin : tgbzquery]Training complete in 1.020272 real seconds 

DEBUG [2018-10-14 21:09:04] C:\Users\Tc\Desktop\众瑞\zhongrui\server\libs\utils\log.py 52 debug 8224 12896 
 	 [ServerAdmin : tgbzquery]Training complete in 1.036232 real seconds 

DEBUG [2018-10-14 21:09:10] C:\Users\Tc\Desktop\众瑞\zhongrui\server\libs\utils\log.py 52 debug 8224 6136 
 	 [ServerAdmin : delorder]Training complete in 1.068136 real seconds 

DEBUG [2018-10-14 21:09:41] C:\Users\Tc\Desktop\众瑞\zhongrui\server\libs\utils\log.py 52 debug 8224 6820 
 	 [ServerAdmin : tgbzquery]Training complete in 1.035280 real seconds 

DEBUG [2018-10-14 21:10:52] C:\Users\Tc\Desktop\众瑞\zhongrui\server\libs\utils\log.py 52 debug 8224 14696 
 	 [ServerAdmin : tgbzquery]Training complete in 1.010299 real seconds 

DEBUG [2018-10-14 21:11:05] C:\Users\Tc\Desktop\众瑞\zhongrui\server\libs\utils\log.py 52 debug 8224 3752 
 	 [ServerAdmin : tgbzquery]Training complete in 1.041216 real seconds 

DEBUG [2018-10-14 21:11:18] C:\Users\Tc\Desktop\众瑞\zhongrui\server\libs\utils\log.py 52 debug 8224 1640 
 	 [ServerAdmin : tgbzquery]Training complete in 1.034235 real seconds 

DEBUG [2018-10-14 21:27:12] C:\Users\Tc\Desktop\众瑞\zhongrui\server\libs\utils\log.py 52 debug 3076 7952 
 	 [ServerAdmin : tgbzquery]Training complete in 1.122998 real seconds 

DEBUG [2018-10-14 21:27:50] C:\Users\Tc\Desktop\众瑞\zhongrui\server\libs\utils\log.py 52 debug 3076 8292 
 	 [ServerAdmin : login]Training complete in 2.079454 real seconds 

DEBUG [2018-10-14 21:27:54] C:\Users\Tc\Desktop\众瑞\zhongrui\server\libs\utils\log.py 52 debug 3076 9864 
 	 [ServerAdmin : tgbzquery]Training complete in 1.014285 real seconds 

DEBUG [2018-10-14 21:28:29] C:\Users\Tc\Desktop\众瑞\zhongrui\server\libs\utils\log.py 52 debug 3076 10988 
 	 [ServerAdmin : tgbzquery]Training complete in 1.063170 real seconds 

DEBUG [2018-10-14 21:32:01] C:\Users\Tc\Desktop\众瑞\zhongrui\server\libs\utils\log.py 52 debug 3076 12568 
 	 [ServerAdmin : tgbzquery]Training complete in 0.997339 real seconds 

DEBUG [2018-10-14 21:32:01] C:\Users\Tc\Desktop\众瑞\zhongrui\server\libs\utils\log.py 52 debug 3076 14876 
 	 [ServerAdmin : tgbzquery]Training complete in 1.038224 real seconds 

DEBUG [2018-10-14 21:33:41] C:\Users\Tc\Desktop\众瑞\zhongrui\server\libs\utils\log.py 52 debug 3076 14348 
 	 [ServerAdmin : tgbzquery]Training complete in 0.994387 real seconds 

DEBUG [2018-10-14 21:33:41] C:\Users\Tc\Desktop\众瑞\zhongrui\server\libs\utils\log.py 52 debug 3076 7332 
 	 [ServerAdmin : tgbzquery]Training complete in 1.024261 real seconds 

DEBUG [2018-10-14 21:34:41] C:\Users\Tc\Desktop\众瑞\zhongrui\server\libs\utils\log.py 52 debug 3076 1940 
 	 [ServerAdmin : tgbzquery]Training complete in 1.037229 real seconds 

DEBUG [2018-10-14 21:36:32] C:\Users\Tc\Desktop\众瑞\zhongrui\server\libs\utils\log.py 52 debug 5496 13844 
 	 [ServerAdmin : tgbzquery]Training complete in 1.095115 real seconds 

DEBUG [2018-10-14 21:36:38] C:\Users\Tc\Desktop\众瑞\zhongrui\server\libs\utils\log.py 52 debug 5496 8352 
 	 [ServerAdmin : matchadd]Training complete in 1.050193 real seconds 

DEBUG [2018-10-14 21:37:22] C:\Users\Tc\Desktop\众瑞\zhongrui\server\libs\utils\log.py 52 debug 5496 4588 
 	 [ServerAdmin : tgbzquery]Training complete in 1.029293 real seconds 

DEBUG [2018-10-14 21:37:22] C:\Users\Tc\Desktop\众瑞\zhongrui\server\libs\utils\log.py 52 debug 5496 2876 
 	 [ServerAdmin : tgbzquery]Training complete in 1.044245 real seconds 

DEBUG [2018-10-14 21:37:30] C:\Users\Tc\Desktop\众瑞\zhongrui\server\libs\utils\log.py 52 debug 5496 14368 
 	 [ServerAdmin : tgbzquery]Training complete in 0.964421 real seconds 

DEBUG [2018-10-14 21:37:30] C:\Users\Tc\Desktop\众瑞\zhongrui\server\libs\utils\log.py 52 debug 5496 1232 
 	 [ServerAdmin : tgbzquery]Training complete in 1.017281 real seconds 

DEBUG [2018-10-14 21:39:03] C:\Users\Tc\Desktop\众瑞\zhongrui\server\libs\utils\log.py 52 debug 5496 7840 
 	 [ServerAdmin : tgbzquery]Training complete in 1.041272 real seconds 

DEBUG [2018-10-14 21:39:03] C:\Users\Tc\Desktop\众瑞\zhongrui\server\libs\utils\log.py 52 debug 5496 8904 
 	 [ServerAdmin : tgbzquery]Training complete in 1.090088 real seconds 

DEBUG [2018-10-14 21:39:24] C:\Users\Tc\Desktop\众瑞\zhongrui\server\libs\utils\log.py 52 debug 5496 15364 
 	 [ServerAdmin : tgbzquery]Training complete in 1.057228 real seconds 

DEBUG [2018-10-14 21:39:48] C:\Users\Tc\Desktop\众瑞\zhongrui\server\libs\utils\log.py 52 debug 5496 11520 
 	 [ServerAdmin : matchadd]Training complete in 1.061161 real seconds 

DEBUG [2018-10-14 21:41:13] C:\Users\Tc\Desktop\众瑞\zhongrui\server\libs\utils\log.py 52 debug 5496 3764 
 	 [ServerAdmin : tgbzquery]Training complete in 1.009299 real seconds 

DEBUG [2018-10-14 21:41:16] C:\Users\Tc\Desktop\众瑞\zhongrui\server\libs\utils\log.py 52 debug 5496 10812 
 	 [ServerAdmin : tgbzquery]Training complete in 1.029252 real seconds 

DEBUG [2018-10-14 21:41:32] C:\Users\Tc\Desktop\众瑞\zhongrui\server\libs\utils\log.py 52 debug 5496 15900 
 	 [ServerAdmin : matchadd]Training complete in 1.073142 real seconds 

DEBUG [2018-10-14 21:46:07] C:\Users\Tc\Desktop\众瑞\zhongrui\server\libs\utils\log.py 52 debug 5496 8588 
 	 [ServerAdmin : tgbzquery]Training complete in 1.023263 real seconds 

DEBUG [2018-10-14 21:50:34] C:\Users\Tc\Desktop\众瑞\zhongrui\server\libs\utils\log.py 52 debug 5496 1508 
 	 [ServerAdmin : tgbzquery]Training complete in 1.010326 real seconds 

DEBUG [2018-10-14 21:55:41] C:\Users\Tc\Desktop\众瑞\zhongrui\server\libs\utils\log.py 52 debug 5496 2000 
 	 [ServerAdmin : tgbzquery]Training complete in 1.026257 real seconds 

DEBUG [2018-10-14 21:57:37] C:\Users\Tc\Desktop\众瑞\zhongrui\server\libs\utils\log.py 52 debug 5496 7676 
 	 [ServerAdmin : tgbzquery]Training complete in 1.016276 real seconds 

DEBUG [2018-10-14 21:58:42] C:\Users\Tc\Desktop\众瑞\zhongrui\server\libs\utils\log.py 52 debug 5496 10936 
 	 [ServerAdmin : tgbzquery]Training complete in 1.013293 real seconds 

DEBUG [2018-10-14 21:58:55] C:\Users\Tc\Desktop\众瑞\zhongrui\server\libs\utils\log.py 52 debug 5496 11204 
 	 [ServerAdmin : tgbzquery]Training complete in 1.063159 real seconds 

DEBUG [2018-10-14 21:59:02] C:\Users\Tc\Desktop\众瑞\zhongrui\server\libs\utils\log.py 52 debug 5496 14576 
 	 [ServerAdmin : tgbzquery]Training complete in 1.026256 real seconds 

DEBUG [2018-10-14 21:59:58] C:\Users\Tc\Desktop\众瑞\zhongrui\server\libs\utils\log.py 52 debug 5496 15240 
 	 [ServerAdmin : tgbzquery]Training complete in 0.983369 real seconds 

DEBUG [2018-10-14 21:59:58] C:\Users\Tc\Desktop\众瑞\zhongrui\server\libs\utils\log.py 52 debug 5496 1204 
 	 [ServerAdmin : tgbzquery]Training complete in 1.023262 real seconds 

DEBUG [2018-10-14 22:00:01] C:\Users\Tc\Desktop\众瑞\zhongrui\server\libs\utils\log.py 52 debug 5496 7988 
 	 [ServerAdmin : tgbzquery]Training complete in 1.025259 real seconds 

DEBUG [2018-10-14 22:00:10] C:\Users\Tc\Desktop\众瑞\zhongrui\server\libs\utils\log.py 52 debug 5496 14796 
 	 [ServerAdmin : tgbzquery]Training complete in 1.007306 real seconds 

DEBUG [2018-10-14 22:00:10] C:\Users\Tc\Desktop\众瑞\zhongrui\server\libs\utils\log.py 52 debug 5496 9220 
 	 [ServerAdmin : tgbzquery]Training complete in 1.016313 real seconds 

DEBUG [2018-10-14 22:02:53] C:\Users\Tc\Desktop\众瑞\zhongrui\server\libs\utils\log.py 52 debug 5496 1492 
 	 [ServerAdmin : tgbzquery]Training complete in 1.058174 real seconds 

DEBUG [2018-10-14 22:04:19] C:\Users\Tc\Desktop\众瑞\zhongrui\server\libs\utils\log.py 52 debug 5496 10748 
 	 [ServerAdmin : tgbzquery]Training complete in 1.016284 real seconds 

DEBUG [2018-10-14 22:05:06] C:\Users\Tc\Desktop\众瑞\zhongrui\server\libs\utils\log.py 52 debug 5496 16324 
 	 [ServerAdmin : tgbzquery]Training complete in 1.053190 real seconds 

DEBUG [2018-10-14 22:06:19] C:\Users\Tc\Desktop\众瑞\zhongrui\server\libs\utils\log.py 52 debug 5496 14768 
 	 [ServerAdmin : tgbzquery]Training complete in 0.962457 real seconds 

DEBUG [2018-10-14 22:06:19] C:\Users\Tc\Desktop\众瑞\zhongrui\server\libs\utils\log.py 52 debug 5496 15972 
 	 [ServerAdmin : tgbzquery]Training complete in 1.031242 real seconds 

DEBUG [2018-10-14 22:06:33] C:\Users\Tc\Desktop\众瑞\zhongrui\server\libs\utils\log.py 52 debug 5496 4040 
 	 [ServerAdmin : tgbzquery]Training complete in 1.099063 real seconds 

DEBUG [2018-10-14 22:07:07] C:\Users\Tc\Desktop\众瑞\zhongrui\server\libs\utils\log.py 52 debug 5496 14652 
 	 [ServerAdmin : tgbzquery]Training complete in 1.015285 real seconds 

DEBUG [2018-10-14 22:07:07] C:\Users\Tc\Desktop\众瑞\zhongrui\server\libs\utils\log.py 52 debug 5496 14428 
 	 [ServerAdmin : tgbzquery]Training complete in 1.033237 real seconds 

DEBUG [2018-10-14 22:07:11] C:\Users\Tc\Desktop\众瑞\zhongrui\server\libs\utils\log.py 52 debug 5496 12208 
 	 [ServerAdmin : tgbzquery]Training complete in 1.048239 real seconds 

DEBUG [2018-10-14 22:07:19] C:\Users\Tc\Desktop\众瑞\zhongrui\server\libs\utils\log.py 52 debug 5496 15396 
 	 [ServerAdmin : tgbzquery]Training complete in 1.025264 real seconds 

DEBUG [2018-10-14 22:07:22] C:\Users\Tc\Desktop\众瑞\zhongrui\server\libs\utils\log.py 52 debug 5496 4232 
 	 [ServerAdmin : tgbzquery]Training complete in 1.017279 real seconds 

DEBUG [2018-10-14 22:09:03] C:\Users\Tc\Desktop\众瑞\zhongrui\server\libs\utils\log.py 52 debug 5496 11428 
 	 [ServerAdmin : tgbzquery]Training complete in 1.022268 real seconds 

DEBUG [2018-10-14 22:09:13] C:\Users\Tc\Desktop\众瑞\zhongrui\server\libs\utils\log.py 52 debug 5496 6184 
 	 [ServerAdmin : tgbzquery]Training complete in 1.021270 real seconds 

DEBUG [2018-10-14 22:10:20] C:\Users\Tc\Desktop\众瑞\zhongrui\server\libs\utils\log.py 52 debug 5496 5868 
 	 [ServerAdmin : tgbzquery]Training complete in 1.067148 real seconds 

DEBUG [2018-10-14 22:10:52] C:\Users\Tc\Desktop\众瑞\zhongrui\server\libs\utils\log.py 52 debug 5496 2404 
 	 [ServerAdmin : tgbzquery]Training complete in 1.019312 real seconds 

DEBUG [2018-10-14 22:11:46] C:\Users\Tc\Desktop\众瑞\zhongrui\server\libs\utils\log.py 52 debug 5496 5648 
 	 [ServerAdmin : tgbzquery]Training complete in 1.047199 real seconds 

DEBUG [2018-10-14 22:12:17] C:\Users\Tc\Desktop\众瑞\zhongrui\server\libs\utils\log.py 52 debug 5496 14700 
 	 [ServerAdmin : tgbzquery]Training complete in 1.049203 real seconds 

DEBUG [2018-10-14 22:12:57] C:\Users\Tc\Desktop\众瑞\zhongrui\server\libs\utils\log.py 52 debug 5496 14408 
 	 [ServerAdmin : tgbzquery]Training complete in 1.047231 real seconds 

DEBUG [2018-10-14 22:15:10] C:\Users\Tc\Desktop\众瑞\zhongrui\server\libs\utils\log.py 52 debug 5496 164 
 	 [ServerAdmin : tgbzquery]Training complete in 1.101467 real seconds 

DEBUG [2018-10-14 22:16:06] C:\Users\Tc\Desktop\众瑞\zhongrui\server\libs\utils\log.py 52 debug 5496 15344 
 	 [ServerAdmin : tgbzquery]Training complete in 1.020293 real seconds 

DEBUG [2018-10-14 22:16:12] C:\Users\Tc\Desktop\众瑞\zhongrui\server\libs\utils\log.py 52 debug 5496 16352 
 	 [ServerAdmin : tgbzquery]Training complete in 1.046206 real seconds 

DEBUG [2018-10-14 22:32:47] C:\Users\Tc\Desktop\众瑞\zhongrui\server\libs\utils\log.py 52 debug 7412 6216 
 	 [ServerAdmin : matchquery]Training complete in 2.035599 real seconds 

DEBUG [2018-10-14 22:32:47] C:\Users\Tc\Desktop\众瑞\zhongrui\server\libs\utils\log.py 52 debug 7412 11024 
 	 [ServerAdmin : matchquery]Training complete in 2.045539 real seconds 

DEBUG [2018-10-14 22:32:59] C:\Users\Tc\Desktop\众瑞\zhongrui\server\libs\utils\log.py 52 debug 7412 10056 
 	 [ServerAdmin : matchquery]Training complete in 2.032615 real seconds 

DEBUG [2018-10-14 22:32:59] C:\Users\Tc\Desktop\众瑞\zhongrui\server\libs\utils\log.py 52 debug 7412 7572 
 	 [ServerAdmin : matchquery]Training complete in 2.058496 real seconds 

DEBUG [2018-10-14 22:33:14] C:\Users\Tc\Desktop\众瑞\zhongrui\server\libs\utils\log.py 52 debug 7412 11680 
 	 [ServerAdmin : matchquery]Training complete in 2.019604 real seconds 

DEBUG [2018-10-14 22:33:14] C:\Users\Tc\Desktop\众瑞\zhongrui\server\libs\utils\log.py 52 debug 7412 14472 
 	 [ServerAdmin : matchquery]Training complete in 2.058500 real seconds 

DEBUG [2018-10-14 22:33:21] C:\Users\Tc\Desktop\众瑞\zhongrui\server\libs\utils\log.py 52 debug 7412 15484 
 	 [ServerAdmin : matchquery]Training complete in 2.029578 real seconds 

DEBUG [2018-10-14 22:33:21] C:\Users\Tc\Desktop\众瑞\zhongrui\server\libs\utils\log.py 52 debug 7412 2860 
 	 [ServerAdmin : matchquery]Training complete in 2.047531 real seconds 

DEBUG [2018-10-14 22:33:59] C:\Users\Tc\Desktop\众瑞\zhongrui\server\libs\utils\log.py 52 debug 7412 1924 
 	 [ServerAdmin : matchquery]Training complete in 1.992673 real seconds 

DEBUG [2018-10-14 22:33:59] C:\Users\Tc\Desktop\众瑞\zhongrui\server\libs\utils\log.py 52 debug 7412 13632 
 	 [ServerAdmin : matchquery]Training complete in 2.026583 real seconds 

DEBUG [2018-10-14 22:34:15] C:\Users\Tc\Desktop\众瑞\zhongrui\server\libs\utils\log.py 52 debug 7412 11888 
 	 [ServerAdmin : tgbzquery]Training complete in 1.080112 real seconds 

DEBUG [2018-10-14 22:34:23] C:\Users\Tc\Desktop\众瑞\zhongrui\server\libs\utils\log.py 52 debug 7412 12676 
 	 [ServerAdmin : matchadd]Training complete in 1.052159 real seconds 

DEBUG [2018-10-14 22:34:27] C:\Users\Tc\Desktop\众瑞\zhongrui\server\libs\utils\log.py 52 debug 7412 9896 
 	 [ServerAdmin : matchquery]Training complete in 2.069468 real seconds 

DEBUG [2018-10-14 22:34:27] C:\Users\Tc\Desktop\众瑞\zhongrui\server\libs\utils\log.py 52 debug 7412 11608 
 	 [ServerAdmin : matchquery]Training complete in 2.074455 real seconds 

DEBUG [2018-10-14 22:34:30] C:\Users\Tc\Desktop\众瑞\zhongrui\server\libs\utils\log.py 52 debug 7412 7576 
 	 [ServerAdmin : matchquery]Training complete in 1.982729 real seconds 

DEBUG [2018-10-14 22:34:30] C:\Users\Tc\Desktop\众瑞\zhongrui\server\libs\utils\log.py 52 debug 7412 2976 
 	 [ServerAdmin : matchquery]Training complete in 2.039546 real seconds 

DEBUG [2018-10-14 22:35:20] C:\Users\Tc\Desktop\众瑞\zhongrui\server\libs\utils\log.py 52 debug 7412 4340 
 	 [ServerAdmin : matchquery]Training complete in 2.025584 real seconds 

DEBUG [2018-10-14 22:35:20] C:\Users\Tc\Desktop\众瑞\zhongrui\server\libs\utils\log.py 52 debug 7412 13020 
 	 [ServerAdmin : matchquery]Training complete in 2.034563 real seconds 

DEBUG [2018-10-14 22:35:55] C:\Users\Tc\Desktop\众瑞\zhongrui\server\libs\utils\log.py 52 debug 7412 15232 
 	 [ServerAdmin : tgbzquery]Training complete in 1.032240 real seconds 

DEBUG [2018-10-14 22:35:59] C:\Users\Tc\Desktop\众瑞\zhongrui\server\libs\utils\log.py 52 debug 7412 14840 
 	 [ServerAdmin : matchquery]Training complete in 2.083434 real seconds 

DEBUG [2018-10-14 22:35:59] C:\Users\Tc\Desktop\众瑞\zhongrui\server\libs\utils\log.py 52 debug 7412 14776 
 	 [ServerAdmin : matchquery]Training complete in 2.109360 real seconds 

DEBUG [2018-10-14 22:37:11] C:\Users\Tc\Desktop\众瑞\zhongrui\server\libs\utils\log.py 52 debug 7412 11180 
 	 [ServerAdmin : matchquery]Training complete in 2.023593 real seconds 

DEBUG [2018-10-14 22:37:11] C:\Users\Tc\Desktop\众瑞\zhongrui\server\libs\utils\log.py 52 debug 7412 11588 
 	 [ServerAdmin : matchquery]Training complete in 2.074455 real seconds 

DEBUG [2018-10-14 22:39:37] C:\Users\Tc\Desktop\众瑞\zhongrui\server\libs\utils\log.py 52 debug 7412 14360 
 	 [ServerAdmin : matchquery]Training complete in 2.012620 real seconds 

DEBUG [2018-10-14 22:39:37] C:\Users\Tc\Desktop\众瑞\zhongrui\server\libs\utils\log.py 52 debug 7412 15732 
 	 [ServerAdmin : matchquery]Training complete in 2.036555 real seconds 

DEBUG [2018-10-14 22:43:56] C:\Users\Tc\Desktop\众瑞\zhongrui\server\libs\utils\log.py 52 debug 7412 14896 
 	 [ServerAdmin : matchquery]Training complete in 2.082473 real seconds 

DEBUG [2018-10-14 22:43:56] C:\Users\Tc\Desktop\众瑞\zhongrui\server\libs\utils\log.py 52 debug 7412 11620 
 	 [ServerAdmin : matchquery]Training complete in 2.105418 real seconds 

DEBUG [2018-10-14 22:44:17] C:\Users\Tc\Desktop\众瑞\zhongrui\server\libs\utils\log.py 52 debug 7412 15120 
 	 [ServerAdmin : matchquery]Training complete in 2.069466 real seconds 

DEBUG [2018-10-14 22:44:17] C:\Users\Tc\Desktop\众瑞\zhongrui\server\libs\utils\log.py 52 debug 7412 5868 
 	 [ServerAdmin : matchquery]Training complete in 2.078444 real seconds 

DEBUG [2018-10-14 22:44:37] C:\Users\Tc\Desktop\众瑞\zhongrui\server\libs\utils\log.py 52 debug 7412 8100 
 	 [ServerAdmin : matchquery]Training complete in 2.070467 real seconds 

DEBUG [2018-10-14 22:44:37] C:\Users\Tc\Desktop\众瑞\zhongrui\server\libs\utils\log.py 52 debug 7412 6080 
 	 [ServerAdmin : matchquery]Training complete in 2.073458 real seconds 

DEBUG [2018-10-14 22:44:53] C:\Users\Tc\Desktop\众瑞\zhongrui\server\libs\utils\log.py 52 debug 7412 15512 
 	 [ServerAdmin : matchquery]Training complete in 2.046556 real seconds 

DEBUG [2018-10-14 22:44:53] C:\Users\Tc\Desktop\众瑞\zhongrui\server\libs\utils\log.py 52 debug 7412 16240 
 	 [ServerAdmin : matchquery]Training complete in 2.055500 real seconds 

DEBUG [2018-10-14 22:45:07] C:\Users\Tc\Desktop\众瑞\zhongrui\server\libs\utils\log.py 52 debug 7412 10432 
 	 [ServerAdmin : matchquery]Training complete in 2.044536 real seconds 

DEBUG [2018-10-14 22:45:07] C:\Users\Tc\Desktop\众瑞\zhongrui\server\libs\utils\log.py 52 debug 7412 11000 
 	 [ServerAdmin : matchquery]Training complete in 2.056501 real seconds 

DEBUG [2018-10-14 22:45:17] C:\Users\Tc\Desktop\众瑞\zhongrui\server\libs\utils\log.py 52 debug 7412 15996 
 	 [ServerAdmin : matchquery]Training complete in 2.067529 real seconds 

DEBUG [2018-10-14 22:45:17] C:\Users\Tc\Desktop\众瑞\zhongrui\server\libs\utils\log.py 52 debug 7412 9644 
 	 [ServerAdmin : matchquery]Training complete in 2.133325 real seconds 

DEBUG [2018-10-14 22:46:48] C:\Users\Tc\Desktop\众瑞\zhongrui\server\libs\utils\log.py 52 debug 7412 9112 
 	 [ServerAdmin : matchquery]Training complete in 2.022594 real seconds 

DEBUG [2018-10-14 22:46:48] C:\Users\Tc\Desktop\众瑞\zhongrui\server\libs\utils\log.py 52 debug 7412 14816 
 	 [ServerAdmin : matchquery]Training complete in 2.025615 real seconds 

DEBUG [2018-10-14 22:55:35] C:\Users\Tc\Desktop\众瑞\zhongrui\server\libs\utils\log.py 52 debug 7412 7876 
 	 [ServerAdmin : matchquery]Training complete in 2.036556 real seconds 

DEBUG [2018-10-14 22:55:35] C:\Users\Tc\Desktop\众瑞\zhongrui\server\libs\utils\log.py 52 debug 7412 14644 
 	 [ServerAdmin : matchquery]Training complete in 2.043536 real seconds 

DEBUG [2018-10-14 22:55:44] C:\Users\Tc\Desktop\众瑞\zhongrui\server\libs\utils\log.py 52 debug 7412 2876 
 	 [ServerAdmin : matchquery]Training complete in 2.042543 real seconds 

DEBUG [2018-10-14 22:55:44] C:\Users\Tc\Desktop\众瑞\zhongrui\server\libs\utils\log.py 52 debug 7412 13884 
 	 [ServerAdmin : matchquery]Training complete in 2.052511 real seconds 

DEBUG [2018-10-14 22:57:32] C:\Users\Tc\Desktop\众瑞\zhongrui\server\libs\utils\log.py 52 debug 7412 2560 
 	 [ServerAdmin : matchquery]Training complete in 2.071475 real seconds 

DEBUG [2018-10-14 22:57:32] C:\Users\Tc\Desktop\众瑞\zhongrui\server\libs\utils\log.py 52 debug 7412 7176 
 	 [ServerAdmin : matchquery]Training complete in 2.094400 real seconds 

DEBUG [2018-10-14 23:00:24] C:\Users\Tc\Desktop\众瑞\zhongrui\server\libs\utils\log.py 52 debug 2692 15852 
 	 [ServerAdmin : matchquery]Training complete in 2.079440 real seconds 

DEBUG [2018-10-14 23:00:24] C:\Users\Tc\Desktop\众瑞\zhongrui\server\libs\utils\log.py 52 debug 2692 6288 
 	 [ServerAdmin : matchquery]Training complete in 2.086421 real seconds 

DEBUG [2018-10-14 23:01:03] C:\Users\Tc\Desktop\众瑞\zhongrui\server\libs\utils\log.py 52 debug 2692 7772 
 	 [ServerAdmin : matchquery]Training complete in 2.055505 real seconds 

DEBUG [2018-10-14 23:01:03] C:\Users\Tc\Desktop\众瑞\zhongrui\server\libs\utils\log.py 52 debug 2692 9604 
 	 [ServerAdmin : matchquery]Training complete in 2.061489 real seconds 

DEBUG [2018-10-14 23:01:52] C:\Users\Tc\Desktop\众瑞\zhongrui\server\libs\utils\log.py 52 debug 2692 14020 
 	 [ServerAdmin : matchquery]Training complete in 2.033562 real seconds 

DEBUG [2018-10-14 23:01:52] C:\Users\Tc\Desktop\众瑞\zhongrui\server\libs\utils\log.py 52 debug 2692 15700 
 	 [ServerAdmin : matchquery]Training complete in 2.061489 real seconds 

DEBUG [2018-10-14 23:01:57] C:\Users\Tc\Desktop\众瑞\zhongrui\server\libs\utils\log.py 52 debug 2692 15560 
 	 [ServerAdmin : matchdel]Training complete in 1.035231 real seconds 

DEBUG [2018-10-14 23:02:03] C:\Users\Tc\Desktop\众瑞\zhongrui\server\libs\utils\log.py 52 debug 2692 1624 
 	 [ServerAdmin : matchdel]Training complete in 1.079122 real seconds 

DEBUG [2018-10-14 23:02:08] C:\Users\Tc\Desktop\众瑞\zhongrui\server\libs\utils\log.py 52 debug 2692 2004 
 	 [ServerAdmin : matchquery]Training complete in 1.996663 real seconds 

DEBUG [2018-10-14 23:02:08] C:\Users\Tc\Desktop\众瑞\zhongrui\server\libs\utils\log.py 52 debug 2692 15936 
 	 [ServerAdmin : matchquery]Training complete in 2.027578 real seconds 

DEBUG [2018-10-14 23:02:34] C:\Users\Tc\Desktop\众瑞\zhongrui\server\libs\utils\log.py 52 debug 2692 1972 
 	 [ServerAdmin : matchquery]Training complete in 2.026626 real seconds 

DEBUG [2018-10-14 23:02:34] C:\Users\Tc\Desktop\众瑞\zhongrui\server\libs\utils\log.py 52 debug 2692 14528 
 	 [ServerAdmin : matchquery]Training complete in 2.038594 real seconds 

DEBUG [2018-10-14 23:02:41] C:\Users\Tc\Desktop\众瑞\zhongrui\server\libs\utils\log.py 52 debug 2692 8992 
 	 [ServerAdmin : matchdel]Training complete in 1.100027 real seconds 

DEBUG [2018-10-14 23:02:43] C:\Users\Tc\Desktop\众瑞\zhongrui\server\libs\utils\log.py 52 debug 2692 1056 
 	 [ServerAdmin : matchquery]Training complete in 2.048521 real seconds 

DEBUG [2018-10-14 23:02:47] C:\Users\Tc\Desktop\众瑞\zhongrui\server\libs\utils\log.py 52 debug 2692 228 
 	 [ServerAdmin : matchquery]Training complete in 2.043546 real seconds 

DEBUG [2018-10-14 23:02:47] C:\Users\Tc\Desktop\众瑞\zhongrui\server\libs\utils\log.py 52 debug 2692 9868 
 	 [ServerAdmin : matchquery]Training complete in 2.051496 real seconds 

DEBUG [2018-10-14 23:06:45] C:\Users\Tc\Desktop\众瑞\zhongrui\server\libs\utils\log.py 52 debug 2692 15292 
 	 [UserAPIView : login]Training complete in 1.079121 real seconds 

DEBUG [2018-10-14 23:06:51] C:\Users\Tc\Desktop\众瑞\zhongrui\server\libs\utils\log.py 52 debug 2692 10708 
 	 [PublicAPIView : tranlistbquery]Training complete in 0.083728 real seconds 

DEBUG [2018-10-14 23:54:47] C:\Users\Tc\Desktop\众瑞\zhongrui\server\libs\utils\log.py 52 debug 8244 10056 
 	 [PublicAPIView : tranlistbquery]Training complete in 0.035891 real seconds 

DEBUG [2018-10-14 23:54:58] C:\Users\Tc\Desktop\众瑞\zhongrui\server\libs\utils\log.py 52 debug 8244 15376 
 	 [PublicAPIView : getluckyindex]Training complete in 0.028920 real seconds 

DEBUG [2018-10-14 23:55:08] C:\Users\Tc\Desktop\众瑞\zhongrui\server\libs\utils\log.py 52 debug 8244 12504 
 	 [PublicAPIView : clicklucky]Training complete in 0.156580 real seconds 

DEBUG [2018-10-14 23:55:14] C:\Users\Tc\Desktop\众瑞\zhongrui\server\libs\utils\log.py 52 debug 8244 5412 
 	 [PublicAPIView : tranlistbquery]Training complete in 0.025928 real seconds 

DEBUG [2018-10-14 23:55:23] C:\Users\Tc\Desktop\众瑞\zhongrui\server\libs\utils\log.py 52 debug 8244 14700 
 	 [PublicAPIView : userquery]Training complete in 0.028878 real seconds 

DEBUG [2018-10-14 23:55:27] C:\Users\Tc\Desktop\众瑞\zhongrui\server\libs\utils\log.py 52 debug 8244 10820 
 	 [PublicAPIView : userquery]Training complete in 0.028918 real seconds 

DEBUG [2018-10-14 23:55:30] C:\Users\Tc\Desktop\众瑞\zhongrui\server\libs\utils\log.py 52 debug 8244 12208 
 	 [PublicAPIView : userquery]Training complete in 0.068810 real seconds 

DEBUG [2018-10-14 23:55:30] C:\Users\Tc\Desktop\众瑞\zhongrui\server\libs\utils\log.py 52 debug 8244 16112 
 	 [PublicAPIView : tranlistbquery]Training complete in 0.077791 real seconds 

DEBUG [2018-10-14 23:56:07] C:\Users\Tc\Desktop\众瑞\zhongrui\server\libs\utils\log.py 52 debug 8244 3444 
 	 [PublicAPIView : buypowerupd]Training complete in 0.027923 real seconds 

DEBUG [2018-10-14 23:56:10] C:\Users\Tc\Desktop\众瑞\zhongrui\server\libs\utils\log.py 52 debug 8244 15284 
 	 [PublicAPIView : userquery]Training complete in 0.073829 real seconds 

DEBUG [2018-10-14 23:56:10] C:\Users\Tc\Desktop\众瑞\zhongrui\server\libs\utils\log.py 52 debug 8244 524 
 	 [PublicAPIView : tranlistbquery]Training complete in 0.041886 real seconds 

DEBUG [2018-10-14 23:56:15] C:\Users\Tc\Desktop\众瑞\zhongrui\server\libs\utils\log.py 52 debug 8244 14020 
 	 [PublicAPIView : tranlistbquery]Training complete in 0.075743 real seconds 

DEBUG [2018-10-15 00:00:19] C:\Users\Tc\Desktop\众瑞\zhongrui\server\libs\utils\log.py 52 debug 8244 8044 
 	 [ServerAdmin : login]Training complete in 2.043510 real seconds 

DEBUG [2018-10-15 00:00:25] C:\Users\Tc\Desktop\众瑞\zhongrui\server\libs\utils\log.py 52 debug 8244 7332 
 	 [ServerAdmin : matchquery]Training complete in 2.048527 real seconds 

DEBUG [2018-10-15 00:00:25] C:\Users\Tc\Desktop\众瑞\zhongrui\server\libs\utils\log.py 52 debug 8244 4196 
 	 [ServerAdmin : matchquery]Training complete in 2.059493 real seconds 

DEBUG [2018-10-15 00:00:30] C:\Users\Tc\Desktop\众瑞\zhongrui\server\libs\utils\log.py 52 debug 8244 10224 
 	 [ServerAdmin : tgbzquery]Training complete in 1.042213 real seconds 

DEBUG [2018-10-15 00:01:37] C:\Users\Tc\Desktop\众瑞\zhongrui\server\libs\utils\log.py 52 debug 8244 11872 
 	 [ServerAdmin : matchquery]Training complete in 2.031571 real seconds 

DEBUG [2018-10-15 00:01:37] C:\Users\Tc\Desktop\众瑞\zhongrui\server\libs\utils\log.py 52 debug 8244 15020 
 	 [ServerAdmin : matchquery]Training complete in 2.040544 real seconds 

DEBUG [2018-10-15 00:02:28] C:\Users\Tc\Desktop\众瑞\zhongrui\server\libs\utils\log.py 52 debug 8244 8100 
 	 [ServerAdmin : tgbzquery]Training complete in 1.021271 real seconds 

DEBUG [2018-10-15 00:02:31] C:\Users\Tc\Desktop\众瑞\zhongrui\server\libs\utils\log.py 52 debug 8244 328 
 	 [ServerAdmin : tgbzquery]Training complete in 1.063159 real seconds 

DEBUG [2018-10-15 00:12:58] C:\Users\Tc\Desktop\众瑞\zhongrui\server\libs\utils\log.py 52 debug 8244 1176 
 	 [ServerAdmin : tgbzquery]Training complete in 1.030288 real seconds 

DEBUG [2018-10-15 00:15:18] C:\Users\Tc\Desktop\众瑞\zhongrui\server\libs\utils\log.py 52 debug 8244 15624 
 	 [ServerAdmin : tgbzquery]Training complete in 1.060166 real seconds 

DEBUG [2018-10-15 00:17:19] C:\Users\Tc\Desktop\众瑞\zhongrui\server\libs\utils\log.py 52 debug 8244 8328 
 	 [ServerAdmin : tgbzquery]Training complete in 1.019306 real seconds 

DEBUG [2018-10-15 00:17:58] C:\Users\Tc\Desktop\众瑞\zhongrui\server\libs\utils\log.py 52 debug 8244 1232 
 	 [ServerAdmin : tgbzquery]Training complete in 1.067151 real seconds 

DEBUG [2018-10-15 00:18:08] C:\Users\Tc\Desktop\众瑞\zhongrui\server\libs\utils\log.py 52 debug 8244 332 
 	 [ServerAdmin : tgbzquery]Training complete in 1.044208 real seconds 

DEBUG [2018-10-15 00:18:31] C:\Users\Tc\Desktop\众瑞\zhongrui\server\libs\utils\log.py 52 debug 8244 11804 
 	 [ServerAdmin : tgbzquery]Training complete in 1.059169 real seconds 

DEBUG [2018-10-15 00:18:39] C:\Users\Tc\Desktop\众瑞\zhongrui\server\libs\utils\log.py 52 debug 8244 13076 
 	 [ServerAdmin : tgbzquery]Training complete in 1.036230 real seconds 

DEBUG [2018-10-15 00:18:55] C:\Users\Tc\Desktop\众瑞\zhongrui\server\libs\utils\log.py 52 debug 8244 15452 
 	 [ServerAdmin : tgbzquery]Training complete in 1.030245 real seconds 

DEBUG [2018-10-15 00:19:07] C:\Users\Tc\Desktop\众瑞\zhongrui\server\libs\utils\log.py 52 debug 8244 7576 
 	 [ServerAdmin : tgbzquery]Training complete in 1.076128 real seconds 

