DEBUG [2018-10-15 00:26:33] C:\Users\Tc\Desktop\众瑞\zhongrui\server\libs\utils\log.py 52 debug 1480 12540 
 	 [ServerAdmin : tgbzquery]Training complete in 1.111029 real seconds 

DEBUG [2018-10-15 00:29:12] C:\Users\Tc\Desktop\众瑞\zhongrui\server\libs\utils\log.py 52 debug 11072 13716 
 	 [ServerAdmin : userquery]Training complete in 1.083139 real seconds 

DEBUG [2018-10-15 00:31:45] C:\Users\Tc\Desktop\众瑞\zhongrui\server\libs\utils\log.py 52 debug 11072 16136 
 	 [ServerAdmin : userquery]Training complete in 1.055178 real seconds 

DEBUG [2018-10-15 00:31:49] C:\Users\Tc\Desktop\众瑞\zhongrui\server\libs\utils\log.py 52 debug 11072 328 
 	 [ServerAdmin : userquery]Training complete in 1.037256 real seconds 

DEBUG [2018-10-15 00:32:40] C:\Users\Tc\Desktop\众瑞\zhongrui\server\libs\utils\log.py 52 debug 11072 7296 
 	 [ServerAdmin : userquery]Training complete in 1.041215 real seconds 

DEBUG [2018-10-15 00:33:07] C:\Users\Tc\Desktop\众瑞\zhongrui\server\libs\utils\log.py 52 debug 11072 1372 
 	 [ServerAdmin : userquery]Training complete in 1.056174 real seconds 

DEBUG [2018-10-15 00:33:34] C:\Users\Tc\Desktop\众瑞\zhongrui\server\libs\utils\log.py 52 debug 11072 14256 
 	 [ServerAdmin : userquery]Training complete in 1.052222 real seconds 

DEBUG [2018-10-15 00:33:53] C:\Users\Tc\Desktop\众瑞\zhongrui\server\libs\utils\log.py 52 debug 11072 6160 
 	 [ServerAdmin : userquery]Training complete in 1.080149 real seconds 

DEBUG [2018-10-15 00:33:58] C:\Users\Tc\Desktop\众瑞\zhongrui\server\libs\utils\log.py 52 debug 11072 11208 
 	 [ServerAdmin : userquery]Training complete in 1.039235 real seconds 

DEBUG [2018-10-15 00:34:47] C:\Users\Tc\Desktop\众瑞\zhongrui\server\libs\utils\log.py 52 debug 11072 3500 
 	 [ServerAdmin : userquery]Training complete in 1.100058 real seconds 

DEBUG [2018-10-15 00:35:01] C:\Users\Tc\Desktop\众瑞\zhongrui\server\libs\utils\log.py 52 debug 11072 5156 
 	 [ServerAdmin : tgbzquery]Training complete in 1.027220 real seconds 

DEBUG [2018-10-15 00:35:03] C:\Users\Tc\Desktop\众瑞\zhongrui\server\libs\utils\log.py 52 debug 11072 5684 
 	 [ServerAdmin : userquery]Training complete in 1.127032 real seconds 

DEBUG [2018-10-15 00:35:26] C:\Users\Tc\Desktop\众瑞\zhongrui\server\libs\utils\log.py 52 debug 11072 14064 
 	 [ServerAdmin : userquery]Training complete in 1.073133 real seconds 

DEBUG [2018-10-15 00:38:08] C:\Users\Tc\Desktop\众瑞\zhongrui\server\libs\utils\log.py 52 debug 16188 3168 
 	 [ServerAdmin : userquery]Training complete in 1.121002 real seconds 

DEBUG [2018-10-15 00:45:57] C:\Users\Tc\Desktop\众瑞\zhongrui\server\libs\utils\log.py 52 debug 15092 13868 
 	 [ServerAdmin : userquery]Training complete in 1.139952 real seconds 

DEBUG [2018-10-15 00:46:30] C:\Users\Tc\Desktop\众瑞\zhongrui\server\libs\utils\log.py 52 debug 15092 15736 
 	 [ServerAdmin : userquery]Training complete in 1.078116 real seconds 

DEBUG [2018-10-15 00:47:21] C:\Users\Tc\Desktop\众瑞\zhongrui\server\libs\utils\log.py 52 debug 16356 12728 
 	 [ServerAdmin : userquery]Training complete in 1.088092 real seconds 

DEBUG [2018-10-15 00:48:17] C:\Users\Tc\Desktop\众瑞\zhongrui\server\libs\utils\log.py 52 debug 14984 10452 
 	 [ServerAdmin : userquery]Training complete in 1.076956 real seconds 

DEBUG [2018-10-15 00:48:19] C:\Users\Tc\Desktop\众瑞\zhongrui\server\libs\utils\log.py 52 debug 14984 10920 
 	 [ServerAdmin : userquery]Training complete in 1.149927 real seconds 

DEBUG [2018-10-15 00:50:27] C:\Users\Tc\Desktop\众瑞\zhongrui\server\libs\utils\log.py 52 debug 10400 14456 
 	 [ServerAdmin : userquery]Training complete in 1.161894 real seconds 

DEBUG [2018-10-15 00:51:29] C:\Users\Tc\Desktop\众瑞\zhongrui\server\libs\utils\log.py 52 debug 10400 3384 
 	 [ServerAdmin : userquery]Training complete in 1.076092 real seconds 

DEBUG [2018-10-15 00:51:35] C:\Users\Tc\Desktop\众瑞\zhongrui\server\libs\utils\log.py 52 debug 10400 14760 
 	 [ServerAdmin : userquery]Training complete in 1.092080 real seconds 

DEBUG [2018-10-15 00:53:40] C:\Users\Tc\Desktop\众瑞\zhongrui\server\libs\utils\log.py 52 debug 10400 14760 
 	 [ServerAdmin : userquery]Training complete in 1.054181 real seconds 

DEBUG [2018-10-15 00:53:50] C:\Users\Tc\Desktop\众瑞\zhongrui\server\libs\utils\log.py 52 debug 10400 10324 
 	 [ServerAdmin : userquery]Training complete in 1.082139 real seconds 

DEBUG [2018-10-15 00:53:59] C:\Users\Tc\Desktop\众瑞\zhongrui\server\libs\utils\log.py 52 debug 10400 2540 
 	 [ServerAdmin : userquery]Training complete in 1.098063 real seconds 

DEBUG [2018-10-15 00:57:10] C:\Users\Tc\Desktop\众瑞\zhongrui\server\libs\utils\log.py 52 debug 10400 7548 
 	 [ServerAdmin : userquery]Training complete in 1.133968 real seconds 

DEBUG [2018-10-15 00:57:13] C:\Users\Tc\Desktop\众瑞\zhongrui\server\libs\utils\log.py 52 debug 10400 14864 
 	 [ServerAdmin : userquery]Training complete in 1.083106 real seconds 

DEBUG [2018-10-15 00:57:52] C:\Users\Tc\Desktop\众瑞\zhongrui\server\libs\utils\log.py 52 debug 10400 13132 
 	 [ServerAdmin : userquery]Training complete in 1.085069 real seconds 

DEBUG [2018-10-15 00:57:54] C:\Users\Tc\Desktop\众瑞\zhongrui\server\libs\utils\log.py 52 debug 10400 14856 
 	 [ServerAdmin : userquery]Training complete in 1.045206 real seconds 

DEBUG [2018-10-15 00:59:03] C:\Users\Tc\Desktop\众瑞\zhongrui\server\libs\utils\log.py 52 debug 10400 14984 
 	 [ServerAdmin : userquery]Training complete in 1.101092 real seconds 

DEBUG [2018-10-15 01:12:29] C:\Users\Tc\Desktop\众瑞\zhongrui\server\libs\utils\log.py 52 debug 10400 15284 
 	 [ServerAdmin : userquery]Training complete in 1.067147 real seconds 

DEBUG [2018-10-15 01:15:40] C:\Users\Tc\Desktop\众瑞\zhongrui\server\libs\utils\log.py 52 debug 10400 2084 
 	 [ServerAdmin : userquery]Training complete in 1.166879 real seconds 

DEBUG [2018-10-15 01:16:49] C:\Users\Tc\Desktop\众瑞\zhongrui\server\libs\utils\log.py 52 debug 10400 15064 
 	 [ServerAdmin : userquery]Training complete in 1.118010 real seconds 

DEBUG [2018-10-15 01:16:51] C:\Users\Tc\Desktop\众瑞\zhongrui\server\libs\utils\log.py 52 debug 10400 5664 
 	 [ServerAdmin : userquery]Training complete in 1.085097 real seconds 

DEBUG [2018-10-15 01:19:03] C:\Users\Tc\Desktop\众瑞\zhongrui\server\libs\utils\log.py 52 debug 10400 15856 
 	 [ServerAdmin : userquery]Training complete in 1.084097 real seconds 

DEBUG [2018-10-15 01:21:41] C:\Users\Tc\Desktop\众瑞\zhongrui\server\libs\utils\log.py 52 debug 10400 16356 
 	 [ServerAdmin : userquery]Training complete in 1.122997 real seconds 

DEBUG [2018-10-15 01:22:20] C:\Users\Tc\Desktop\众瑞\zhongrui\server\libs\utils\log.py 52 debug 10400 6472 
 	 [ServerAdmin : userquery]Training complete in 1.190816 real seconds 

DEBUG [2018-10-15 01:22:30] C:\Users\Tc\Desktop\众瑞\zhongrui\server\libs\utils\log.py 52 debug 10400 13868 
 	 [ServerAdmin : userquery]Training complete in 1.073115 real seconds 

DEBUG [2018-10-15 01:24:26] C:\Users\Tc\Desktop\众瑞\zhongrui\server\libs\utils\log.py 52 debug 10400 13680 
 	 [ServerAdmin : userquery]Training complete in 1.149925 real seconds 

DEBUG [2018-10-15 01:24:45] C:\Users\Tc\Desktop\众瑞\zhongrui\server\libs\utils\log.py 52 debug 10400 5960 
 	 [ServerAdmin : userquery]Training complete in 1.138953 real seconds 

DEBUG [2018-10-15 01:24:55] C:\Users\Tc\Desktop\众瑞\zhongrui\server\libs\utils\log.py 52 debug 10400 7676 
 	 [ServerAdmin : userquery]Training complete in 1.126985 real seconds 

DEBUG [2018-10-15 01:25:15] C:\Users\Tc\Desktop\众瑞\zhongrui\server\libs\utils\log.py 52 debug 10400 15052 
 	 [ServerAdmin : userquery]Training complete in 1.080114 real seconds 

DEBUG [2018-10-15 01:25:29] C:\Users\Tc\Desktop\众瑞\zhongrui\server\libs\utils\log.py 52 debug 10400 15376 
 	 [ServerAdmin : userquery]Training complete in 1.270603 real seconds 

DEBUG [2018-10-15 01:25:49] C:\Users\Tc\Desktop\众瑞\zhongrui\server\libs\utils\log.py 52 debug 10400 14064 
 	 [ServerAdmin : userquery]Training complete in 1.085099 real seconds 

DEBUG [2018-10-15 01:28:08] C:\Users\Tc\Desktop\众瑞\zhongrui\server\libs\utils\log.py 52 debug 10400 10072 
 	 [ServerAdmin : userquery]Training complete in 1.105045 real seconds 

DEBUG [2018-10-15 01:37:27] C:\Users\Tc\Desktop\众瑞\zhongrui\server\libs\utils\log.py 52 debug 13160 15808 
 	 [ServerAdmin : userquery]Training complete in 1.118011 real seconds 

DEBUG [2018-10-15 01:37:39] C:\Users\Tc\Desktop\众瑞\zhongrui\server\libs\utils\log.py 52 debug 13160 10192 
 	 [ServerAdmin : userquery]Training complete in 1.141945 real seconds 

DEBUG [2018-10-15 01:38:32] C:\Users\Tc\Desktop\众瑞\zhongrui\server\libs\utils\log.py 52 debug 13160 8336 
 	 [ServerAdmin : userquery]Training complete in 1.088089 real seconds 

DEBUG [2018-10-15 01:38:56] C:\Users\Tc\Desktop\众瑞\zhongrui\server\libs\utils\log.py 52 debug 13160 7772 
 	 [ServerAdmin : userquery]Training complete in 1.083102 real seconds 

DEBUG [2018-10-15 01:40:46] C:\Users\Tc\Desktop\众瑞\zhongrui\server\libs\utils\log.py 52 debug 13160 11204 
 	 [ServerAdmin : userquery]Training complete in 1.052216 real seconds 

DEBUG [2018-10-15 01:49:09] C:\Users\Tc\Desktop\众瑞\zhongrui\server\libs\utils\log.py 52 debug 13160 16196 
 	 [ServerAdmin : userquery]Training complete in 1.129483 real seconds 

DEBUG [2018-10-15 01:50:29] C:\Users\Tc\Desktop\众瑞\zhongrui\server\libs\utils\log.py 52 debug 13160 14964 
 	 [ServerAdmin : userquery]Training complete in 1.093117 real seconds 

DEBUG [2018-10-15 01:52:56] C:\Users\Tc\Desktop\众瑞\zhongrui\server\libs\utils\log.py 52 debug 13160 14436 
 	 [ServerAdmin : userquery]Training complete in 1.089087 real seconds 

DEBUG [2018-10-15 01:56:13] C:\Users\Tc\Desktop\众瑞\zhongrui\server\libs\utils\log.py 52 debug 7916 16008 
 	 [ServerAdmin : userquery]Training complete in 1.066178 real seconds 

DEBUG [2018-10-15 01:57:27] C:\Users\Tc\Desktop\众瑞\zhongrui\server\libs\utils\log.py 52 debug 7916 15484 
 	 [ServerAdmin : userquery]Training complete in 1.085130 real seconds 

DEBUG [2018-10-15 01:59:24] C:\Users\Tc\Desktop\众瑞\zhongrui\server\libs\utils\log.py 52 debug 7916 9540 
 	 [ServerAdmin : userquery]Training complete in 1.091112 real seconds 

DEBUG [2018-10-15 01:59:30] C:\Users\Tc\Desktop\众瑞\zhongrui\server\libs\utils\log.py 52 debug 7916 2624 
 	 [ServerAdmin : userquery]Training complete in 1.093077 real seconds 

DEBUG [2018-10-15 01:59:55] C:\Users\Tc\Desktop\众瑞\zhongrui\server\libs\utils\log.py 52 debug 14984 11200 
 	 [ServerAdmin : userquery]Training complete in 1.172892 real seconds 

DEBUG [2018-10-15 02:00:19] C:\Users\Tc\Desktop\众瑞\zhongrui\server\libs\utils\log.py 52 debug 14984 2300 
 	 [ServerAdmin : userquery]Training complete in 1.133966 real seconds 

DEBUG [2018-10-15 02:10:43] C:\Users\Tc\Desktop\众瑞\zhongrui\server\libs\utils\log.py 52 debug 14984 14840 
 	 [ServerAdmin : userquery]Training complete in 1.112061 real seconds 

DEBUG [2018-10-15 02:11:04] C:\Users\Tc\Desktop\众瑞\zhongrui\server\libs\utils\log.py 52 debug 14984 7120 
 	 [ServerAdmin : userquery]Training complete in 1.187823 real seconds 

DEBUG [2018-10-15 02:11:22] C:\Users\Tc\Desktop\众瑞\zhongrui\server\libs\utils\log.py 52 debug 14984 14552 
 	 [ServerAdmin : userquery]Training complete in 1.095097 real seconds 

DEBUG [2018-10-15 02:12:11] C:\Users\Tc\Desktop\众瑞\zhongrui\server\libs\utils\log.py 52 debug 14984 15560 
 	 [ServerAdmin : userquery]Training complete in 1.091081 real seconds 

DEBUG [2018-10-15 02:12:28] C:\Users\Tc\Desktop\众瑞\zhongrui\server\libs\utils\log.py 52 debug 14984 6032 
 	 [ServerAdmin : userquery]Training complete in 1.093075 real seconds 

DEBUG [2018-10-15 02:13:18] C:\Users\Tc\Desktop\众瑞\zhongrui\server\libs\utils\log.py 52 debug 14984 13144 
 	 [ServerAdmin : userquery]Training complete in 1.090086 real seconds 

DEBUG [2018-10-15 02:13:52] C:\Users\Tc\Desktop\众瑞\zhongrui\server\libs\utils\log.py 52 debug 16268 9088 
 	 [ServerAdmin : userquery]Training complete in 1.216748 real seconds 

DEBUG [2018-10-15 02:14:14] C:\Users\Tc\Desktop\众瑞\zhongrui\server\libs\utils\log.py 52 debug 4340 14036 
 	 [ServerAdmin : userquery]Training complete in 1.198795 real seconds 

DEBUG [2018-10-15 02:14:53] C:\Users\Tc\Desktop\众瑞\zhongrui\server\libs\utils\log.py 52 debug 4340 7640 
 	 [ServerAdmin : userquery]Training complete in 1.106043 real seconds 

DEBUG [2018-10-15 02:14:55] C:\Users\Tc\Desktop\众瑞\zhongrui\server\libs\utils\log.py 52 debug 4340 15504 
 	 [ServerAdmin : userquery]Training complete in 1.123037 real seconds 

DEBUG [2018-10-15 02:15:15] C:\Users\Tc\Desktop\众瑞\zhongrui\server\libs\utils\log.py 52 debug 4340 6488 
 	 [ServerAdmin : userquery]Training complete in 1.124990 real seconds 

DEBUG [2018-10-15 02:15:20] C:\Users\Tc\Desktop\众瑞\zhongrui\server\libs\utils\log.py 52 debug 4340 9492 
 	 [ServerAdmin : userquery]Training complete in 1.083104 real seconds 

DEBUG [2018-10-15 02:15:21] C:\Users\Tc\Desktop\众瑞\zhongrui\server\libs\utils\log.py 52 debug 4340 15080 
 	 [ServerAdmin : userquery]Training complete in 1.130975 real seconds 

DEBUG [2018-10-15 02:15:50] C:\Users\Tc\Desktop\众瑞\zhongrui\server\libs\utils\log.py 52 debug 4340 6460 
 	 [ServerAdmin : userquery]Training complete in 1.145936 real seconds 

DEBUG [2018-10-15 02:16:37] C:\Users\Tc\Desktop\众瑞\zhongrui\server\libs\utils\log.py 52 debug 4340 5504 
 	 [ServerAdmin : userquery]Training complete in 1.134964 real seconds 

DEBUG [2018-10-15 02:20:11] C:\Users\Tc\Desktop\众瑞\zhongrui\server\libs\utils\log.py 52 debug 9784 3752 
 	 [ServerAdmin : userquery]Training complete in 1.196801 real seconds 

DEBUG [2018-10-15 02:21:25] C:\Users\Tc\Desktop\众瑞\zhongrui\server\libs\utils\log.py 52 debug 7720 224 
 	 [ServerAdmin : userquery]Training complete in 1.113059 real seconds 

DEBUG [2018-10-15 02:26:52] C:\Users\Tc\Desktop\众瑞\zhongrui\server\libs\utils\log.py 52 debug 15256 8972 
 	 [ServerAdmin : userquery]Training complete in 1.103050 real seconds 

DEBUG [2018-10-15 02:26:59] C:\Users\Tc\Desktop\众瑞\zhongrui\server\libs\utils\log.py 52 debug 15256 11668 
 	 [ServerAdmin : userupd]Training complete in 1.225001 real seconds 

DEBUG [2018-10-15 02:27:00] C:\Users\Tc\Desktop\众瑞\zhongrui\server\libs\utils\log.py 52 debug 15256 15936 
 	 [ServerAdmin : userquery]Training complete in 1.088089 real seconds 

DEBUG [2018-10-15 02:27:07] C:\Users\Tc\Desktop\众瑞\zhongrui\server\libs\utils\log.py 52 debug 15256 10568 
 	 [ServerAdmin : userupd]Training complete in 1.132977 real seconds 

DEBUG [2018-10-15 02:27:09] C:\Users\Tc\Desktop\众瑞\zhongrui\server\libs\utils\log.py 52 debug 15256 14348 
 	 [ServerAdmin : userquery]Training complete in 1.109030 real seconds 

DEBUG [2018-10-15 02:29:15] C:\Users\Tc\Desktop\众瑞\zhongrui\server\libs\utils\log.py 52 debug 15256 15036 
 	 [ServerAdmin : userquery]Training complete in 1.095072 real seconds 

DEBUG [2018-10-15 02:29:18] C:\Users\Tc\Desktop\众瑞\zhongrui\server\libs\utils\log.py 52 debug 15256 13732 
 	 [ServerAdmin : userquery]Training complete in 1.091106 real seconds 

DEBUG [2018-10-15 02:29:30] C:\Users\Tc\Desktop\众瑞\zhongrui\server\libs\utils\log.py 52 debug 15256 1332 
 	 [ServerAdmin : userquery]Training complete in 1.098064 real seconds 

DEBUG [2018-10-15 02:29:31] C:\Users\Tc\Desktop\众瑞\zhongrui\server\libs\utils\log.py 52 debug 15256 7616 
 	 [ServerAdmin : userquery]Training complete in 1.090085 real seconds 

DEBUG [2018-10-15 02:29:36] C:\Users\Tc\Desktop\众瑞\zhongrui\server\libs\utils\log.py 52 debug 15256 9656 
 	 [ServerAdmin : userupd]Training complete in 1.212755 real seconds 

DEBUG [2018-10-15 02:29:37] C:\Users\Tc\Desktop\众瑞\zhongrui\server\libs\utils\log.py 52 debug 15256 6992 
 	 [ServerAdmin : userquery]Training complete in 1.264619 real seconds 

DEBUG [2018-10-15 02:59:50] C:\Users\Tc\Desktop\众瑞\zhongrui\server\libs\utils\log.py 52 debug 15256 6412 
 	 [ServerAdmin : userquery]Training complete in 1.189819 real seconds 

DEBUG [2018-10-15 03:01:09] C:\Users\Tc\Desktop\众瑞\zhongrui\server\libs\utils\log.py 52 debug 15256 7160 
 	 [ServerAdmin : userquery]Training complete in 1.162890 real seconds 

DEBUG [2018-10-15 03:02:26] C:\Users\Tc\Desktop\众瑞\zhongrui\server\libs\utils\log.py 52 debug 15256 16016 
 	 [ServerAdmin : userquery]Training complete in 1.169872 real seconds 

DEBUG [2018-10-15 03:03:22] C:\Users\Tc\Desktop\众瑞\zhongrui\server\libs\utils\log.py 52 debug 15256 1216 
 	 [ServerAdmin : userquery]Training complete in 1.167917 real seconds 

DEBUG [2018-10-15 03:03:27] C:\Users\Tc\Desktop\众瑞\zhongrui\server\libs\utils\log.py 52 debug 15256 9608 
 	 [ServerAdmin : userquery]Training complete in 1.243675 real seconds 

DEBUG [2018-10-15 03:03:29] C:\Users\Tc\Desktop\众瑞\zhongrui\server\libs\utils\log.py 52 debug 15256 640 
 	 [ServerAdmin : userquery]Training complete in 1.106042 real seconds 

DEBUG [2018-10-15 03:03:30] C:\Users\Tc\Desktop\众瑞\zhongrui\server\libs\utils\log.py 52 debug 15256 1108 
 	 [ServerAdmin : userquery]Training complete in 1.091126 real seconds 

DEBUG [2018-10-15 03:05:24] C:\Users\Tc\Desktop\众瑞\zhongrui\server\libs\utils\log.py 52 debug 15256 7288 
 	 [ServerAdmin : userquery]Training complete in 1.062159 real seconds 

DEBUG [2018-10-15 03:05:26] C:\Users\Tc\Desktop\众瑞\zhongrui\server\libs\utils\log.py 52 debug 15256 7908 
 	 [ServerAdmin : userquery]Training complete in 1.176853 real seconds 

DEBUG [2018-10-15 03:05:48] C:\Users\Tc\Desktop\众瑞\zhongrui\server\libs\utils\log.py 52 debug 15256 10952 
 	 [ServerAdmin : userquery]Training complete in 1.055179 real seconds 

DEBUG [2018-10-15 03:06:03] C:\Users\Tc\Desktop\众瑞\zhongrui\server\libs\utils\log.py 52 debug 15256 180 
 	 [ServerAdmin : userquery]Training complete in 1.063224 real seconds 

DEBUG [2018-10-15 03:06:45] C:\Users\Tc\Desktop\众瑞\zhongrui\server\libs\utils\log.py 52 debug 15256 7628 
 	 [ServerAdmin : userquery]Training complete in 1.132971 real seconds 

DEBUG [2018-10-15 03:08:30] C:\Users\Tc\Desktop\众瑞\zhongrui\server\libs\utils\log.py 52 debug 15256 8920 
 	 [ServerAdmin : userquery]Training complete in 1.082108 real seconds 

DEBUG [2018-10-15 03:08:36] C:\Users\Tc\Desktop\众瑞\zhongrui\server\libs\utils\log.py 52 debug 15256 6868 
 	 [ServerAdmin : userquery]Training complete in 1.106042 real seconds 

DEBUG [2018-10-15 03:08:38] C:\Users\Tc\Desktop\众瑞\zhongrui\server\libs\utils\log.py 52 debug 15256 7628 
 	 [ServerAdmin : userquery]Training complete in 1.147930 real seconds 

DEBUG [2018-10-15 03:08:49] C:\Users\Tc\Desktop\众瑞\zhongrui\server\libs\utils\log.py 52 debug 15256 13564 
 	 [ServerAdmin : userquery]Training complete in 1.120040 real seconds 

DEBUG [2018-10-15 03:14:20] C:\Users\Tc\Desktop\众瑞\zhongrui\server\libs\utils\log.py 52 debug 15256 15212 
 	 [ServerAdmin : userquery]Training complete in 1.133006 real seconds 

DEBUG [2018-10-15 03:14:34] C:\Users\Tc\Desktop\众瑞\zhongrui\server\libs\utils\log.py 52 debug 15256 10260 
 	 [ServerAdmin : userquery]Training complete in 1.065154 real seconds 

DEBUG [2018-10-15 03:14:36] C:\Users\Tc\Desktop\众瑞\zhongrui\server\libs\utils\log.py 52 debug 15256 9744 
 	 [ServerAdmin : userquery]Training complete in 1.053184 real seconds 

DEBUG [2018-10-15 03:15:59] C:\Users\Tc\Desktop\众瑞\zhongrui\server\libs\utils\log.py 52 debug 15256 2704 
 	 [ServerAdmin : userquery]Training complete in 1.062833 real seconds 

DEBUG [2018-10-15 03:16:02] C:\Users\Tc\Desktop\众瑞\zhongrui\server\libs\utils\log.py 52 debug 15256 12672 
 	 [ServerAdmin : userquery]Training complete in 1.332439 real seconds 

DEBUG [2018-10-15 03:19:38] C:\Users\Tc\Desktop\众瑞\zhongrui\server\libs\utils\log.py 52 debug 15256 12676 
 	 [ServerAdmin : userquery]Training complete in 1.060165 real seconds 

DEBUG [2018-10-15 03:19:46] C:\Users\Tc\Desktop\众瑞\zhongrui\server\libs\utils\log.py 52 debug 15256 2360 
 	 [ServerAdmin : userquery]Training complete in 1.077120 real seconds 

DEBUG [2018-10-15 03:20:11] C:\Users\Tc\Desktop\众瑞\zhongrui\server\libs\utils\log.py 52 debug 15256 16196 
 	 [ServerAdmin : userquery]Training complete in 1.083503 real seconds 

DEBUG [2018-10-15 03:20:53] C:\Users\Tc\Desktop\众瑞\zhongrui\server\libs\utils\log.py 52 debug 15256 6812 
 	 [ServerAdmin : userquery]Training complete in 1.107093 real seconds 

DEBUG [2018-10-15 03:22:56] C:\Users\Tc\Desktop\众瑞\zhongrui\server\libs\utils\log.py 52 debug 15256 9316 
 	 [ServerAdmin : userquery]Training complete in 1.079115 real seconds 

DEBUG [2018-10-15 03:23:49] C:\Users\Tc\Desktop\众瑞\zhongrui\server\libs\utils\log.py 52 debug 15256 14372 
 	 [ServerAdmin : userquery]Training complete in 1.249705 real seconds 

DEBUG [2018-10-15 03:26:45] C:\Users\Tc\Desktop\众瑞\zhongrui\server\libs\utils\log.py 52 debug 15256 10588 
 	 [ServerAdmin : userquery]Training complete in 1.056176 real seconds 

DEBUG [2018-10-15 03:26:47] C:\Users\Tc\Desktop\众瑞\zhongrui\server\libs\utils\log.py 52 debug 15256 8296 
 	 [ServerAdmin : userquery]Training complete in 1.091084 real seconds 

DEBUG [2018-10-15 03:27:08] C:\Users\Tc\Desktop\众瑞\zhongrui\server\libs\utils\log.py 52 debug 15256 7332 
 	 [ServerAdmin : userquery]Training complete in 1.057172 real seconds 

DEBUG [2018-10-15 03:27:11] C:\Users\Tc\Desktop\众瑞\zhongrui\server\libs\utils\log.py 52 debug 15256 1708 
 	 [ServerAdmin : userquery]Training complete in 1.109065 real seconds 

DEBUG [2018-10-15 03:29:37] C:\Users\Tc\Desktop\众瑞\zhongrui\server\libs\utils\log.py 52 debug 16360 4772 
 	 [ServerAdmin : userquery]Training complete in 1.070138 real seconds 

DEBUG [2018-10-15 03:34:12] C:\Users\Tc\Desktop\众瑞\zhongrui\server\libs\utils\log.py 52 debug 15828 516 
 	 [ServerAdmin : userquery]Training complete in 1.132970 real seconds 

DEBUG [2018-10-15 03:34:53] C:\Users\Tc\Desktop\众瑞\zhongrui\server\libs\utils\log.py 52 debug 15828 6568 
 	 [ServerAdmin : userquery]Training complete in 1.070169 real seconds 

DEBUG [2018-10-15 03:36:06] C:\Users\Tc\Desktop\众瑞\zhongrui\server\libs\utils\log.py 52 debug 15828 16360 
 	 [ServerAdmin : userquery]Training complete in 1.049196 real seconds 

DEBUG [2018-10-15 03:36:32] C:\Users\Tc\Desktop\众瑞\zhongrui\server\libs\utils\log.py 52 debug 15828 860 
 	 [ServerAdmin : userquery]Training complete in 1.099060 real seconds 

DEBUG [2018-10-15 03:38:08] C:\Users\Tc\Desktop\众瑞\zhongrui\server\libs\utils\log.py 52 debug 15828 15044 
 	 [ServerAdmin : userquery]Training complete in 1.061192 real seconds 

DEBUG [2018-10-15 03:40:59] C:\Users\Tc\Desktop\众瑞\zhongrui\server\libs\utils\log.py 52 debug 15828 13624 
 	 [ServerAdmin : userquery]Training complete in 1.124029 real seconds 

DEBUG [2018-10-15 03:41:34] C:\Users\Tc\Desktop\众瑞\zhongrui\server\libs\utils\log.py 52 debug 15828 15372 
 	 [ServerAdmin : userquery]Training complete in 1.062160 real seconds 

DEBUG [2018-10-15 03:41:40] C:\Users\Tc\Desktop\众瑞\zhongrui\server\libs\utils\log.py 52 debug 15828 524 
 	 [ServerAdmin : userquery]Training complete in 1.084102 real seconds 

DEBUG [2018-10-15 03:42:10] C:\Users\Tc\Desktop\众瑞\zhongrui\server\libs\utils\log.py 52 debug 15828 5812 
 	 [ServerAdmin : userquery]Training complete in 1.079148 real seconds 

DEBUG [2018-10-15 03:42:44] C:\Users\Tc\Desktop\众瑞\zhongrui\server\libs\utils\log.py 52 debug 11976 8992 
 	 [ServerAdmin : userquery]Training complete in 1.127984 real seconds 

DEBUG [2018-10-15 03:44:50] C:\Users\Tc\Desktop\众瑞\zhongrui\server\libs\utils\log.py 52 debug 11976 6188 
 	 [ServerAdmin : userquery]Training complete in 1.085062 real seconds 

DEBUG [2018-10-15 03:45:33] C:\Users\Tc\Desktop\众瑞\zhongrui\server\libs\utils\log.py 52 debug 11976 9008 
 	 [ServerAdmin : userquery]Training complete in 1.067148 real seconds 

DEBUG [2018-10-15 03:45:41] C:\Users\Tc\Desktop\众瑞\zhongrui\server\libs\utils\log.py 52 debug 11976 16144 
 	 [ServerAdmin : userquery]Training complete in 1.048226 real seconds 

DEBUG [2018-10-15 03:45:48] C:\Users\Tc\Desktop\众瑞\zhongrui\server\libs\utils\log.py 52 debug 11976 12804 
 	 [ServerAdmin : amountsend]Training complete in 1.049193 real seconds 

DEBUG [2018-10-15 03:47:39] C:\Users\Tc\Desktop\众瑞\zhongrui\server\libs\utils\log.py 52 debug 11976 13596 
 	 [ServerAdmin : userquery]Training complete in 1.089567 real seconds 

DEBUG [2018-10-15 03:47:46] C:\Users\Tc\Desktop\众瑞\zhongrui\server\libs\utils\log.py 52 debug 11976 9316 
 	 [ServerAdmin : amountsend]Training complete in 1.116022 real seconds 

DEBUG [2018-10-15 03:47:47] C:\Users\Tc\Desktop\众瑞\zhongrui\server\libs\utils\log.py 52 debug 11976 16364 
 	 [ServerAdmin : userquery]Training complete in 1.092117 real seconds 

DEBUG [2018-10-15 03:48:04] C:\Users\Tc\Desktop\众瑞\zhongrui\server\libs\utils\log.py 52 debug 11976 2340 
 	 [ServerAdmin : userupd]Training complete in 1.227734 real seconds 

DEBUG [2018-10-15 03:48:05] C:\Users\Tc\Desktop\众瑞\zhongrui\server\libs\utils\log.py 52 debug 11976 14180 
 	 [ServerAdmin : userquery]Training complete in 1.107067 real seconds 

DEBUG [2018-10-15 03:48:09] C:\Users\Tc\Desktop\众瑞\zhongrui\server\libs\utils\log.py 52 debug 11976 4148 
 	 [ServerAdmin : amountsend]Training complete in 1.109039 real seconds 

DEBUG [2018-10-15 03:48:10] C:\Users\Tc\Desktop\众瑞\zhongrui\server\libs\utils\log.py 52 debug 11976 14064 
 	 [ServerAdmin : userquery]Training complete in 1.115040 real seconds 

DEBUG [2018-10-15 12:19:10] C:\Users\Tc\Desktop\众瑞\zhongrui\server\libs\utils\log.py 52 debug 13868 11444 
 	 [UserAPIView : login]Training complete in 1.151886 real seconds 

DEBUG [2018-10-15 12:19:17] C:\Users\Tc\Desktop\众瑞\zhongrui\server\libs\utils\log.py 52 debug 13868 2920 
 	 [PublicAPIView : userquery]Training complete in 0.038889 real seconds 

DEBUG [2018-10-15 12:19:57] C:\Users\Tc\Desktop\众瑞\zhongrui\server\libs\utils\log.py 52 debug 13868 9108 
 	 [PublicAPIView : userquery]Training complete in 0.032912 real seconds 

DEBUG [2018-10-15 12:21:20] C:\Users\Tc\Desktop\众瑞\zhongrui\server\libs\utils\log.py 52 debug 13868 3476 
 	 [PublicAPIView : userquery]Training complete in 0.027925 real seconds 

DEBUG [2018-10-15 12:21:36] C:\Users\Tc\Desktop\众瑞\zhongrui\server\libs\utils\log.py 52 debug 13868 5116 
 	 [PublicAPIView : userquery]Training complete in 0.043845 real seconds 

DEBUG [2018-10-15 12:30:56] C:\Users\Tc\Desktop\众瑞\zhongrui\server\libs\utils\log.py 52 debug 13868 10292 
 	 [PublicAPIView : userquery]Training complete in 0.041888 real seconds 

DEBUG [2018-10-15 12:32:26] C:\Users\Tc\Desktop\众瑞\zhongrui\server\libs\utils\log.py 52 debug 13868 13288 
 	 [PublicAPIView : userquery]Training complete in 0.118684 real seconds 

DEBUG [2018-10-15 12:36:33] C:\Users\Tc\Desktop\众瑞\zhongrui\server\libs\utils\log.py 52 debug 13868 7240 
 	 [PublicAPIView : userquery]Training complete in 0.026927 real seconds 

DEBUG [2018-10-15 12:39:04] C:\Users\Tc\Desktop\众瑞\zhongrui\server\libs\utils\log.py 52 debug 13868 7448 
 	 [PublicAPIView : userquery]Training complete in 0.042901 real seconds 

DEBUG [2018-10-15 13:12:43] C:\Users\Tc\Desktop\众瑞\zhongrui\server\libs\utils\log.py 52 debug 12560 13168 
 	 [PublicAPIView : userquery]Training complete in 0.042908 real seconds 

DEBUG [2018-10-15 13:13:22] C:\Users\Tc\Desktop\众瑞\zhongrui\server\libs\utils\log.py 52 debug 12560 11900 
 	 [PublicAPIView : userquery]Training complete in 0.049876 real seconds 

DEBUG [2018-10-15 13:13:55] C:\Users\Tc\Desktop\众瑞\zhongrui\server\libs\utils\log.py 52 debug 12560 11272 
 	 [PublicAPIView : userquery]Training complete in 0.027881 real seconds 

DEBUG [2018-10-15 13:24:23] C:\Users\Tc\Desktop\众瑞\zhongrui\server\libs\utils\log.py 52 debug 13012 1572 
 	 [PublicAPIView : userquery]Training complete in 0.063867 real seconds 

DEBUG [2018-10-15 13:24:32] C:\Users\Tc\Desktop\众瑞\zhongrui\server\libs\utils\log.py 52 debug 13012 8088 
 	 [PublicAPIView : userquery]Training complete in 0.026926 real seconds 

DEBUG [2018-10-15 13:24:56] C:\Users\Tc\Desktop\众瑞\zhongrui\server\libs\utils\log.py 52 debug 13012 10456 
 	 [PublicAPIView : userquery]Training complete in 0.030914 real seconds 

DEBUG [2018-10-15 13:26:08] C:\Users\Tc\Desktop\众瑞\zhongrui\server\libs\utils\log.py 52 debug 13012 1164 
 	 [PublicAPIView : userquery]Training complete in 0.041883 real seconds 

DEBUG [2018-10-15 13:26:46] C:\Users\Tc\Desktop\众瑞\zhongrui\server\libs\utils\log.py 52 debug 13012 4408 
 	 [UserAPIView : login]Training complete in 1.077125 real seconds 

DEBUG [2018-10-15 13:26:58] C:\Users\Tc\Desktop\众瑞\zhongrui\server\libs\utils\log.py 52 debug 13012 11740 
 	 [PublicAPIView : userquery]Training complete in 0.051818 real seconds 

DEBUG [2018-10-15 13:27:23] C:\Users\Tc\Desktop\众瑞\zhongrui\server\libs\utils\log.py 52 debug 13012 11232 
 	 [PublicAPIView : userquery]Training complete in 0.048872 real seconds 

DEBUG [2018-10-15 13:27:23] C:\Users\Tc\Desktop\众瑞\zhongrui\server\libs\utils\log.py 52 debug 13012 13644 
 	 [PublicAPIView : userquery]Training complete in 0.072840 real seconds 

DEBUG [2018-10-15 13:28:48] C:\Users\Tc\Desktop\众瑞\zhongrui\server\libs\utils\log.py 52 debug 13012 4208 
 	 [PublicAPIView : userquery]Training complete in 0.041857 real seconds 

DEBUG [2018-10-15 13:28:48] C:\Users\Tc\Desktop\众瑞\zhongrui\server\libs\utils\log.py 52 debug 13012 6056 
 	 [PublicAPIView : userquery]Training complete in 0.041887 real seconds 

DEBUG [2018-10-15 13:32:27] C:\Users\Tc\Desktop\众瑞\zhongrui\server\libs\utils\log.py 52 debug 6420 13868 
 	 [PublicAPIView : userquery]Training complete in 0.048866 real seconds 

DEBUG [2018-10-15 13:32:27] C:\Users\Tc\Desktop\众瑞\zhongrui\server\libs\utils\log.py 52 debug 6420 13780 
 	 [PublicAPIView : userquery]Training complete in 0.026955 real seconds 

DEBUG [2018-10-15 13:40:23] C:\Users\Tc\Desktop\众瑞\zhongrui\server\libs\utils\log.py 52 debug 12964 1364 
 	 [PublicAPIView : userquery]Training complete in 0.042845 real seconds 

DEBUG [2018-10-15 13:40:23] C:\Users\Tc\Desktop\众瑞\zhongrui\server\libs\utils\log.py 52 debug 12964 13244 
 	 [PublicAPIView : userquery]Training complete in 0.020961 real seconds 

DEBUG [2018-10-15 13:41:16] C:\Users\Tc\Desktop\众瑞\zhongrui\server\libs\utils\log.py 52 debug 12964 12516 
 	 [PublicAPIView : userquery]Training complete in 0.022911 real seconds 

DEBUG [2018-10-15 13:41:16] C:\Users\Tc\Desktop\众瑞\zhongrui\server\libs\utils\log.py 52 debug 12964 2224 
 	 [PublicAPIView : userquery]Training complete in 0.025902 real seconds 

DEBUG [2018-10-15 13:43:01] C:\Users\Tc\Desktop\众瑞\zhongrui\server\libs\utils\log.py 52 debug 4508 14284 
 	 [PublicAPIView : userquery]Training complete in 0.038852 real seconds 

DEBUG [2018-10-15 13:43:08] C:\Users\Tc\Desktop\众瑞\zhongrui\server\libs\utils\log.py 52 debug 4508 12016 
 	 [OrderAPIView : orderadd]Training complete in 0.056848 real seconds 

DEBUG [2018-10-15 13:43:45] C:\Users\Tc\Desktop\众瑞\zhongrui\server\libs\utils\log.py 52 debug 4508 9196 
 	 [PublicAPIView : userquery]Training complete in 0.005984 real seconds 

DEBUG [2018-10-15 13:43:45] C:\Users\Tc\Desktop\众瑞\zhongrui\server\libs\utils\log.py 52 debug 4508 10872 
 	 [PublicAPIView : userquery]Training complete in 0.022942 real seconds 

DEBUG [2018-10-15 13:46:10] C:\Users\Tc\Desktop\众瑞\zhongrui\server\libs\utils\log.py 52 debug 4508 12876 
 	 [PublicAPIView : userquery]Training complete in 0.065823 real seconds 

DEBUG [2018-10-15 13:46:19] C:\Users\Tc\Desktop\众瑞\zhongrui\server\libs\utils\log.py 52 debug 4508 12668 
 	 [OrderAPIView : orderadd]Training complete in 0.017951 real seconds 

DEBUG [2018-10-15 14:07:53] C:\Users\Tc\Desktop\众瑞\zhongrui\server\libs\utils\log.py 52 debug 4508 12092 
 	 [OrderAPIView : orderquery]Training complete in 0.066822 real seconds 

DEBUG [2018-10-15 14:10:41] C:\Users\Tc\Desktop\众瑞\zhongrui\server\libs\utils\log.py 52 debug 4508 6560 
 	 [ServerAdmin : userquery]Training complete in 1.086091 real seconds 

DEBUG [2018-10-15 14:10:50] C:\Users\Tc\Desktop\众瑞\zhongrui\server\libs\utils\log.py 52 debug 4508 1188 
 	 [ServerAdmin : tgbzquery]Training complete in 1.068155 real seconds 

DEBUG [2018-10-15 14:10:56] C:\Users\Tc\Desktop\众瑞\zhongrui\server\libs\utils\log.py 52 debug 4508 3860 
 	 [ServerAdmin : matchquery]Training complete in 2.058497 real seconds 

DEBUG [2018-10-15 14:10:56] C:\Users\Tc\Desktop\众瑞\zhongrui\server\libs\utils\log.py 52 debug 4508 12192 
 	 [ServerAdmin : matchquery]Training complete in 2.061489 real seconds 

DEBUG [2018-10-15 14:11:02] C:\Users\Tc\Desktop\众瑞\zhongrui\server\libs\utils\log.py 52 debug 4508 8992 
 	 [ServerAdmin : tgbzquery]Training complete in 1.101060 real seconds 

DEBUG [2018-10-15 14:18:11] C:\Users\Tc\Desktop\众瑞\zhongrui\server\libs\utils\log.py 52 debug 3908 7000 
 	 [ServerAdmin : tgbzquery]Training complete in 1.039259 real seconds 

DEBUG [2018-10-15 14:21:11] C:\Users\Tc\Desktop\众瑞\zhongrui\server\libs\utils\log.py 52 debug 3908 5792 
 	 [ServerAdmin : tgbzquery]Training complete in 1.050225 real seconds 

DEBUG [2018-10-15 14:21:32] C:\Users\Tc\Desktop\众瑞\zhongrui\server\libs\utils\log.py 52 debug 3908 4328 
 	 [ServerAdmin : tgbzquery]Training complete in 1.091084 real seconds 

DEBUG [2018-10-15 14:21:34] C:\Users\Tc\Desktop\众瑞\zhongrui\server\libs\utils\log.py 52 debug 3908 10288 
 	 [ServerAdmin : jsbzquery]Training complete in 1.042257 real seconds 

DEBUG [2018-10-15 14:22:36] C:\Users\Tc\Desktop\众瑞\zhongrui\server\libs\utils\log.py 52 debug 3908 11848 
 	 [ServerAdmin : jsbzquery]Training complete in 1.010263 real seconds 

DEBUG [2018-10-15 14:22:40] C:\Users\Tc\Desktop\众瑞\zhongrui\server\libs\utils\log.py 52 debug 3908 5508 
 	 [ServerAdmin : matchadd]Training complete in 1.113995 real seconds 

DEBUG [2018-10-15 14:22:44] C:\Users\Tc\Desktop\众瑞\zhongrui\server\libs\utils\log.py 52 debug 3908 14328 
 	 [ServerAdmin : matchquery]Training complete in 2.053539 real seconds 

DEBUG [2018-10-15 14:22:44] C:\Users\Tc\Desktop\众瑞\zhongrui\server\libs\utils\log.py 52 debug 3908 11964 
 	 [ServerAdmin : matchquery]Training complete in 2.068470 real seconds 

DEBUG [2018-10-15 14:25:22] C:\Users\Tc\Desktop\众瑞\zhongrui\server\libs\utils\log.py 52 debug 3908 12308 
 	 [ServerAdmin : matchquery]Training complete in 2.072499 real seconds 

DEBUG [2018-10-15 14:25:22] C:\Users\Tc\Desktop\众瑞\zhongrui\server\libs\utils\log.py 52 debug 3908 11240 
 	 [ServerAdmin : matchquery]Training complete in 2.084429 real seconds 

DEBUG [2018-10-15 14:25:57] C:\Users\Tc\Desktop\众瑞\zhongrui\server\libs\utils\log.py 52 debug 3908 1136 
 	 [ServerAdmin : matchquery]Training complete in 2.025614 real seconds 

DEBUG [2018-10-15 14:25:57] C:\Users\Tc\Desktop\众瑞\zhongrui\server\libs\utils\log.py 52 debug 3908 9712 
 	 [ServerAdmin : matchquery]Training complete in 2.044534 real seconds 

DEBUG [2018-10-15 14:26:25] C:\Users\Tc\Desktop\众瑞\zhongrui\server\libs\utils\log.py 52 debug 3908 13236 
 	 [ServerAdmin : matchquery]Training complete in 2.110371 real seconds 

DEBUG [2018-10-15 14:26:25] C:\Users\Tc\Desktop\众瑞\zhongrui\server\libs\utils\log.py 52 debug 3908 10576 
 	 [ServerAdmin : matchquery]Training complete in 2.144299 real seconds 

DEBUG [2018-10-15 14:26:54] C:\Users\Tc\Desktop\众瑞\zhongrui\server\libs\utils\log.py 52 debug 3908 5144 
 	 [ServerAdmin : matchquery]Training complete in 2.057506 real seconds 

DEBUG [2018-10-15 14:26:54] C:\Users\Tc\Desktop\众瑞\zhongrui\server\libs\utils\log.py 52 debug 3908 3404 
 	 [ServerAdmin : matchquery]Training complete in 2.065511 real seconds 

DEBUG [2018-10-15 14:27:01] C:\Users\Tc\Desktop\众瑞\zhongrui\server\libs\utils\log.py 52 debug 3908 4100 
 	 [ServerAdmin : jsbzquery]Training complete in 1.037228 real seconds 

DEBUG [2018-10-15 14:27:17] C:\Users\Tc\Desktop\众瑞\zhongrui\server\libs\utils\log.py 52 debug 3908 3360 
 	 [ServerAdmin : matchadd]Training complete in 1.050177 real seconds 

DEBUG [2018-10-15 14:27:21] C:\Users\Tc\Desktop\众瑞\zhongrui\server\libs\utils\log.py 52 debug 3908 1176 
 	 [ServerAdmin : matchquery]Training complete in 2.108364 real seconds 

DEBUG [2018-10-15 14:27:21] C:\Users\Tc\Desktop\众瑞\zhongrui\server\libs\utils\log.py 52 debug 3908 5924 
 	 [ServerAdmin : matchquery]Training complete in 2.113384 real seconds 

DEBUG [2018-10-15 14:29:54] C:\Users\Tc\Desktop\众瑞\zhongrui\server\libs\utils\log.py 52 debug 12944 6416 
 	 [ServerAdmin : jsbzquery]Training complete in 1.055182 real seconds 

DEBUG [2018-10-15 14:30:01] C:\Users\Tc\Desktop\众瑞\zhongrui\server\libs\utils\log.py 52 debug 12944 10724 
 	 [ServerAdmin : matchquery]Training complete in 2.053508 real seconds 

DEBUG [2018-10-15 14:30:01] C:\Users\Tc\Desktop\众瑞\zhongrui\server\libs\utils\log.py 52 debug 12944 13168 
 	 [ServerAdmin : matchquery]Training complete in 2.065478 real seconds 

DEBUG [2018-10-15 14:30:04] C:\Users\Tc\Desktop\众瑞\zhongrui\server\libs\utils\log.py 52 debug 12944 10660 
 	 [ServerAdmin : matchdel]Training complete in 1.034232 real seconds 

DEBUG [2018-10-15 14:30:06] C:\Users\Tc\Desktop\众瑞\zhongrui\server\libs\utils\log.py 52 debug 12944 9088 
 	 [ServerAdmin : matchquery]Training complete in 2.031531 real seconds 

DEBUG [2018-10-15 14:30:06] C:\Users\Tc\Desktop\众瑞\zhongrui\server\libs\utils\log.py 52 debug 12944 12904 
 	 [ServerAdmin : matchquery]Training complete in 2.050479 real seconds 

DEBUG [2018-10-15 14:30:09] C:\Users\Tc\Desktop\众瑞\zhongrui\server\libs\utils\log.py 52 debug 12944 3040 
 	 [ServerAdmin : jsbzquery]Training complete in 1.043212 real seconds 

DEBUG [2018-10-15 14:30:13] C:\Users\Tc\Desktop\众瑞\zhongrui\server\libs\utils\log.py 52 debug 12944 2604 
 	 [ServerAdmin : matchadd]Training complete in 1.096069 real seconds 

DEBUG [2018-10-15 14:30:16] C:\Users\Tc\Desktop\众瑞\zhongrui\server\libs\utils\log.py 52 debug 12944 13216 
 	 [ServerAdmin : tgbzquery]Training complete in 1.049196 real seconds 

DEBUG [2018-10-15 14:30:22] C:\Users\Tc\Desktop\众瑞\zhongrui\server\libs\utils\log.py 52 debug 12944 4612 
 	 [ServerAdmin : matchquery]Training complete in 2.064511 real seconds 

DEBUG [2018-10-15 14:30:22] C:\Users\Tc\Desktop\众瑞\zhongrui\server\libs\utils\log.py 52 debug 12944 2468 
 	 [ServerAdmin : matchquery]Training complete in 2.079440 real seconds 

DEBUG [2018-10-15 14:30:25] C:\Users\Tc\Desktop\众瑞\zhongrui\server\libs\utils\log.py 52 debug 12944 1744 
 	 [ServerAdmin : jsbzquery]Training complete in 1.040257 real seconds 

DEBUG [2018-10-15 14:30:28] C:\Users\Tc\Desktop\众瑞\zhongrui\server\libs\utils\log.py 52 debug 12944 12800 
 	 [ServerAdmin : tgbzquery]Training complete in 1.056175 real seconds 

DEBUG [2018-10-15 14:31:10] C:\Users\Tc\Desktop\众瑞\zhongrui\server\libs\utils\log.py 52 debug 12944 14004 
 	 [ServerAdmin : matchquery]Training complete in 2.039546 real seconds 

DEBUG [2018-10-15 14:31:10] C:\Users\Tc\Desktop\众瑞\zhongrui\server\libs\utils\log.py 52 debug 12944 7068 
 	 [ServerAdmin : matchquery]Training complete in 2.048520 real seconds 

DEBUG [2018-10-15 14:32:06] C:\Users\Tc\Desktop\众瑞\zhongrui\server\libs\utils\log.py 52 debug 12944 4636 
 	 [ServerAdmin : tgbzquery]Training complete in 1.091417 real seconds 

DEBUG [2018-10-15 14:32:08] C:\Users\Tc\Desktop\众瑞\zhongrui\server\libs\utils\log.py 52 debug 12944 3048 
 	 [ServerAdmin : matchquery]Training complete in 2.058831 real seconds 

DEBUG [2018-10-15 14:32:08] C:\Users\Tc\Desktop\众瑞\zhongrui\server\libs\utils\log.py 52 debug 12944 2528 
 	 [ServerAdmin : matchquery]Training complete in 2.114738 real seconds 

DEBUG [2018-10-15 14:32:45] C:\Users\Tc\Desktop\众瑞\zhongrui\server\libs\utils\log.py 52 debug 12944 12196 
 	 [ServerAdmin : tgbzquery]Training complete in 1.055188 real seconds 

DEBUG [2018-10-15 14:33:40] C:\Users\Tc\Desktop\众瑞\zhongrui\server\libs\utils\log.py 52 debug 12944 5144 
 	 [ServerAdmin : tgbzquery]Training complete in 1.057212 real seconds 

DEBUG [2018-10-15 14:33:45] C:\Users\Tc\Desktop\众瑞\zhongrui\server\libs\utils\log.py 52 debug 12944 6292 
 	 [ServerAdmin : jsbzquery]Training complete in 1.032240 real seconds 

DEBUG [2018-10-15 14:34:18] C:\Users\Tc\Desktop\众瑞\zhongrui\server\libs\utils\log.py 52 debug 12944 12736 
 	 [ServerAdmin : jsbzquery]Training complete in 1.009302 real seconds 

DEBUG [2018-10-15 14:34:32] C:\Users\Tc\Desktop\众瑞\zhongrui\server\libs\utils\log.py 52 debug 12944 13900 
 	 [ServerAdmin : tgbzquery]Training complete in 1.015294 real seconds 

DEBUG [2018-10-15 14:34:35] C:\Users\Tc\Desktop\众瑞\zhongrui\server\libs\utils\log.py 52 debug 12944 4708 
 	 [ServerAdmin : jsbzquery]Training complete in 1.040231 real seconds 

DEBUG [2018-10-15 14:34:39] C:\Users\Tc\Desktop\众瑞\zhongrui\server\libs\utils\log.py 52 debug 12944 7532 
 	 [ServerAdmin : matchquery]Training complete in 2.045575 real seconds 

DEBUG [2018-10-15 14:34:39] C:\Users\Tc\Desktop\众瑞\zhongrui\server\libs\utils\log.py 52 debug 12944 12000 
 	 [ServerAdmin : matchquery]Training complete in 2.074454 real seconds 

DEBUG [2018-10-15 14:36:22] C:\Users\Tc\Desktop\众瑞\zhongrui\server\libs\utils\log.py 52 debug 12944 5696 
 	 [ServerAdmin : matchquery]Training complete in 2.016608 real seconds 

DEBUG [2018-10-15 14:36:22] C:\Users\Tc\Desktop\众瑞\zhongrui\server\libs\utils\log.py 52 debug 12944 14084 
 	 [ServerAdmin : matchquery]Training complete in 2.036556 real seconds 

DEBUG [2018-10-15 14:36:29] C:\Users\Tc\Desktop\众瑞\zhongrui\server\libs\utils\log.py 52 debug 12944 12868 
 	 [ServerAdmin : matchquery]Training complete in 1.994666 real seconds 

DEBUG [2018-10-15 14:36:29] C:\Users\Tc\Desktop\众瑞\zhongrui\server\libs\utils\log.py 52 debug 12944 9736 
 	 [ServerAdmin : matchquery]Training complete in 2.041541 real seconds 

DEBUG [2018-10-15 14:37:09] C:\Users\Tc\Desktop\众瑞\zhongrui\server\libs\utils\log.py 52 debug 12944 10820 
 	 [ServerAdmin : matchquery]Training complete in 2.034562 real seconds 

DEBUG [2018-10-15 14:37:09] C:\Users\Tc\Desktop\众瑞\zhongrui\server\libs\utils\log.py 52 debug 12944 2076 
 	 [ServerAdmin : matchquery]Training complete in 2.056504 real seconds 

DEBUG [2018-10-15 14:37:22] C:\Users\Tc\Desktop\众瑞\zhongrui\server\libs\utils\log.py 52 debug 12944 1552 
 	 [ServerAdmin : matchquery]Training complete in 1.990825 real seconds 

DEBUG [2018-10-15 14:37:22] C:\Users\Tc\Desktop\众瑞\zhongrui\server\libs\utils\log.py 52 debug 12944 12560 
 	 [ServerAdmin : matchquery]Training complete in 2.039664 real seconds 

DEBUG [2018-10-15 14:37:27] C:\Users\Tc\Desktop\众瑞\zhongrui\server\libs\utils\log.py 52 debug 12944 11364 
 	 [ServerAdmin : matchquery]Training complete in 2.065479 real seconds 

DEBUG [2018-10-15 14:37:27] C:\Users\Tc\Desktop\众瑞\zhongrui\server\libs\utils\log.py 52 debug 12944 11792 
 	 [ServerAdmin : matchquery]Training complete in 2.082434 real seconds 

DEBUG [2018-10-15 14:38:58] C:\Users\Tc\Desktop\众瑞\zhongrui\server\libs\utils\log.py 52 debug 12944 3156 
 	 [ServerAdmin : matchquery]Training complete in 2.023614 real seconds 

DEBUG [2018-10-15 14:38:58] C:\Users\Tc\Desktop\众瑞\zhongrui\server\libs\utils\log.py 52 debug 12944 232 
 	 [ServerAdmin : matchquery]Training complete in 2.047530 real seconds 

DEBUG [2018-10-15 14:59:35] C:\Users\Tc\Desktop\众瑞\zhongrui\server\libs\utils\log.py 52 debug 13236 9268 
 	 [ServerAdmin : matchquery]Training complete in 2.138283 real seconds 

DEBUG [2018-10-15 14:59:35] C:\Users\Tc\Desktop\众瑞\zhongrui\server\libs\utils\log.py 52 debug 13236 7040 
 	 [ServerAdmin : matchquery]Training complete in 2.139318 real seconds 

DEBUG [2018-10-15 15:02:42] C:\Users\Tc\Desktop\众瑞\zhongrui\server\libs\utils\log.py 52 debug 12076 7604 
 	 [ServerAdmin : matchquery]Training complete in 2.081434 real seconds 

DEBUG [2018-10-15 15:02:42] C:\Users\Tc\Desktop\众瑞\zhongrui\server\libs\utils\log.py 52 debug 12076 8088 
 	 [ServerAdmin : matchquery]Training complete in 2.085424 real seconds 

DEBUG [2018-10-15 15:03:01] C:\Users\Tc\Desktop\众瑞\zhongrui\server\libs\utils\log.py 52 debug 12076 8916 
 	 [ServerAdmin : matchquery]Training complete in 2.089387 real seconds 

DEBUG [2018-10-15 15:03:01] C:\Users\Tc\Desktop\众瑞\zhongrui\server\libs\utils\log.py 52 debug 12076 5704 
 	 [ServerAdmin : matchquery]Training complete in 2.097365 real seconds 

DEBUG [2018-10-15 15:03:10] C:\Users\Tc\Desktop\众瑞\zhongrui\server\libs\utils\log.py 52 debug 12076 13152 
 	 [ServerAdmin : matchquery]Training complete in 2.040547 real seconds 

DEBUG [2018-10-15 15:03:10] C:\Users\Tc\Desktop\众瑞\zhongrui\server\libs\utils\log.py 52 debug 12076 4612 
 	 [ServerAdmin : matchquery]Training complete in 2.059495 real seconds 

DEBUG [2018-10-15 15:27:27] C:\Users\Tc\Desktop\众瑞\zhongrui\server\libs\utils\log.py 52 debug 8124 11996 
 	 [ServerAdmin : matchquery]Training complete in 2.164214 real seconds 

DEBUG [2018-10-15 15:27:27] C:\Users\Tc\Desktop\众瑞\zhongrui\server\libs\utils\log.py 52 debug 8124 9924 
 	 [ServerAdmin : matchquery]Training complete in 2.164214 real seconds 

DEBUG [2018-10-15 15:29:39] C:\Users\Tc\Desktop\众瑞\zhongrui\server\libs\utils\log.py 52 debug 3200 8740 
 	 [ServerAdmin : match]Training complete in 1.081140 real seconds 

DEBUG [2018-10-15 18:41:30] C:\Users\Tc\Desktop\众瑞\zhongrui\server\libs\utils\log.py 52 debug 10252 8492 
 	 [ServerAdmin : tgbzquery]Training complete in 1.139952 real seconds 

DEBUG [2018-10-15 18:43:18] C:\Users\Tc\Desktop\众瑞\zhongrui\server\libs\utils\log.py 52 debug 10252 10248 
 	 [UserAPIView : login]Training complete in 1.075127 real seconds 

DEBUG [2018-10-15 18:44:51] C:\Users\Tc\Desktop\众瑞\zhongrui\server\libs\utils\log.py 52 debug 10252 224 
 	 [PublicAPIView : userquery]Training complete in 0.032943 real seconds 

DEBUG [2018-10-15 18:45:18] C:\Users\Tc\Desktop\众瑞\zhongrui\server\libs\utils\log.py 52 debug 10252 11564 
 	 [PublicAPIView : getluckyindex]Training complete in 0.033919 real seconds 

DEBUG [2018-10-15 18:45:28] C:\Users\Tc\Desktop\众瑞\zhongrui\server\libs\utils\log.py 52 debug 10252 13420 
 	 [PublicAPIView : clicklucky]Training complete in 0.030915 real seconds 

DEBUG [2018-10-15 18:45:38] C:\Users\Tc\Desktop\众瑞\zhongrui\server\libs\utils\log.py 52 debug 10252 9664 
 	 [PublicAPIView : clicklucky]Training complete in 0.020944 real seconds 

DEBUG [2018-10-15 18:45:48] C:\Users\Tc\Desktop\众瑞\zhongrui\server\libs\utils\log.py 52 debug 10252 8432 
 	 [PublicAPIView : clicklucky]Training complete in 0.038890 real seconds 

DEBUG [2018-10-15 18:46:26] C:\Users\Tc\Desktop\众瑞\zhongrui\server\libs\utils\log.py 52 debug 10252 5496 
 	 [ServerAdmin : login]Training complete in 2.070468 real seconds 

DEBUG [2018-10-15 18:46:31] C:\Users\Tc\Desktop\众瑞\zhongrui\server\libs\utils\log.py 52 debug 10252 12424 
 	 [ServerAdmin : tgbzquery]Training complete in 1.043169 real seconds 

DEBUG [2018-10-15 18:46:34] C:\Users\Tc\Desktop\众瑞\zhongrui\server\libs\utils\log.py 52 debug 10252 9656 
 	 [ServerAdmin : jsbzquery]Training complete in 1.043226 real seconds 

DEBUG [2018-10-15 18:46:36] C:\Users\Tc\Desktop\众瑞\zhongrui\server\libs\utils\log.py 52 debug 10252 3828 
 	 [ServerAdmin : tgbzquery]Training complete in 1.027252 real seconds 

DEBUG [2018-10-15 18:46:36] C:\Users\Tc\Desktop\众瑞\zhongrui\server\libs\utils\log.py 52 debug 10252 7628 
 	 [ServerAdmin : jsbzquery]Training complete in 1.012294 real seconds 

DEBUG [2018-10-15 18:46:43] C:\Users\Tc\Desktop\众瑞\zhongrui\server\libs\utils\log.py 52 debug 10252 3736 
 	 [ServerAdmin : matchquery]Training complete in 2.069520 real seconds 

DEBUG [2018-10-15 18:46:43] C:\Users\Tc\Desktop\众瑞\zhongrui\server\libs\utils\log.py 52 debug 10252 10488 
 	 [ServerAdmin : matchquery]Training complete in 2.088420 real seconds 

DEBUG [2018-10-15 18:46:44] C:\Users\Tc\Desktop\众瑞\zhongrui\server\libs\utils\log.py 52 debug 10252 11348 
 	 [ServerAdmin : userquery]Training complete in 1.098067 real seconds 

DEBUG [2018-10-15 18:46:53] C:\Users\Tc\Desktop\众瑞\zhongrui\server\libs\utils\log.py 52 debug 10252 3676 
 	 [ServerAdmin : amountsend]Training complete in 1.060158 real seconds 

DEBUG [2018-10-15 18:46:54] C:\Users\Tc\Desktop\众瑞\zhongrui\server\libs\utils\log.py 52 debug 10252 10524 
 	 [ServerAdmin : userquery]Training complete in 1.103048 real seconds 

DEBUG [2018-10-15 18:46:59] C:\Users\Tc\Desktop\众瑞\zhongrui\server\libs\utils\log.py 52 debug 10252 6128 
 	 [ServerAdmin : amountsend]Training complete in 1.045208 real seconds 

DEBUG [2018-10-15 18:47:00] C:\Users\Tc\Desktop\众瑞\zhongrui\server\libs\utils\log.py 52 debug 10252 928 
 	 [ServerAdmin : userquery]Training complete in 1.069141 real seconds 

DEBUG [2018-10-15 18:47:05] C:\Users\Tc\Desktop\众瑞\zhongrui\server\libs\utils\log.py 52 debug 10252 620 
 	 [ServerAdmin : amountsend]Training complete in 1.038224 real seconds 

DEBUG [2018-10-15 18:47:06] C:\Users\Tc\Desktop\众瑞\zhongrui\server\libs\utils\log.py 52 debug 10252 12520 
 	 [ServerAdmin : userquery]Training complete in 1.121002 real seconds 

DEBUG [2018-10-15 18:47:11] C:\Users\Tc\Desktop\众瑞\zhongrui\server\libs\utils\log.py 52 debug 10252 6268 
 	 [ServerAdmin : amountsend]Training complete in 1.118011 real seconds 

DEBUG [2018-10-15 18:47:12] C:\Users\Tc\Desktop\众瑞\zhongrui\server\libs\utils\log.py 52 debug 10252 13208 
 	 [ServerAdmin : userquery]Training complete in 1.094077 real seconds 

DEBUG [2018-10-15 18:47:14] C:\Users\Tc\Desktop\众瑞\zhongrui\server\libs\utils\log.py 52 debug 10252 11124 
 	 [ServerAdmin : tgbzquery]Training complete in 1.053185 real seconds 

DEBUG [2018-10-15 18:47:17] C:\Users\Tc\Desktop\众瑞\zhongrui\server\libs\utils\log.py 52 debug 10252 13420 
 	 [ServerAdmin : jsbzquery]Training complete in 1.037230 real seconds 

DEBUG [2018-10-15 18:47:24] C:\Users\Tc\Desktop\众瑞\zhongrui\server\libs\utils\log.py 52 debug 10252 7024 
 	 [ServerAdmin : jsbzquery]Training complete in 1.008334 real seconds 

DEBUG [2018-10-15 18:47:25] C:\Users\Tc\Desktop\众瑞\zhongrui\server\libs\utils\log.py 52 debug 10252 13356 
 	 [ServerAdmin : tgbzquery]Training complete in 1.014288 real seconds 

DEBUG [2018-10-15 18:47:26] C:\Users\Tc\Desktop\众瑞\zhongrui\server\libs\utils\log.py 52 debug 10252 6700 
 	 [ServerAdmin : jsbzquery]Training complete in 1.016287 real seconds 

DEBUG [2018-10-15 18:47:29] C:\Users\Tc\Desktop\众瑞\zhongrui\server\libs\utils\log.py 52 debug 10252 13216 
 	 [ServerAdmin : userquery]Training complete in 1.100061 real seconds 

DEBUG [2018-10-15 18:47:37] C:\Users\Tc\Desktop\众瑞\zhongrui\server\libs\utils\log.py 52 debug 10252 8780 
 	 [ServerAdmin : jsbzquery]Training complete in 1.020276 real seconds 

DEBUG [2018-10-15 18:47:40] C:\Users\Tc\Desktop\众瑞\zhongrui\server\libs\utils\log.py 52 debug 10252 4624 
 	 [ServerAdmin : jsbzquery]Training complete in 1.032282 real seconds 

DEBUG [2018-10-15 18:47:55] C:\Users\Tc\Desktop\众瑞\zhongrui\server\libs\utils\log.py 52 debug 10252 8484 
 	 [PublicAPIView : userquery]Training complete in 0.022938 real seconds 

DEBUG [2018-10-15 18:48:09] C:\Users\Tc\Desktop\众瑞\zhongrui\server\libs\utils\log.py 52 debug 10252 9452 
 	 [ServerAdmin : userquery]Training complete in 1.088114 real seconds 

DEBUG [2018-10-15 18:48:18] C:\Users\Tc\Desktop\众瑞\zhongrui\server\libs\utils\log.py 52 debug 10252 2984 
 	 [PublicAPIView : userquery]Training complete in 0.039882 real seconds 

DEBUG [2018-10-15 18:48:23] C:\Users\Tc\Desktop\众瑞\zhongrui\server\libs\utils\log.py 52 debug 10252 1360 
 	 [ServerAdmin : amountsend]Training complete in 1.093085 real seconds 

DEBUG [2018-10-15 18:48:24] C:\Users\Tc\Desktop\众瑞\zhongrui\server\libs\utils\log.py 52 debug 10252 1572 
 	 [ServerAdmin : userquery]Training complete in 1.081138 real seconds 

DEBUG [2018-10-15 18:48:28] C:\Users\Tc\Desktop\众瑞\zhongrui\server\libs\utils\log.py 52 debug 10252 13852 
 	 [PublicAPIView : userquery]Training complete in 0.029919 real seconds 

DEBUG [2018-10-15 18:49:20] C:\Users\Tc\Desktop\众瑞\zhongrui\server\libs\utils\log.py 52 debug 10252 10032 
 	 [ServerAdmin : amountsend]Training complete in 1.080113 real seconds 

DEBUG [2018-10-15 18:49:21] C:\Users\Tc\Desktop\众瑞\zhongrui\server\libs\utils\log.py 52 debug 10252 6528 
 	 [ServerAdmin : userquery]Training complete in 1.082107 real seconds 

DEBUG [2018-10-15 18:50:49] C:\Users\Tc\Desktop\众瑞\zhongrui\server\libs\utils\log.py 52 debug 9116 11820 
 	 [ServerAdmin : amountsend]Training complete in 1.113014 real seconds 

DEBUG [2018-10-15 18:50:50] C:\Users\Tc\Desktop\众瑞\zhongrui\server\libs\utils\log.py 52 debug 9116 9720 
 	 [ServerAdmin : userquery]Training complete in 1.085096 real seconds 

DEBUG [2018-10-15 18:50:57] C:\Users\Tc\Desktop\众瑞\zhongrui\server\libs\utils\log.py 52 debug 9116 5448 
 	 [PublicAPIView : userquery]Training complete in 0.027986 real seconds 

DEBUG [2018-10-15 18:51:04] C:\Users\Tc\Desktop\众瑞\zhongrui\server\libs\utils\log.py 52 debug 9116 11928 
 	 [ServerAdmin : tgbzquery]Training complete in 1.044208 real seconds 

DEBUG [2018-10-15 18:51:11] C:\Users\Tc\Desktop\众瑞\zhongrui\server\libs\utils\log.py 52 debug 9116 4928 
 	 [OrderAPIView : orderadd]Training complete in 0.029911 real seconds 

DEBUG [2018-10-15 18:51:20] C:\Users\Tc\Desktop\众瑞\zhongrui\server\libs\utils\log.py 52 debug 9116 648 
 	 [OrderAPIView : orderadd]Training complete in 0.043873 real seconds 

DEBUG [2018-10-15 18:51:30] C:\Users\Tc\Desktop\众瑞\zhongrui\server\libs\utils\log.py 52 debug 9116 3124 
 	 [OrderAPIView : orderadd]Training complete in 0.021901 real seconds 

DEBUG [2018-10-15 18:51:36] C:\Users\Tc\Desktop\众瑞\zhongrui\server\libs\utils\log.py 52 debug 9116 4936 
 	 [OrderAPIView : orderadd]Training complete in 0.052890 real seconds 

DEBUG [2018-10-15 18:51:43] C:\Users\Tc\Desktop\众瑞\zhongrui\server\libs\utils\log.py 52 debug 9116 14268 
 	 [OrderAPIView : orderadd]Training complete in 0.063863 real seconds 

DEBUG [2018-10-15 18:52:19] C:\Users\Tc\Desktop\众瑞\zhongrui\server\libs\utils\log.py 52 debug 9116 13076 
 	 [ServerAdmin : matchadd]Training complete in 1.096066 real seconds 

DEBUG [2018-10-15 18:52:21] C:\Users\Tc\Desktop\众瑞\zhongrui\server\libs\utils\log.py 52 debug 9116 5568 
 	 [ServerAdmin : jsbzquery]Training complete in 1.052241 real seconds 

DEBUG [2018-10-15 18:52:26] C:\Users\Tc\Desktop\众瑞\zhongrui\server\libs\utils\log.py 52 debug 9116 10340 
 	 [ServerAdmin : matchadd]Training complete in 1.059165 real seconds 

DEBUG [2018-10-15 18:52:31] C:\Users\Tc\Desktop\众瑞\zhongrui\server\libs\utils\log.py 52 debug 9116 7664 
 	 [ServerAdmin : matchquery]Training complete in 2.016615 real seconds 

DEBUG [2018-10-15 18:52:31] C:\Users\Tc\Desktop\众瑞\zhongrui\server\libs\utils\log.py 52 debug 9116 13672 
 	 [ServerAdmin : matchquery]Training complete in 2.037555 real seconds 

DEBUG [2018-10-15 18:54:29] C:\Users\Tc\Desktop\众瑞\zhongrui\server\libs\utils\log.py 52 debug 8732 6736 
 	 [ServerAdmin : matchquery]Training complete in 2.130305 real seconds 

DEBUG [2018-10-15 18:54:29] C:\Users\Tc\Desktop\众瑞\zhongrui\server\libs\utils\log.py 52 debug 8732 2472 
 	 [ServerAdmin : matchquery]Training complete in 2.136323 real seconds 

DEBUG [2018-10-15 18:54:37] C:\Users\Tc\Desktop\众瑞\zhongrui\server\libs\utils\log.py 52 debug 8732 3784 
 	 [ServerAdmin : matchdel]Training complete in 1.061165 real seconds 

DEBUG [2018-10-15 18:54:39] C:\Users\Tc\Desktop\众瑞\zhongrui\server\libs\utils\log.py 52 debug 8732 9452 
 	 [ServerAdmin : matchquery]Training complete in 2.108364 real seconds 

DEBUG [2018-10-15 18:54:39] C:\Users\Tc\Desktop\众瑞\zhongrui\server\libs\utils\log.py 52 debug 8732 8752 
 	 [ServerAdmin : matchquery]Training complete in 2.114393 real seconds 

DEBUG [2018-10-15 19:58:36] C:\Users\Tc\Desktop\众瑞\zhongrui\server\libs\utils\log.py 52 debug 13032 13832 
 	 [ServerAdmin : match]Training complete in 1.184477 real seconds 

DEBUG [2018-10-15 20:21:40] C:\Users\Tc\Desktop\众瑞\zhongrui\server\libs\utils\log.py 52 debug 10536 5684 
 	 [OrderAPIView : orderadd]Training complete in 0.024868 real seconds 

DEBUG [2018-10-15 20:21:48] C:\Users\Tc\Desktop\众瑞\zhongrui\server\libs\utils\log.py 52 debug 10536 11312 
 	 [OrderAPIView : orderadd]Training complete in 0.033854 real seconds 

DEBUG [2018-10-15 20:21:55] C:\Users\Tc\Desktop\众瑞\zhongrui\server\libs\utils\log.py 52 debug 10536 992 
 	 [OrderAPIView : orderadd]Training complete in 0.058830 real seconds 

DEBUG [2018-10-15 20:22:02] C:\Users\Tc\Desktop\众瑞\zhongrui\server\libs\utils\log.py 52 debug 10536 9688 
 	 [OrderAPIView : orderadd]Training complete in 0.067874 real seconds 

DEBUG [2018-10-15 20:22:12] C:\Users\Tc\Desktop\众瑞\zhongrui\server\libs\utils\log.py 52 debug 10536 6628 
 	 [ServerAdmin : matchquery]Training complete in 2.023604 real seconds 

DEBUG [2018-10-15 20:22:12] C:\Users\Tc\Desktop\众瑞\zhongrui\server\libs\utils\log.py 52 debug 10536 1428 
 	 [ServerAdmin : matchquery]Training complete in 2.040546 real seconds 

DEBUG [2018-10-15 20:22:14] C:\Users\Tc\Desktop\众瑞\zhongrui\server\libs\utils\log.py 52 debug 10536 9096 
 	 [ServerAdmin : jsbzquery]Training complete in 1.047192 real seconds 

DEBUG [2018-10-15 20:22:29] C:\Users\Tc\Desktop\众瑞\zhongrui\server\libs\utils\log.py 52 debug 10536 8916 
 	 [PublicAPIView : userquery]Training complete in 0.034939 real seconds 

DEBUG [2018-10-15 20:23:08] C:\Users\Tc\Desktop\众瑞\zhongrui\server\libs\utils\log.py 52 debug 10536 2172 
 	 [UserAPIView : login]Training complete in 1.123001 real seconds 

DEBUG [2018-10-15 20:23:12] C:\Users\Tc\Desktop\众瑞\zhongrui\server\libs\utils\log.py 52 debug 10536 5784 
 	 [PublicAPIView : getluckyindex]Training complete in 0.013962 real seconds 

DEBUG [2018-10-15 20:23:23] C:\Users\Tc\Desktop\众瑞\zhongrui\server\libs\utils\log.py 52 debug 10536 9664 
 	 [PublicAPIView : getluckyindex]Training complete in 0.020939 real seconds 

DEBUG [2018-10-15 20:23:33] C:\Users\Tc\Desktop\众瑞\zhongrui\server\libs\utils\log.py 52 debug 10536 12164 
 	 [PublicAPIView : clicklucky]Training complete in 0.030888 real seconds 

DEBUG [2018-10-15 20:23:43] C:\Users\Tc\Desktop\众瑞\zhongrui\server\libs\utils\log.py 52 debug 10536 13072 
 	 [PublicAPIView : getluckyindex]Training complete in 0.028880 real seconds 

DEBUG [2018-10-15 20:23:53] C:\Users\Tc\Desktop\众瑞\zhongrui\server\libs\utils\log.py 52 debug 10536 8012 
 	 [PublicAPIView : clicklucky]Training complete in 0.047001 real seconds 

DEBUG [2018-10-15 20:24:03] C:\Users\Tc\Desktop\众瑞\zhongrui\server\libs\utils\log.py 52 debug 10536 1936 
 	 [PublicAPIView : clicklucky]Training complete in 0.029951 real seconds 

DEBUG [2018-10-15 20:24:13] C:\Users\Tc\Desktop\众瑞\zhongrui\server\libs\utils\log.py 52 debug 10536 7664 
 	 [PublicAPIView : clicklucky]Training complete in 0.061832 real seconds 

DEBUG [2018-10-15 20:24:52] C:\Users\Tc\Desktop\众瑞\zhongrui\server\libs\utils\log.py 52 debug 10536 10260 
 	 [ServerAdmin : jsbzquery]Training complete in 1.052188 real seconds 

DEBUG [2018-10-15 20:24:56] C:\Users\Tc\Desktop\众瑞\zhongrui\server\libs\utils\log.py 52 debug 10536 3596 
 	 [ServerAdmin : matchadd]Training complete in 1.105045 real seconds 

DEBUG [2018-10-15 20:24:58] C:\Users\Tc\Desktop\众瑞\zhongrui\server\libs\utils\log.py 52 debug 10536 5528 
 	 [ServerAdmin : tgbzquery]Training complete in 1.011333 real seconds 

DEBUG [2018-10-15 20:25:01] C:\Users\Tc\Desktop\众瑞\zhongrui\server\libs\utils\log.py 52 debug 10536 12968 
 	 [ServerAdmin : matchadd]Training complete in 1.106020 real seconds 

DEBUG [2018-10-15 20:25:07] C:\Users\Tc\Desktop\众瑞\zhongrui\server\libs\utils\log.py 52 debug 10536 12416 
 	 [ServerAdmin : matchquery]Training complete in 2.039530 real seconds 

DEBUG [2018-10-15 20:25:07] C:\Users\Tc\Desktop\众瑞\zhongrui\server\libs\utils\log.py 52 debug 10536 1976 
 	 [ServerAdmin : matchquery]Training complete in 2.056485 real seconds 

DEBUG [2018-10-15 20:27:15] C:\Users\Tc\Desktop\众瑞\zhongrui\server\libs\utils\log.py 52 debug 9136 1064 
 	 [ServerAdmin : match]Training complete in 1.057296 real seconds 

DEBUG [2018-10-15 20:32:19] C:\Users\Tc\Desktop\众瑞\zhongrui\server\libs\utils\log.py 52 debug 9136 1400 
 	 [ServerAdmin : matchquery]Training complete in 2.036555 real seconds 

DEBUG [2018-10-15 20:32:19] C:\Users\Tc\Desktop\众瑞\zhongrui\server\libs\utils\log.py 52 debug 9136 2152 
 	 [ServerAdmin : matchquery]Training complete in 2.077447 real seconds 

DEBUG [2018-10-15 20:34:18] C:\Users\Tc\Desktop\众瑞\zhongrui\server\libs\utils\log.py 52 debug 12724 7800 
 	 [ServerAdmin : match]Training complete in 1.061378 real seconds 

DEBUG [2018-10-15 20:36:55] C:\Users\Tc\Desktop\众瑞\zhongrui\server\libs\utils\log.py 52 debug 13520 10476 
 	 [ServerAdmin : match]Training complete in 1.060137 real seconds 

DEBUG [2018-10-15 22:13:26] C:\Users\Tc\Desktop\众瑞\zhongrui\server\libs\utils\log.py 52 debug 6124 15196 
 	 [ServerAdmin : match]Training complete in 1.041218 real seconds 

DEBUG [2018-10-15 23:18:15] C:\Users\Tc\Desktop\众瑞\zhongrui\server\libs\utils\log.py 52 debug 3076 14472 
 	 [ServerAdmin : matchquery]Training complete in 2.063793 real seconds 

DEBUG [2018-10-15 23:18:15] C:\Users\Tc\Desktop\众瑞\zhongrui\server\libs\utils\log.py 52 debug 3076 14596 
 	 [ServerAdmin : matchquery]Training complete in 2.077757 real seconds 

DEBUG [2018-10-15 23:30:15] C:\Users\Tc\Desktop\众瑞\zhongrui\server\libs\utils\log.py 52 debug 9956 12172 
 	 [ServerAdmin : match]Training complete in 1.095076 real seconds 

DEBUG [2018-10-15 23:32:26] C:\Users\Tc\Desktop\众瑞\zhongrui\server\libs\utils\log.py 52 debug 9956 8748 
 	 [PublicAPIView : clicklucky]Training complete in 0.038891 real seconds 

DEBUG [2018-10-15 23:32:36] C:\Users\Tc\Desktop\众瑞\zhongrui\server\libs\utils\log.py 52 debug 9956 4716 
 	 [PublicAPIView : clicklucky]Training complete in 0.040838 real seconds 

DEBUG [2018-10-15 23:32:46] C:\Users\Tc\Desktop\众瑞\zhongrui\server\libs\utils\log.py 52 debug 9956 14932 
 	 [PublicAPIView : clicklucky]Training complete in 0.061801 real seconds 

DEBUG [2018-10-15 23:32:56] C:\Users\Tc\Desktop\众瑞\zhongrui\server\libs\utils\log.py 52 debug 9956 13248 
 	 [PublicAPIView : clicklucky]Training complete in 0.060783 real seconds 

DEBUG [2018-10-15 23:33:06] C:\Users\Tc\Desktop\众瑞\zhongrui\server\libs\utils\log.py 52 debug 9956 12416 
 	 [ServerAdmin : tgbzquery]Training complete in 1.058177 real seconds 

DEBUG [2018-10-15 23:33:07] C:\Users\Tc\Desktop\众瑞\zhongrui\server\libs\utils\log.py 52 debug 9956 15192 
 	 [ServerAdmin : jsbzquery]Training complete in 1.062163 real seconds 

DEBUG [2018-10-15 23:33:09] C:\Users\Tc\Desktop\众瑞\zhongrui\server\libs\utils\log.py 52 debug 9956 15232 
 	 [ServerAdmin : tgbzquery]Training complete in 1.015312 real seconds 

DEBUG [2018-10-15 23:33:18] C:\Users\Tc\Desktop\众瑞\zhongrui\server\libs\utils\log.py 52 debug 9956 5616 
 	 [ServerAdmin : matchadd]Training complete in 1.076124 real seconds 

DEBUG [2018-10-15 23:33:21] C:\Users\Tc\Desktop\众瑞\zhongrui\server\libs\utils\log.py 52 debug 9956 1360 
 	 [ServerAdmin : matchquery]Training complete in 2.043536 real seconds 

DEBUG [2018-10-15 23:33:21] C:\Users\Tc\Desktop\众瑞\zhongrui\server\libs\utils\log.py 52 debug 9956 11648 
 	 [ServerAdmin : matchquery]Training complete in 2.049520 real seconds 

DEBUG [2018-10-15 23:33:28] C:\Users\Tc\Desktop\众瑞\zhongrui\server\libs\utils\log.py 52 debug 9956 1400 
 	 [ServerAdmin : userquery]Training complete in 1.088092 real seconds 

DEBUG [2018-10-15 23:33:58] C:\Users\Tc\Desktop\众瑞\zhongrui\server\libs\utils\log.py 52 debug 9956 7480 
 	 [PublicAPIView : userquery]Training complete in 0.025925 real seconds 

DEBUG [2018-10-15 23:34:07] C:\Users\Tc\Desktop\众瑞\zhongrui\server\libs\utils\log.py 52 debug 9956 9220 
 	 [OrderAPIView : orderadd]Training complete in 0.026931 real seconds 

DEBUG [2018-10-15 23:34:13] C:\Users\Tc\Desktop\众瑞\zhongrui\server\libs\utils\log.py 52 debug 9956 15308 
 	 [PublicAPIView : userquery]Training complete in 0.027882 real seconds 

DEBUG [2018-10-15 23:42:33] C:\Users\Tc\Desktop\众瑞\zhongrui\server\libs\utils\log.py 52 debug 1088 6352 
 	 [PublicAPIView : clicklucky]Training complete in 0.062811 real seconds 

DEBUG [2018-10-15 23:42:43] C:\Users\Tc\Desktop\众瑞\zhongrui\server\libs\utils\log.py 52 debug 1088 13780 
 	 [PublicAPIView : clicklucky]Training complete in 0.036008 real seconds 

DEBUG [2018-10-15 23:42:53] C:\Users\Tc\Desktop\众瑞\zhongrui\server\libs\utils\log.py 52 debug 1088 11540 
 	 [PublicAPIView : clicklucky]Training complete in 0.022947 real seconds 

DEBUG [2018-10-15 23:43:03] C:\Users\Tc\Desktop\众瑞\zhongrui\server\libs\utils\log.py 52 debug 1088 8904 
 	 [PublicAPIView : getluckyindex]Training complete in 0.047870 real seconds 

DEBUG [2018-10-15 23:43:10] C:\Users\Tc\Desktop\众瑞\zhongrui\server\libs\utils\log.py 52 debug 1088 8720 
 	 [ServerAdmin : tgbzquery]Training complete in 1.049198 real seconds 

DEBUG [2018-10-15 23:43:23] C:\Users\Tc\Desktop\众瑞\zhongrui\server\libs\utils\log.py 52 debug 1088 15328 
 	 [PublicAPIView : getluckyindex]Training complete in 0.026931 real seconds 

DEBUG [2018-10-15 23:43:34] C:\Users\Tc\Desktop\众瑞\zhongrui\server\libs\utils\log.py 52 debug 1088 13452 
 	 [PublicAPIView : clicklucky]Training complete in 0.037899 real seconds 

DEBUG [2018-10-15 23:43:37] C:\Users\Tc\Desktop\众瑞\zhongrui\server\libs\utils\log.py 52 debug 1088 15216 
 	 [ServerAdmin : tgbzquery]Training complete in 1.035234 real seconds 

DEBUG [2018-10-15 23:44:19] C:\Users\Tc\Desktop\众瑞\zhongrui\server\libs\utils\log.py 52 debug 10660 12484 
 	 [OrderAPIView : orderadd]Training complete in 0.019948 real seconds 

DEBUG [2018-10-15 23:44:42] C:\Users\Tc\Desktop\众瑞\zhongrui\server\libs\utils\log.py 52 debug 10660 14716 
 	 [PublicAPIView : userquery]Training complete in 0.032909 real seconds 

DEBUG [2018-10-15 23:45:53] C:\Users\Tc\Desktop\众瑞\zhongrui\server\libs\utils\log.py 52 debug 1604 9120 
 	 [OrderAPIView : orderadd]Training complete in 0.021942 real seconds 

DEBUG [2018-10-15 23:46:00] C:\Users\Tc\Desktop\众瑞\zhongrui\server\libs\utils\log.py 52 debug 1604 15036 
 	 [PublicAPIView : userquery]Training complete in 0.034939 real seconds 

DEBUG [2018-10-15 23:46:09] C:\Users\Tc\Desktop\众瑞\zhongrui\server\libs\utils\log.py 52 debug 1604 10504 
 	 [OrderAPIView : orderadd]Training complete in 0.029922 real seconds 

DEBUG [2018-10-15 23:46:15] C:\Users\Tc\Desktop\众瑞\zhongrui\server\libs\utils\log.py 52 debug 1604 9124 
 	 [OrderAPIView : orderadd]Training complete in 0.018949 real seconds 

DEBUG [2018-10-15 23:46:24] C:\Users\Tc\Desktop\众瑞\zhongrui\server\libs\utils\log.py 52 debug 1604 15208 
 	 [ServerAdmin : jsbzquery]Training complete in 1.087109 real seconds 

DEBUG [2018-10-15 23:46:28] C:\Users\Tc\Desktop\众瑞\zhongrui\server\libs\utils\log.py 52 debug 1604 14936 
 	 [ServerAdmin : matchadd]Training complete in 1.056181 real seconds 

DEBUG [2018-10-15 23:46:30] C:\Users\Tc\Desktop\众瑞\zhongrui\server\libs\utils\log.py 52 debug 1604 14916 
 	 [ServerAdmin : tgbzquery]Training complete in 1.021273 real seconds 

DEBUG [2018-10-15 23:46:34] C:\Users\Tc\Desktop\众瑞\zhongrui\server\libs\utils\log.py 52 debug 1604 3020 
 	 [ServerAdmin : matchadd]Training complete in 1.111030 real seconds 

DEBUG [2018-10-15 23:46:37] C:\Users\Tc\Desktop\众瑞\zhongrui\server\libs\utils\log.py 52 debug 1604 14472 
 	 [ServerAdmin : matchquery]Training complete in 2.025621 real seconds 

DEBUG [2018-10-15 23:46:37] C:\Users\Tc\Desktop\众瑞\zhongrui\server\libs\utils\log.py 52 debug 1604 12924 
 	 [ServerAdmin : matchquery]Training complete in 2.060492 real seconds 

