DEBUG [2018-10-19 14:47:36] C:\Users\Tc\Desktop\众瑞\zhongrui\server\libs\utils\log.py 52 debug 10976 12040 
 	 [ServerAdmin : tgbzquery]Training complete in 1.140778 real seconds 

DEBUG [2018-10-19 14:47:39] C:\Users\Tc\Desktop\众瑞\zhongrui\server\libs\utils\log.py 52 debug 10976 14004 
 	 [ServerAdmin : matchquery]Training complete in 1.005342 real seconds 

DEBUG [2018-10-19 14:47:39] C:\Users\Tc\Desktop\众瑞\zhongrui\server\libs\utils\log.py 52 debug 10976 7296 
 	 [ServerAdmin : matchquery]Training complete in 1.028254 real seconds 

DEBUG [2018-10-19 14:47:39] C:\Users\Tc\Desktop\众瑞\zhongrui\server\libs\utils\log.py 52 debug 10976 4364 
 	 [ServerAdmin : tgbzquery]Training complete in 1.018381 real seconds 

DEBUG [2018-10-19 14:48:41] C:\Users\Tc\Desktop\众瑞\zhongrui\server\libs\utils\log.py 52 debug 11700 4712 
 	 [ServerAdmin : tgbzquery]Training complete in 1.059549 real seconds 

DEBUG [2018-10-19 14:49:17] C:\Users\Tc\Desktop\众瑞\zhongrui\server\libs\utils\log.py 52 debug 11700 11888 
 	 [ServerAdmin : tgbzquery]Training complete in 1.016869 real seconds 

DEBUG [2018-10-19 14:50:32] C:\Users\Tc\Desktop\众瑞\zhongrui\server\libs\utils\log.py 52 debug 11700 5656 
 	 [ServerAdmin : tgbzquery]Training complete in 1.008272 real seconds 

DEBUG [2018-10-19 14:52:38] C:\Users\Tc\Desktop\众瑞\zhongrui\server\libs\utils\log.py 52 debug 14296 13548 
 	 [ServerAdmin : tgbzquery]Training complete in 1.082566 real seconds 

DEBUG [2018-10-19 14:53:03] C:\Users\Tc\Desktop\众瑞\zhongrui\server\libs\utils\log.py 52 debug 14296 3300 
 	 [ServerAdmin : ordersplit]Training complete in 1.117023 real seconds 

DEBUG [2018-10-19 14:53:05] C:\Users\Tc\Desktop\众瑞\zhongrui\server\libs\utils\log.py 52 debug 14296 10288 
 	 [ServerAdmin : tgbzquery]Training complete in 1.075819 real seconds 

DEBUG [2018-10-19 14:53:11] C:\Users\Tc\Desktop\众瑞\zhongrui\server\libs\utils\log.py 52 debug 14296 7824 
 	 [ServerAdmin : tgbzquery]Training complete in 1.075946 real seconds 

DEBUG [2018-10-19 14:53:20] C:\Users\Tc\Desktop\众瑞\zhongrui\server\libs\utils\log.py 52 debug 14296 8276 
 	 [ServerAdmin : ordersplit]Training complete in 1.095074 real seconds 

DEBUG [2018-10-19 14:53:21] C:\Users\Tc\Desktop\众瑞\zhongrui\server\libs\utils\log.py 52 debug 14296 12544 
 	 [ServerAdmin : tgbzquery]Training complete in 1.059909 real seconds 

DEBUG [2018-10-19 14:53:49] C:\Users\Tc\Desktop\众瑞\zhongrui\server\libs\utils\log.py 52 debug 11900 12972 
 	 [ServerAdmin : delorder]Training complete in 1.048434 real seconds 

DEBUG [2018-10-19 14:53:50] C:\Users\Tc\Desktop\众瑞\zhongrui\server\libs\utils\log.py 52 debug 11900 13020 
 	 [ServerAdmin : tgbzquery]Training complete in 1.021269 real seconds 

DEBUG [2018-10-19 14:53:53] C:\Users\Tc\Desktop\众瑞\zhongrui\server\libs\utils\log.py 52 debug 11900 10900 
 	 [ServerAdmin : delorder]Training complete in 1.087094 real seconds 

DEBUG [2018-10-19 14:53:54] C:\Users\Tc\Desktop\众瑞\zhongrui\server\libs\utils\log.py 52 debug 11900 9648 
 	 [ServerAdmin : tgbzquery]Training complete in 1.025261 real seconds 

DEBUG [2018-10-19 14:54:12] C:\Users\Tc\Desktop\众瑞\zhongrui\server\libs\utils\log.py 52 debug 11900 3816 
 	 [ServerAdmin : ordersplit]Training complete in 1.035233 real seconds 

DEBUG [2018-10-19 14:54:13] C:\Users\Tc\Desktop\众瑞\zhongrui\server\libs\utils\log.py 52 debug 11900 13784 
 	 [ServerAdmin : tgbzquery]Training complete in 1.142541 real seconds 

DEBUG [2018-10-19 14:54:21] C:\Users\Tc\Desktop\众瑞\zhongrui\server\libs\utils\log.py 52 debug 11900 13888 
 	 [ServerAdmin : matchquery]Training complete in 1.072906 real seconds 

DEBUG [2018-10-19 14:54:21] C:\Users\Tc\Desktop\众瑞\zhongrui\server\libs\utils\log.py 52 debug 11900 13652 
 	 [ServerAdmin : matchquery]Training complete in 1.079889 real seconds 

DEBUG [2018-10-19 14:54:22] C:\Users\Tc\Desktop\众瑞\zhongrui\server\libs\utils\log.py 52 debug 11900 780 
 	 [ServerAdmin : tgbzquery]Training complete in 1.096171 real seconds 

DEBUG [2018-10-19 14:56:35] C:\Users\Tc\Desktop\众瑞\zhongrui\server\libs\utils\log.py 52 debug 11900 7268 
 	 [ServerAdmin : jsbzquery]Training complete in 1.023645 real seconds 

DEBUG [2018-10-19 14:57:16] C:\Users\Tc\Desktop\众瑞\zhongrui\server\libs\utils\log.py 52 debug 11900 11220 
 	 [ServerAdmin : jsbzquery]Training complete in 1.051191 real seconds 

DEBUG [2018-10-19 14:58:58] C:\Users\Tc\Desktop\众瑞\zhongrui\server\libs\utils\log.py 52 debug 11900 4776 
 	 [ServerAdmin : jsbzquery]Training complete in 1.046234 real seconds 

DEBUG [2018-10-19 14:59:18] C:\Users\Tc\Desktop\众瑞\zhongrui\server\libs\utils\log.py 52 debug 11900 3040 
 	 [ServerAdmin : jsbzquery]Training complete in 1.021273 real seconds 

DEBUG [2018-10-19 14:59:32] C:\Users\Tc\Desktop\众瑞\zhongrui\server\libs\utils\log.py 52 debug 11900 7608 
 	 [ServerAdmin : ordersplit]Training complete in 1.089676 real seconds 

DEBUG [2018-10-19 14:59:33] C:\Users\Tc\Desktop\众瑞\zhongrui\server\libs\utils\log.py 52 debug 11900 6416 
 	 [ServerAdmin : jsbzquery]Training complete in 1.053185 real seconds 

DEBUG [2018-10-19 14:59:39] C:\Users\Tc\Desktop\众瑞\zhongrui\server\libs\utils\log.py 52 debug 11900 14260 
 	 [ServerAdmin : tgbzquery]Training complete in 1.062189 real seconds 

